000 (33979315.000.000) 2024-09-23 10:43:27 Job submitted from host: <90.147.169.224:9618?addrs=90.147.169.224-9618&alias=ettore.recas.ba.infn.it&noUDP&sock=schedd_7750_6f11>
...
001 (33979315.000.000) 2024-09-23 10:43:46 Job executing on host: <90.147.169.62:9618?addrs=90.147.169.62-9618&alias=wn-7-6-21.recas.ba.infn.it&noUDP&sock=startd_3193_b5fd>
...
006 (33979315.000.000) 2024-09-23 10:43:54 Image size of job updated: 204780
	55  -  MemoryUsage of job (MB)
	55812  -  ResidentSetSize of job (KB)
...
006 (33979315.000.000) 2024-09-23 10:47:21 Image size of job updated: 697956
	55  -  MemoryUsage of job (MB)
	55812  -  ResidentSetSize of job (KB)
...
005 (33979315.000.000) 2024-09-23 10:47:22 Job terminated.
	(1) Normal termination (return value 0)
		Usr 0 00:01:28, Sys 0 00:00:04  -  Run Remote Usage
		Usr 0 00:00:00, Sys 0 00:00:00  -  Run Local Usage
		Usr 0 00:01:28, Sys 0 00:00:04  -  Total Remote Usage
		Usr 0 00:00:00, Sys 0 00:00:00  -  Total Local Usage
	0  -  Run Bytes Sent By Job
	0  -  Run Bytes Received By Job
	0  -  Total Bytes Sent By Job
	0  -  Total Bytes Received By Job
	Partitionable Resources :    Usage  Request Allocated 
	   Cpus                 :     0.07        1         1 
	   Disk (KB)            :     2           2    419696 
	   Memory (MB)          :    55         500       512 

	Job terminated of its own accord at 2024-09-23T08:47:21Z.
...
