000 (33979325.000.000) 2024-09-23 10:43:46 Job submitted from host: <90.147.169.224:9618?addrs=90.147.169.224-9618&alias=ettore.recas.ba.infn.it&noUDP&sock=schedd_7750_6f11>
...
001 (33979325.000.000) 2024-09-23 10:44:12 Job executing on host: <90.147.168.142:9618?addrs=90.147.168.142-9618&alias=wn-7-9-17-b.recas.ba.infn.it&noUDP&sock=startd_2592_7991>
...
006 (33979325.000.000) 2024-09-23 10:44:21 Image size of job updated: 172088
	96  -  MemoryUsage of job (MB)
	97916  -  ResidentSetSize of job (KB)
...
006 (33979325.000.000) 2024-09-23 10:47:08 Image size of job updated: 698472
	96  -  MemoryUsage of job (MB)
	97916  -  ResidentSetSize of job (KB)
...
005 (33979325.000.000) 2024-09-23 10:47:08 Job terminated.
	(1) Normal termination (return value 0)
		Usr 0 00:01:04, Sys 0 00:00:02  -  Run Remote Usage
		Usr 0 00:00:00, Sys 0 00:00:00  -  Run Local Usage
		Usr 0 00:01:04, Sys 0 00:00:02  -  Total Remote Usage
		Usr 0 00:00:00, Sys 0 00:00:00  -  Total Local Usage
	0  -  Run Bytes Sent By Job
	0  -  Run Bytes Received By Job
	0  -  Total Bytes Sent By Job
	0  -  Total Bytes Received By Job
	Partitionable Resources :    Usage  Request Allocated 
	   Cpus                 :                 1         1 
	   Disk (KB)            :        2        2    857735 
	   Memory (MB)          :       96      500       512 

	Job terminated of its own accord at 2024-09-23T08:47:08Z.
...
