000 (34586188.000.000) 2024-12-14 13:34:05 Job submitted from host: <90.147.169.224:9618?addrs=90.147.169.224-9618&alias=ettore.recas.ba.infn.it&noUDP&sock=schedd_7835_bc9e>
...
001 (34586188.000.000) 2024-12-14 13:34:32 Job executing on host: <90.147.168.160:9618?addrs=90.147.168.160-9618&alias=wn-7-7-6.recas.ba.infn.it&noUDP&sock=startd_3351_15f3>
...
006 (34586188.000.000) 2024-12-14 13:34:41 Image size of job updated: 425736
	21  -  MemoryUsage of job (MB)
	20852  -  ResidentSetSize of job (KB)
...
006 (34586188.000.000) 2024-12-14 13:35:33 Image size of job updated: 873548
	21  -  MemoryUsage of job (MB)
	20912  -  ResidentSetSize of job (KB)
...
005 (34586188.000.000) 2024-12-14 13:35:33 Job terminated.
	(1) Normal termination (return value 0)
		Usr 0 00:00:31, Sys 0 00:00:02  -  Run Remote Usage
		Usr 0 00:00:00, Sys 0 00:00:00  -  Run Local Usage
		Usr 0 00:00:31, Sys 0 00:00:02  -  Total Remote Usage
		Usr 0 00:00:00, Sys 0 00:00:00  -  Total Local Usage
	0  -  Run Bytes Sent By Job
	0  -  Run Bytes Received By Job
	0  -  Total Bytes Sent By Job
	0  -  Total Bytes Received By Job
	Partitionable Resources :    Usage  Request Allocated 
	   Cpus                 :                 1         1 
	   Disk (KB)            :        2        2    419696 
	   Memory (MB)          :       21      500       512 

	Job terminated of its own accord at 2024-12-14T12:35:33Z.
...
