Error in <TTree::SetBranchStatus>: unknown branch -> Muon_isGEM
Error in <TTree::SetBranchStatus>: unknown branch -> Muon_isGEM

 *** Break *** segmentation violation



===========================================================
There was a crash.
This is the entire stack trace of all threads:
===========================================================
#0  0x00002ab6384b560c in waitpid () from /lib64/libc.so.6
#1  0x00002ab638432f62 in do_system () from /lib64/libc.so.6
#2  0x00002ab635db580d in TUnixSystem::StackTrace() () from /cvmfs/cms.cern.ch/slc7_amd64_gcc12/cms/cmssw/CMSSW_14_0_17/external/slc7_amd64_gcc12/bin/../../../../../../../slc7_amd64_gcc12/lcg/root/6.30.03-eeaa8ee64e8127bca194ba397d21d514/lib/libCore.so
#3  0x00002ab635db51c4 in TUnixSystem::DispatchSignals(ESignals) () from /cvmfs/cms.cern.ch/slc7_amd64_gcc12/cms/cmssw/CMSSW_14_0_17/external/slc7_amd64_gcc12/bin/../../../../../../../slc7_amd64_gcc12/lcg/root/6.30.03-eeaa8ee64e8127bca194ba397d21d514/lib/libCore.so
#4  <signal handler called>
#5  0x0000000000434216 in std::vector<double, std::allocator<double> >::size() const ()
#6  0x000000000043480c in std::vector<double, std::allocator<double> >::_M_range_check(unsigned long) const ()
#7  0x0000000000433f31 in std::vector<double, std::allocator<double> >::at(unsigned long) ()
#8  0x000000000041cea6 in myAnalizer::Loop_Tau3mu(TString, TString) ()
#9  0x0000000000432040 in main ()
===========================================================


The lines below might hint at the cause of the crash. If you see question
marks as part of the stack trace, try to recompile with debugging information
enabled and export CLING_DEBUG=1 environment variable before running.
You may get help by asking at the ROOT forum https://root.cern/forum
preferably using the command (.forum bug) in the ROOT prompt.
Only if you are really convinced it is a bug in ROOT then please submit a
report at https://root.cern/bugs or (preferably) using the command (.gh bug) in
the ROOT prompt. Please post the ENTIRE stack trace
from above as an attachment in addition to anything else
that might help us fixing this issue.
===========================================================
#5  0x0000000000434216 in std::vector<double, std::allocator<double> >::size() const ()
#6  0x000000000043480c in std::vector<double, std::allocator<double> >::_M_range_check(unsigned long) const ()
#7  0x0000000000433f31 in std::vector<double, std::allocator<double> >::at(unsigned long) ()
#8  0x000000000041cea6 in myAnalizer::Loop_Tau3mu(TString, TString) ()
#9  0x0000000000432040 in main ()
===========================================================


