000 (34586162.000.000) 2024-12-14 12:15:41 Job submitted from host: <90.147.169.224:9618?addrs=90.147.169.224-9618&alias=ettore.recas.ba.infn.it&noUDP&sock=schedd_7835_bc9e>
...
001 (34586162.000.000) 2024-12-14 12:15:58 Job executing on host: <90.147.168.160:9618?addrs=90.147.168.160-9618&alias=wn-7-7-6.recas.ba.infn.it&noUDP&sock=startd_3351_15f3>
...
006 (34586162.000.000) 2024-12-14 12:16:07 Image size of job updated: 438156
	244  -  MemoryUsage of job (MB)
	249596  -  ResidentSetSize of job (KB)
...
006 (34586162.000.000) 2024-12-14 12:16:30 Image size of job updated: 939556
	244  -  MemoryUsage of job (MB)
	249596  -  ResidentSetSize of job (KB)
...
005 (34586162.000.000) 2024-12-14 12:16:30 Job terminated.
	(1) Normal termination (return value 0)
		Usr 0 00:00:23, Sys 0 00:00:01  -  Run Remote Usage
		Usr 0 00:00:00, Sys 0 00:00:00  -  Run Local Usage
		Usr 0 00:00:23, Sys 0 00:00:01  -  Total Remote Usage
		Usr 0 00:00:00, Sys 0 00:00:00  -  Total Local Usage
	0  -  Run Bytes Sent By Job
	0  -  Run Bytes Received By Job
	0  -  Total Bytes Sent By Job
	0  -  Total Bytes Received By Job
	Partitionable Resources :    Usage  Request Allocated 
	   Cpus                 :                 1         1 
	   Disk (KB)            :        2        2    419696 
	   Memory (MB)          :      244      500       512 

	Job terminated of its own accord at 2024-12-14T11:16:30Z.
...
