000 (34590770.000.000) 2024-12-16 12:49:26 Job submitted from host: <90.147.169.224:9618?addrs=90.147.169.224-9618&alias=ettore.recas.ba.infn.it&noUDP&sock=schedd_7835_bc9e>
...
001 (34590770.000.000) 2024-12-16 12:49:56 Job executing on host: <90.147.169.134:9618?addrs=90.147.169.134-9618&alias=wn-8-8-12.recas.ba.infn.it&noUDP&sock=startd_3172_4e7f>
...
006 (34590770.000.000) 2024-12-16 12:50:05 Image size of job updated: 429916
	19  -  MemoryUsage of job (MB)
	18932  -  ResidentSetSize of job (KB)
...
006 (34590770.000.000) 2024-12-16 12:51:39 Image size of job updated: 939464
	19  -  MemoryUsage of job (MB)
	18932  -  ResidentSetSize of job (KB)
...
005 (34590770.000.000) 2024-12-16 12:51:39 Job terminated.
	(1) Normal termination (return value 0)
		Usr 0 00:00:35, Sys 0 00:00:03  -  Run Remote Usage
		Usr 0 00:00:00, Sys 0 00:00:00  -  Run Local Usage
		Usr 0 00:00:35, Sys 0 00:00:03  -  Total Remote Usage
		Usr 0 00:00:00, Sys 0 00:00:00  -  Total Local Usage
	0  -  Run Bytes Sent By Job
	0  -  Run Bytes Received By Job
	0  -  Total Bytes Sent By Job
	0  -  Total Bytes Received By Job
	Partitionable Resources :    Usage  Request Allocated 
	   Cpus                 :                 1         1 
	   Disk (KB)            :        2        2    419696 
	   Memory (MB)          :       19      500       512 

	Job terminated of its own accord at 2024-12-16T11:51:39Z.
...
