000 (34591474.000.000) 2024-12-16 15:17:57 Job submitted from host: <90.147.169.224:9618?addrs=90.147.169.224-9618&alias=ettore.recas.ba.infn.it&noUDP&sock=schedd_7835_bc9e>
...
001 (34591474.000.000) 2024-12-16 15:18:11 Job executing on host: <90.147.168.131:9618?addrs=90.147.168.131-9618&alias=wn-8-7-9.recas.ba.infn.it&noUDP&sock=startd_3198_23f6>
...
006 (34591474.000.000) 2024-12-16 15:18:20 Image size of job updated: 299560
	1  -  MemoryUsage of job (MB)
	900  -  ResidentSetSize of job (KB)
...
006 (34591474.000.000) 2024-12-16 15:19:45 Image size of job updated: 903892
	1  -  MemoryUsage of job (MB)
	900  -  ResidentSetSize of job (KB)
...
005 (34591474.000.000) 2024-12-16 15:19:45 Job terminated.
	(1) Normal termination (return value 0)
		Usr 0 00:00:31, Sys 0 00:00:02  -  Run Remote Usage
		Usr 0 00:00:00, Sys 0 00:00:00  -  Run Local Usage
		Usr 0 00:00:31, Sys 0 00:00:02  -  Total Remote Usage
		Usr 0 00:00:00, Sys 0 00:00:00  -  Total Local Usage
	0  -  Run Bytes Sent By Job
	0  -  Run Bytes Received By Job
	0  -  Total Bytes Sent By Job
	0  -  Total Bytes Received By Job
	Partitionable Resources :    Usage  Request Allocated 
	   Cpus                 :                 1         1 
	   Disk (KB)            :        2        2    419696 
	   Memory (MB)          :        1      500       512 

	Job terminated of its own accord at 2024-12-16T14:19:45Z.
...
