000 (34586189.000.000) 2024-12-14 13:43:05 Job submitted from host: <90.147.169.224:9618?addrs=90.147.169.224-9618&alias=ettore.recas.ba.infn.it&noUDP&sock=schedd_7835_bc9e>
...
001 (34586189.000.000) 2024-12-14 13:43:33 Job executing on host: <90.147.168.160:9618?addrs=90.147.168.160-9618&alias=wn-7-7-6.recas.ba.infn.it&noUDP&sock=startd_3351_15f3>
...
006 (34586189.000.000) 2024-12-14 13:43:42 Image size of job updated: 213056
	35  -  MemoryUsage of job (MB)
	35504  -  ResidentSetSize of job (KB)
...
006 (34586189.000.000) 2024-12-14 13:44:18 Image size of job updated: 927552
	35  -  MemoryUsage of job (MB)
	35504  -  ResidentSetSize of job (KB)
...
005 (34586189.000.000) 2024-12-14 13:44:18 Job terminated.
	(1) Normal termination (return value 0)
		Usr 0 00:00:33, Sys 0 00:00:02  -  Run Remote Usage
		Usr 0 00:00:00, Sys 0 00:00:00  -  Run Local Usage
		Usr 0 00:00:33, Sys 0 00:00:02  -  Total Remote Usage
		Usr 0 00:00:00, Sys 0 00:00:00  -  Total Local Usage
	0  -  Run Bytes Sent By Job
	0  -  Run Bytes Received By Job
	0  -  Total Bytes Sent By Job
	0  -  Total Bytes Received By Job
	Partitionable Resources :    Usage  Request Allocated 
	   Cpus                 :                 1         1 
	   Disk (KB)            :        2        2    419696 
	   Memory (MB)          :       35      500       512 

	Job terminated of its own accord at 2024-12-14T12:44:18Z.
...
