000 (34586168.000.000) 2024-12-14 12:24:56 Job submitted from host: <90.147.169.224:9618?addrs=90.147.169.224-9618&alias=ettore.recas.ba.infn.it&noUDP&sock=schedd_7835_bc9e>
...
001 (34586168.000.000) 2024-12-14 12:25:00 Job executing on host: <90.147.168.160:9618?addrs=90.147.168.160-9618&alias=wn-7-7-6.recas.ba.infn.it&noUDP&sock=startd_3351_15f3>
...
006 (34586168.000.000) 2024-12-14 12:25:09 Image size of job updated: 441940
	231  -  MemoryUsage of job (MB)
	236228  -  ResidentSetSize of job (KB)
...
006 (34586168.000.000) 2024-12-14 12:25:30 Image size of job updated: 873516
	231  -  MemoryUsage of job (MB)
	236524  -  ResidentSetSize of job (KB)
...
005 (34586168.000.000) 2024-12-14 12:25:30 Job terminated.
	(1) Normal termination (return value 0)
		Usr 0 00:00:24, Sys 0 00:00:01  -  Run Remote Usage
		Usr 0 00:00:00, Sys 0 00:00:00  -  Run Local Usage
		Usr 0 00:00:24, Sys 0 00:00:01  -  Total Remote Usage
		Usr 0 00:00:00, Sys 0 00:00:00  -  Total Local Usage
	0  -  Run Bytes Sent By Job
	0  -  Run Bytes Received By Job
	0  -  Total Bytes Sent By Job
	0  -  Total Bytes Received By Job
	Partitionable Resources :    Usage  Request Allocated 
	   Cpus                 :                 1         1 
	   Disk (KB)            :        2        2    419696 
	   Memory (MB)          :      231      500       512 

	Job terminated of its own accord at 2024-12-14T11:25:30Z.
...
