000 (34586165.000.000) 2024-12-14 12:20:30 Job submitted from host: <90.147.169.224:9618?addrs=90.147.169.224-9618&alias=ettore.recas.ba.infn.it&noUDP&sock=schedd_7835_bc9e>
...
001 (34586165.000.000) 2024-12-14 12:20:54 Job executing on host: <90.147.168.160:9618?addrs=90.147.168.160-9618&alias=wn-7-7-6.recas.ba.infn.it&noUDP&sock=startd_3351_15f3>
...
006 (34586165.000.000) 2024-12-14 12:21:02 Image size of job updated: 430172
	88  -  MemoryUsage of job (MB)
	89432  -  ResidentSetSize of job (KB)
...
006 (34586165.000.000) 2024-12-14 12:21:27 Image size of job updated: 864476
	88  -  MemoryUsage of job (MB)
	89436  -  ResidentSetSize of job (KB)
...
005 (34586165.000.000) 2024-12-14 12:21:27 Job terminated.
	(1) Normal termination (return value 0)
		Usr 0 00:00:26, Sys 0 00:00:01  -  Run Remote Usage
		Usr 0 00:00:00, Sys 0 00:00:00  -  Run Local Usage
		Usr 0 00:00:26, Sys 0 00:00:01  -  Total Remote Usage
		Usr 0 00:00:00, Sys 0 00:00:00  -  Total Local Usage
	0  -  Run Bytes Sent By Job
	0  -  Run Bytes Received By Job
	0  -  Total Bytes Sent By Job
	0  -  Total Bytes Received By Job
	Partitionable Resources :    Usage  Request Allocated 
	   Cpus                 :                 1         1 
	   Disk (KB)            :        2        2    419696 
	   Memory (MB)          :       88      500       512 

	Job terminated of its own accord at 2024-12-14T11:21:27Z.
...
