000 (34586027.000.000) 2024-12-14 10:06:41 Job submitted from host: <90.147.169.224:9618?addrs=90.147.169.224-9618&alias=ettore.recas.ba.infn.it&noUDP&sock=schedd_7835_bc9e>
...
001 (34586027.000.000) 2024-12-14 10:06:46 Job executing on host: <90.147.168.160:9618?addrs=90.147.168.160-9618&alias=wn-7-7-6.recas.ba.infn.it&noUDP&sock=startd_3351_15f3>
...
006 (34586027.000.000) 2024-12-14 10:06:55 Image size of job updated: 441684
	21  -  MemoryUsage of job (MB)
	20964  -  ResidentSetSize of job (KB)
...
006 (34586027.000.000) 2024-12-14 10:08:04 Image size of job updated: 936896
	21  -  MemoryUsage of job (MB)
	20964  -  ResidentSetSize of job (KB)
...
005 (34586027.000.000) 2024-12-14 10:08:05 Job terminated.
	(1) Normal termination (return value 0)
		Usr 0 00:00:27, Sys 0 00:00:02  -  Run Remote Usage
		Usr 0 00:00:00, Sys 0 00:00:00  -  Run Local Usage
		Usr 0 00:00:27, Sys 0 00:00:02  -  Total Remote Usage
		Usr 0 00:00:00, Sys 0 00:00:00  -  Total Local Usage
	0  -  Run Bytes Sent By Job
	0  -  Run Bytes Received By Job
	0  -  Total Bytes Sent By Job
	0  -  Total Bytes Received By Job
	Partitionable Resources :    Usage  Request Allocated 
	   Cpus                 :     0.39        1         1 
	   Disk (KB)            :     2           2    419696 
	   Memory (MB)          :    21         500       512 

	Job terminated of its own accord at 2024-12-14T09:08:04Z.
...
