000 (34590837.000.000) 2024-12-16 14:28:33 Job submitted from host: <90.147.169.224:9618?addrs=90.147.169.224-9618&alias=ettore.recas.ba.infn.it&noUDP&sock=schedd_7835_bc9e>
...
001 (34590837.000.000) 2024-12-16 14:28:45 Job executing on host: <90.147.169.134:9618?addrs=90.147.169.134-9618&alias=wn-8-8-12.recas.ba.infn.it&noUDP&sock=startd_3172_4e7f>
...
006 (34590837.000.000) 2024-12-16 14:28:54 Image size of job updated: 430172
	67  -  MemoryUsage of job (MB)
	68324  -  ResidentSetSize of job (KB)
...
006 (34590837.000.000) 2024-12-16 14:30:07 Image size of job updated: 933992
	67  -  MemoryUsage of job (MB)
	68524  -  ResidentSetSize of job (KB)
...
005 (34590837.000.000) 2024-12-16 14:30:07 Job terminated.
	(1) Normal termination (return value 0)
		Usr 0 00:00:34, Sys 0 00:00:02  -  Run Remote Usage
		Usr 0 00:00:00, Sys 0 00:00:00  -  Run Local Usage
		Usr 0 00:00:34, Sys 0 00:00:02  -  Total Remote Usage
		Usr 0 00:00:00, Sys 0 00:00:00  -  Total Local Usage
	0  -  Run Bytes Sent By Job
	0  -  Run Bytes Received By Job
	0  -  Total Bytes Sent By Job
	0  -  Total Bytes Received By Job
	Partitionable Resources :    Usage  Request Allocated 
	   Cpus                 :                 1         1 
	   Disk (KB)            :        2        2    419696 
	   Memory (MB)          :       67      500       512 

	Job terminated of its own accord at 2024-12-16T13:30:07Z.
...
