000 (33979289.000.000) 2024-09-23 10:42:42 Job submitted from host: <90.147.169.224:9618?addrs=90.147.169.224-9618&alias=ettore.recas.ba.infn.it&noUDP&sock=schedd_7750_6f11>
...
001 (33979289.000.000) 2024-09-23 10:42:54 Job executing on host: <90.147.168.120:9618?addrs=90.147.168.120-9618&alias=wn-7-9-11.recas.ba.infn.it&noUDP&sock=startd_3228_b7cd>
...
006 (33979289.000.000) 2024-09-23 10:43:03 Image size of job updated: 235820
	28  -  MemoryUsage of job (MB)
	28004  -  ResidentSetSize of job (KB)
...
006 (33979289.000.000) 2024-09-23 10:46:47 Image size of job updated: 696840
	32  -  MemoryUsage of job (MB)
	32500  -  ResidentSetSize of job (KB)
...
005 (33979289.000.000) 2024-09-23 10:46:47 Job terminated.
	(1) Normal termination (return value 0)
		Usr 0 00:01:38, Sys 0 00:00:04  -  Run Remote Usage
		Usr 0 00:00:00, Sys 0 00:00:00  -  Run Local Usage
		Usr 0 00:01:38, Sys 0 00:00:04  -  Total Remote Usage
		Usr 0 00:00:00, Sys 0 00:00:00  -  Total Local Usage
	0  -  Run Bytes Sent By Job
	0  -  Run Bytes Received By Job
	0  -  Total Bytes Sent By Job
	0  -  Total Bytes Received By Job
	Partitionable Resources :    Usage  Request Allocated 
	   Cpus                 :     0.55        1         1 
	   Disk (KB)            :     2           2    419696 
	   Memory (MB)          :    32         500       512 

	Job terminated of its own accord at 2024-09-23T08:46:47Z.
...
