000 (33979291.000.000) 2024-09-23 10:42:42 Job submitted from host: <90.147.169.224:9618?addrs=90.147.169.224-9618&alias=ettore.recas.ba.infn.it&noUDP&sock=schedd_7750_6f11>
...
001 (33979291.000.000) 2024-09-23 10:42:55 Job executing on host: <90.147.169.148:9618?addrs=90.147.169.148-9618&alias=wn-8-6-22.recas.ba.infn.it&noUDP&sock=startd_3122_02c3>
...
006 (33979291.000.000) 2024-09-23 10:43:04 Image size of job updated: 230604
	6  -  MemoryUsage of job (MB)
	5552  -  ResidentSetSize of job (KB)
...
006 (33979291.000.000) 2024-09-23 10:44:25 Image size of job updated: 696640
	6  -  MemoryUsage of job (MB)
	5552  -  ResidentSetSize of job (KB)
...
005 (33979291.000.000) 2024-09-23 10:44:25 Job terminated.
	(1) Normal termination (return value 0)
		Usr 0 00:00:39, Sys 0 00:00:02  -  Run Remote Usage
		Usr 0 00:00:00, Sys 0 00:00:00  -  Run Local Usage
		Usr 0 00:00:39, Sys 0 00:00:02  -  Total Remote Usage
		Usr 0 00:00:00, Sys 0 00:00:00  -  Total Local Usage
	0  -  Run Bytes Sent By Job
	0  -  Run Bytes Received By Job
	0  -  Total Bytes Sent By Job
	0  -  Total Bytes Received By Job
	Partitionable Resources :    Usage  Request Allocated 
	   Cpus                 :                 1         1 
	   Disk (KB)            :        2        2    419696 
	   Memory (MB)          :        6      500       512 

	Job terminated of its own accord at 2024-09-23T08:44:25Z.
...
