000 (33979342.000.000) 2024-09-23 10:43:58 Job submitted from host: <90.147.169.224:9618?addrs=90.147.169.224-9618&alias=ettore.recas.ba.infn.it&noUDP&sock=schedd_7750_6f11>
...
001 (33979342.000.000) 2024-09-23 10:44:13 Job executing on host: <90.147.168.129:9618?addrs=90.147.168.129-9618&alias=wn-8-7-29.recas.ba.infn.it&noUDP&sock=startd_3068_f8a6>
...
006 (33979342.000.000) 2024-09-23 10:44:22 Image size of job updated: 97956
	96  -  MemoryUsage of job (MB)
	97860  -  ResidentSetSize of job (KB)
...
006 (33979342.000.000) 2024-09-23 10:44:38 Image size of job updated: 698416
	96  -  MemoryUsage of job (MB)
	97860  -  ResidentSetSize of job (KB)
...
005 (33979342.000.000) 2024-09-23 10:44:39 Job terminated.
	(1) Normal termination (return value 0)
		Usr 0 00:00:11, Sys 0 00:00:01  -  Run Remote Usage
		Usr 0 00:00:00, Sys 0 00:00:00  -  Run Local Usage
		Usr 0 00:00:11, Sys 0 00:00:01  -  Total Remote Usage
		Usr 0 00:00:00, Sys 0 00:00:00  -  Total Local Usage
	0  -  Run Bytes Sent By Job
	0  -  Run Bytes Received By Job
	0  -  Total Bytes Sent By Job
	0  -  Total Bytes Received By Job
	Partitionable Resources :    Usage  Request Allocated 
	   Cpus                 :                 1         1 
	   Disk (KB)            :        2        2    419696 
	   Memory (MB)          :       96      500       512 

	Job terminated of its own accord at 2024-09-23T08:44:38Z.
...
