000 (33979341.000.000) 2024-09-23 10:43:58 Job submitted from host: <90.147.169.224:9618?addrs=90.147.169.224-9618&alias=ettore.recas.ba.infn.it&noUDP&sock=schedd_7750_6f11>
...
001 (33979341.000.000) 2024-09-23 10:44:13 Job executing on host: <90.147.168.129:9618?addrs=90.147.168.129-9618&alias=wn-8-7-29.recas.ba.infn.it&noUDP&sock=startd_3068_f8a6>
...
006 (33979341.000.000) 2024-09-23 10:44:22 Image size of job updated: 98064
	96  -  MemoryUsage of job (MB)
	97936  -  ResidentSetSize of job (KB)
...
006 (33979341.000.000) 2024-09-23 10:48:19 Image size of job updated: 697032
	96  -  MemoryUsage of job (MB)
	97936  -  ResidentSetSize of job (KB)
...
005 (33979341.000.000) 2024-09-23 10:48:19 Job terminated.
	(1) Normal termination (return value 0)
		Usr 0 00:01:33, Sys 0 00:00:03  -  Run Remote Usage
		Usr 0 00:00:00, Sys 0 00:00:00  -  Run Local Usage
		Usr 0 00:01:33, Sys 0 00:00:03  -  Total Remote Usage
		Usr 0 00:00:00, Sys 0 00:00:00  -  Total Local Usage
	0  -  Run Bytes Sent By Job
	0  -  Run Bytes Received By Job
	0  -  Total Bytes Sent By Job
	0  -  Total Bytes Received By Job
	Partitionable Resources :    Usage  Request Allocated 
	   Cpus                 :     0.42        1         1 
	   Disk (KB)            :     2           2    419696 
	   Memory (MB)          :    96         500       512 

	Job terminated of its own accord at 2024-09-23T08:48:19Z.
...
