000 (33979252.000.000) 2024-09-23 10:41:56 Job submitted from host: <90.147.169.224:9618?addrs=90.147.169.224-9618&alias=ettore.recas.ba.infn.it&noUDP&sock=schedd_7750_6f11>
...
001 (33979252.000.000) 2024-09-23 10:42:03 Job executing on host: <90.147.169.214:9618?addrs=90.147.169.214-9618&alias=wn-8-8-15-a.recas.ba.infn.it&noUDP&sock=startd_2999_a49d>
...
006 (33979252.000.000) 2024-09-23 10:42:11 Image size of job updated: 234468
	13  -  MemoryUsage of job (MB)
	12752  -  ResidentSetSize of job (KB)
...
006 (33979252.000.000) 2024-09-23 10:43:26 Image size of job updated: 697912
	14  -  MemoryUsage of job (MB)
	13540  -  ResidentSetSize of job (KB)
...
005 (33979252.000.000) 2024-09-23 10:43:26 Job terminated.
	(1) Normal termination (return value 0)
		Usr 0 00:00:28, Sys 0 00:00:02  -  Run Remote Usage
		Usr 0 00:00:00, Sys 0 00:00:00  -  Run Local Usage
		Usr 0 00:00:28, Sys 0 00:00:02  -  Total Remote Usage
		Usr 0 00:00:00, Sys 0 00:00:00  -  Total Local Usage
	0  -  Run Bytes Sent By Job
	0  -  Run Bytes Received By Job
	0  -  Total Bytes Sent By Job
	0  -  Total Bytes Received By Job
	Partitionable Resources :    Usage  Request Allocated 
	   Cpus                 :                 1         1 
	   Disk (KB)            :        2        2    857735 
	   Memory (MB)          :       14      500       512 

	Job terminated of its own accord at 2024-09-23T08:43:26Z.
...
