000 (33979294.000.000) 2024-09-23 10:42:46 Job submitted from host: <90.147.169.224:9618?addrs=90.147.169.224-9618&alias=ettore.recas.ba.infn.it&noUDP&sock=schedd_7750_6f11>
...
001 (33979294.000.000) 2024-09-23 10:42:55 Job executing on host: <90.147.168.189:9618?addrs=90.147.168.189-9618&alias=wn-8-8-4.recas.ba.infn.it&noUDP&sock=startd_3357_3385>
...
006 (33979294.000.000) 2024-09-23 10:43:04 Image size of job updated: 57124
	11  -  MemoryUsage of job (MB)
	10548  -  ResidentSetSize of job (KB)
...
006 (33979294.000.000) 2024-09-23 10:44:38 Image size of job updated: 696932
	11  -  MemoryUsage of job (MB)
	10548  -  ResidentSetSize of job (KB)
...
005 (33979294.000.000) 2024-09-23 10:44:38 Job terminated.
	(1) Normal termination (return value 0)
		Usr 0 00:00:36, Sys 0 00:00:02  -  Run Remote Usage
		Usr 0 00:00:00, Sys 0 00:00:00  -  Run Local Usage
		Usr 0 00:00:36, Sys 0 00:00:02  -  Total Remote Usage
		Usr 0 00:00:00, Sys 0 00:00:00  -  Total Local Usage
	0  -  Run Bytes Sent By Job
	0  -  Run Bytes Received By Job
	0  -  Total Bytes Sent By Job
	0  -  Total Bytes Received By Job
	Partitionable Resources :    Usage  Request Allocated 
	   Cpus                 :                 1         1 
	   Disk (KB)            :        2        2    419696 
	   Memory (MB)          :       11      500       512 

	Job terminated of its own accord at 2024-09-23T08:44:38Z.
...
