000 (33979285.000.000) 2024-09-23 10:42:34 Job submitted from host: <90.147.169.224:9618?addrs=90.147.169.224-9618&alias=ettore.recas.ba.infn.it&noUDP&sock=schedd_7750_6f11>
...
001 (33979285.000.000) 2024-09-23 10:42:54 Job executing on host: <90.147.169.17:9618?addrs=90.147.169.17-9618&alias=wn-8-7-4.recas.ba.infn.it&noUDP&sock=startd_3068_f8a6>
...
006 (33979285.000.000) 2024-09-23 10:43:02 Image size of job updated: 45048
	13  -  MemoryUsage of job (MB)
	13036  -  ResidentSetSize of job (KB)
...
006 (33979285.000.000) 2024-09-23 10:44:30 Image size of job updated: 697504
	26  -  MemoryUsage of job (MB)
	26004  -  ResidentSetSize of job (KB)
...
005 (33979285.000.000) 2024-09-23 10:44:30 Job terminated.
	(1) Normal termination (return value 0)
		Usr 0 00:00:42, Sys 0 00:00:02  -  Run Remote Usage
		Usr 0 00:00:00, Sys 0 00:00:00  -  Run Local Usage
		Usr 0 00:00:42, Sys 0 00:00:02  -  Total Remote Usage
		Usr 0 00:00:00, Sys 0 00:00:00  -  Total Local Usage
	0  -  Run Bytes Sent By Job
	0  -  Run Bytes Received By Job
	0  -  Total Bytes Sent By Job
	0  -  Total Bytes Received By Job
	Partitionable Resources :    Usage  Request Allocated 
	   Cpus                 :                 1         1 
	   Disk (KB)            :        2        2    419696 
	   Memory (MB)          :       26      500       512 

	Job terminated of its own accord at 2024-09-23T08:44:30Z.
...
