000 (33979284.000.000) 2024-09-23 10:42:34 Job submitted from host: <90.147.169.224:9618?addrs=90.147.169.224-9618&alias=ettore.recas.ba.infn.it&noUDP&sock=schedd_7750_6f11>
...
001 (33979284.000.000) 2024-09-23 10:42:54 Job executing on host: <90.147.168.128:9618?addrs=90.147.168.128-9618&alias=wn-7-9-15-a.recas.ba.infn.it&noUDP&sock=startd_2684_9448>
...
006 (33979284.000.000) 2024-09-23 10:43:02 Image size of job updated: 188464
	96  -  MemoryUsage of job (MB)
	97940  -  ResidentSetSize of job (KB)
...
006 (33979284.000.000) 2024-09-23 10:45:59 Image size of job updated: 696944
	96  -  MemoryUsage of job (MB)
	97940  -  ResidentSetSize of job (KB)
...
005 (33979284.000.000) 2024-09-23 10:45:59 Job terminated.
	(1) Normal termination (return value 0)
		Usr 0 00:01:03, Sys 0 00:00:03  -  Run Remote Usage
		Usr 0 00:00:00, Sys 0 00:00:00  -  Run Local Usage
		Usr 0 00:01:03, Sys 0 00:00:03  -  Total Remote Usage
		Usr 0 00:00:00, Sys 0 00:00:00  -  Total Local Usage
	0  -  Run Bytes Sent By Job
	0  -  Run Bytes Received By Job
	0  -  Total Bytes Sent By Job
	0  -  Total Bytes Received By Job
	Partitionable Resources :    Usage  Request Allocated 
	   Cpus                 :                 1         1 
	   Disk (KB)            :        2        2    857735 
	   Memory (MB)          :       96      500       512 

	Job terminated of its own accord at 2024-09-23T08:45:59Z.
...
