000 (33979296.000.000) 2024-09-23 10:42:49 Job submitted from host: <90.147.169.224:9618?addrs=90.147.169.224-9618&alias=ettore.recas.ba.infn.it&noUDP&sock=schedd_7750_6f11>
...
001 (33979296.000.000) 2024-09-23 10:42:55 Job executing on host: <90.147.169.146:9618?addrs=90.147.169.146-9618&alias=wn-7-7-4.recas.ba.infn.it&noUDP&sock=startd_3283_7183>
...
006 (33979296.000.000) 2024-09-23 10:43:04 Image size of job updated: 229656
	55  -  MemoryUsage of job (MB)
	55864  -  ResidentSetSize of job (KB)
...
006 (33979296.000.000) 2024-09-23 10:45:32 Image size of job updated: 696988
	55  -  MemoryUsage of job (MB)
	55868  -  ResidentSetSize of job (KB)
...
005 (33979296.000.000) 2024-09-23 10:45:32 Job terminated.
	(1) Normal termination (return value 0)
		Usr 0 00:01:06, Sys 0 00:00:03  -  Run Remote Usage
		Usr 0 00:00:00, Sys 0 00:00:00  -  Run Local Usage
		Usr 0 00:01:06, Sys 0 00:00:03  -  Total Remote Usage
		Usr 0 00:00:00, Sys 0 00:00:00  -  Total Local Usage
	0  -  Run Bytes Sent By Job
	0  -  Run Bytes Received By Job
	0  -  Total Bytes Sent By Job
	0  -  Total Bytes Received By Job
	Partitionable Resources :    Usage  Request Allocated 
	   Cpus                 :                 1         1 
	   Disk (KB)            :        2        2    419696 
	   Memory (MB)          :       55      500       512 

	Job terminated of its own accord at 2024-09-23T08:45:32Z.
...
