000 (33979334.000.000) 2024-09-23 10:43:51 Job submitted from host: <90.147.169.224:9618?addrs=90.147.169.224-9618&alias=ettore.recas.ba.infn.it&noUDP&sock=schedd_7750_6f11>
...
001 (33979334.000.000) 2024-09-23 10:44:13 Job executing on host: <90.147.169.114:9618?addrs=90.147.169.114-9618&alias=wn-7-7-8.recas.ba.infn.it&noUDP&sock=startd_3088_b08b>
...
006 (33979334.000.000) 2024-09-23 10:44:22 Image size of job updated: 97964
	96  -  MemoryUsage of job (MB)
	97868  -  ResidentSetSize of job (KB)
...
006 (33979334.000.000) 2024-09-23 10:44:39 Image size of job updated: 696280
	96  -  MemoryUsage of job (MB)
	97868  -  ResidentSetSize of job (KB)
...
005 (33979334.000.000) 2024-09-23 10:44:40 Job terminated.
	(1) Normal termination (return value 0)
		Usr 0 00:00:12, Sys 0 00:00:01  -  Run Remote Usage
		Usr 0 00:00:00, Sys 0 00:00:00  -  Run Local Usage
		Usr 0 00:00:12, Sys 0 00:00:01  -  Total Remote Usage
		Usr 0 00:00:00, Sys 0 00:00:00  -  Total Local Usage
	0  -  Run Bytes Sent By Job
	0  -  Run Bytes Received By Job
	0  -  Total Bytes Sent By Job
	0  -  Total Bytes Received By Job
	Partitionable Resources :    Usage  Request Allocated 
	   Cpus                 :                 1         1 
	   Disk (KB)            :        2        2    419696 
	   Memory (MB)          :       96      500       512 

	Job terminated of its own accord at 2024-09-23T08:44:39Z.
...
