000 (33979304.000.000) 2024-09-23 10:43:04 Job submitted from host: <90.147.169.224:9618?addrs=90.147.169.224-9618&alias=ettore.recas.ba.infn.it&noUDP&sock=schedd_7750_6f11>
...
001 (33979304.000.000) 2024-09-23 10:43:19 Job executing on host: <90.147.168.141:9618?addrs=90.147.168.141-9618&alias=wn-7-6-25.recas.ba.infn.it&noUDP&sock=startd_3149_87d2>
...
006 (33979304.000.000) 2024-09-23 10:43:28 Image size of job updated: 223648
	11  -  MemoryUsage of job (MB)
	10772  -  ResidentSetSize of job (KB)
...
006 (33979304.000.000) 2024-09-23 10:46:17 Image size of job updated: 697452
	11  -  MemoryUsage of job (MB)
	10772  -  ResidentSetSize of job (KB)
...
005 (33979304.000.000) 2024-09-23 10:46:17 Job terminated.
	(1) Normal termination (return value 0)
		Usr 0 00:01:09, Sys 0 00:00:03  -  Run Remote Usage
		Usr 0 00:00:00, Sys 0 00:00:00  -  Run Local Usage
		Usr 0 00:01:09, Sys 0 00:00:03  -  Total Remote Usage
		Usr 0 00:00:00, Sys 0 00:00:00  -  Total Local Usage
	0  -  Run Bytes Sent By Job
	0  -  Run Bytes Received By Job
	0  -  Total Bytes Sent By Job
	0  -  Total Bytes Received By Job
	Partitionable Resources :    Usage  Request Allocated 
	   Cpus                 :     0.48        1         1 
	   Disk (KB)            :     2           2    419696 
	   Memory (MB)          :    11         500       512 

	Job terminated of its own accord at 2024-09-23T08:46:17Z.
...
