000 (33979363.000.000) 2024-09-23 10:44:16 Job submitted from host: <90.147.169.224:9618?addrs=90.147.169.224-9618&alias=ettore.recas.ba.infn.it&noUDP&sock=schedd_7750_6f11>
...
001 (33979363.000.000) 2024-09-23 10:44:38 Job executing on host: <90.147.169.17:9618?addrs=90.147.169.17-9618&alias=wn-8-7-4.recas.ba.infn.it&noUDP&sock=startd_3068_f8a6>
...
006 (33979363.000.000) 2024-09-23 10:44:47 Image size of job updated: 42676
	12  -  MemoryUsage of job (MB)
	11964  -  ResidentSetSize of job (KB)
...
006 (33979363.000.000) 2024-09-23 10:48:27 Image size of job updated: 697172
	12  -  MemoryUsage of job (MB)
	11964  -  ResidentSetSize of job (KB)
...
005 (33979363.000.000) 2024-09-23 10:48:27 Job terminated.
	(1) Normal termination (return value 0)
		Usr 0 00:01:48, Sys 0 00:00:04  -  Run Remote Usage
		Usr 0 00:00:00, Sys 0 00:00:00  -  Run Local Usage
		Usr 0 00:01:48, Sys 0 00:00:04  -  Total Remote Usage
		Usr 0 00:00:00, Sys 0 00:00:00  -  Total Local Usage
	0  -  Run Bytes Sent By Job
	0  -  Run Bytes Received By Job
	0  -  Total Bytes Sent By Job
	0  -  Total Bytes Received By Job
	Partitionable Resources :    Usage  Request Allocated 
	   Cpus                 :     0.12        1         1 
	   Disk (KB)            :     2           2    419696 
	   Memory (MB)          :    12         500       512 

	Job terminated of its own accord at 2024-09-23T08:48:27Z.
...
