000 (33979369.000.000) 2024-09-23 10:44:21 Job submitted from host: <90.147.169.224:9618?addrs=90.147.169.224-9618&alias=ettore.recas.ba.infn.it&noUDP&sock=schedd_7750_6f11>
...
001 (33979369.000.000) 2024-09-23 10:44:38 Job executing on host: <90.147.169.148:9618?addrs=90.147.169.148-9618&alias=wn-8-6-22.recas.ba.infn.it&noUDP&sock=startd_3122_02c3>
...
006 (33979369.000.000) 2024-09-23 10:44:47 Image size of job updated: 219612
	29  -  MemoryUsage of job (MB)
	29188  -  ResidentSetSize of job (KB)
...
006 (33979369.000.000) 2024-09-23 10:48:17 Image size of job updated: 696988
	29  -  MemoryUsage of job (MB)
	29204  -  ResidentSetSize of job (KB)
...
005 (33979369.000.000) 2024-09-23 10:48:17 Job terminated.
	(1) Normal termination (return value 0)
		Usr 0 00:01:40, Sys 0 00:00:04  -  Run Remote Usage
		Usr 0 00:00:00, Sys 0 00:00:00  -  Run Local Usage
		Usr 0 00:01:40, Sys 0 00:00:04  -  Total Remote Usage
		Usr 0 00:00:00, Sys 0 00:00:00  -  Total Local Usage
	0  -  Run Bytes Sent By Job
	0  -  Run Bytes Received By Job
	0  -  Total Bytes Sent By Job
	0  -  Total Bytes Received By Job
	Partitionable Resources :    Usage  Request Allocated 
	   Cpus                 :     0.11        1         1 
	   Disk (KB)            :     2           2    419696 
	   Memory (MB)          :    29         500       512 

	Job terminated of its own accord at 2024-09-23T08:48:17Z.
...
