000 (33979373.000.000) 2024-09-23 10:44:22 Job submitted from host: <90.147.169.224:9618?addrs=90.147.169.224-9618&alias=ettore.recas.ba.infn.it&noUDP&sock=schedd_7750_6f11>
...
001 (33979373.000.000) 2024-09-23 10:44:39 Job executing on host: <90.147.168.34:9618?addrs=90.147.168.34-9618&alias=wn-infn-3-4-05.recas.ba.infn.it&noUDP&sock=startd_2605_644d>
...
006 (33979373.000.000) 2024-09-23 10:44:48 Image size of job updated: 150056
	126  -  MemoryUsage of job (MB)
	128796  -  ResidentSetSize of job (KB)
...
006 (33979373.000.000) 2024-09-23 10:49:21 Image size of job updated: 696104
	126  -  MemoryUsage of job (MB)
	128856  -  ResidentSetSize of job (KB)
...
005 (33979373.000.000) 2024-09-23 10:49:21 Job terminated.
	(1) Normal termination (return value 0)
		Usr 0 00:02:38, Sys 0 00:00:08  -  Run Remote Usage
		Usr 0 00:00:00, Sys 0 00:00:00  -  Run Local Usage
		Usr 0 00:02:38, Sys 0 00:00:08  -  Total Remote Usage
		Usr 0 00:00:00, Sys 0 00:00:00  -  Total Local Usage
	0  -  Run Bytes Sent By Job
	0  -  Run Bytes Received By Job
	0  -  Total Bytes Sent By Job
	0  -  Total Bytes Received By Job
	Partitionable Resources :    Usage  Request Allocated 
	   Cpus                 :     0.54        1         1 
	   Disk (KB)            :     2           2   1813655 
	   Memory (MB)          :   126         500       512 

	Job terminated of its own accord at 2024-09-23T08:49:21Z.
...
