000 (33979370.000.000) 2024-09-23 10:44:21 Job submitted from host: <90.147.169.224:9618?addrs=90.147.169.224-9618&alias=ettore.recas.ba.infn.it&noUDP&sock=schedd_7750_6f11>
...
001 (33979370.000.000) 2024-09-23 10:44:39 Job executing on host: <90.147.169.59:9618?addrs=90.147.169.59-9618&alias=wn-7-7-10.recas.ba.infn.it&noUDP&sock=startd_3162_728d>
...
006 (33979370.000.000) 2024-09-23 10:44:47 Image size of job updated: 177704
	1  -  MemoryUsage of job (MB)
	876  -  ResidentSetSize of job (KB)
...
006 (33979370.000.000) 2024-09-23 10:49:14 Image size of job updated: 698476
	1  -  MemoryUsage of job (MB)
	876  -  ResidentSetSize of job (KB)
...
005 (33979370.000.000) 2024-09-23 10:49:16 Job terminated.
	(1) Normal termination (return value 0)
		Usr 0 00:01:48, Sys 0 00:00:05  -  Run Remote Usage
		Usr 0 00:00:00, Sys 0 00:00:00  -  Run Local Usage
		Usr 0 00:01:48, Sys 0 00:00:05  -  Total Remote Usage
		Usr 0 00:00:00, Sys 0 00:00:00  -  Total Local Usage
	0  -  Run Bytes Sent By Job
	0  -  Run Bytes Received By Job
	0  -  Total Bytes Sent By Job
	0  -  Total Bytes Received By Job
	Partitionable Resources :    Usage  Request Allocated 
	   Cpus                 :     0.39        1         1 
	   Disk (KB)            :     2           2    419696 
	   Memory (MB)          :     1         500       512 

	Job terminated of its own accord at 2024-09-23T08:49:14Z.
...
