000 (33979318.000.000) 2024-09-23 10:43:31 Job submitted from host: <90.147.169.224:9618?addrs=90.147.169.224-9618&alias=ettore.recas.ba.infn.it&noUDP&sock=schedd_7750_6f11>
...
001 (33979318.000.000) 2024-09-23 10:43:46 Job executing on host: <90.147.168.209:9618?addrs=90.147.168.209-9618&alias=wn-7-6-9.recas.ba.infn.it&noUDP&sock=startd_3259_fb3d>
...
006 (33979318.000.000) 2024-09-23 10:43:54 Image size of job updated: 296936
	32  -  MemoryUsage of job (MB)
	32500  -  ResidentSetSize of job (KB)
...
006 (33979318.000.000) 2024-09-23 10:45:57 Image size of job updated: 697000
	32  -  MemoryUsage of job (MB)
	32604  -  ResidentSetSize of job (KB)
...
005 (33979318.000.000) 2024-09-23 10:45:57 Job terminated.
	(1) Normal termination (return value 0)
		Usr 0 00:00:46, Sys 0 00:00:02  -  Run Remote Usage
		Usr 0 00:00:00, Sys 0 00:00:00  -  Run Local Usage
		Usr 0 00:00:46, Sys 0 00:00:02  -  Total Remote Usage
		Usr 0 00:00:00, Sys 0 00:00:00  -  Total Local Usage
	0  -  Run Bytes Sent By Job
	0  -  Run Bytes Received By Job
	0  -  Total Bytes Sent By Job
	0  -  Total Bytes Received By Job
	Partitionable Resources :    Usage  Request Allocated 
	   Cpus                 :     0.20        1         1 
	   Disk (KB)            :     2           2    419696 
	   Memory (MB)          :    32         500       512 

	Job terminated of its own accord at 2024-09-23T08:45:57Z.
...
