000 (33979256.000.000) 2024-09-23 10:42:02 Job submitted from host: <90.147.169.224:9618?addrs=90.147.169.224-9618&alias=ettore.recas.ba.infn.it&noUDP&sock=schedd_7750_6f11>
...
001 (33979256.000.000) 2024-09-23 10:42:28 Job executing on host: <90.147.168.155:9618?addrs=90.147.168.155-9618&alias=wn-8-7-27.recas.ba.infn.it&noUDP&sock=startd_3209_af81>
...
006 (33979256.000.000) 2024-09-23 10:42:37 Image size of job updated: 645220
	96  -  MemoryUsage of job (MB)
	97932  -  ResidentSetSize of job (KB)
...
006 (33979256.000.000) 2024-09-23 10:46:21 Image size of job updated: 700128
	96  -  MemoryUsage of job (MB)
	97932  -  ResidentSetSize of job (KB)
...
005 (33979256.000.000) 2024-09-23 10:46:21 Job terminated.
	(1) Normal termination (return value 0)
		Usr 0 00:01:24, Sys 0 00:00:03  -  Run Remote Usage
		Usr 0 00:00:00, Sys 0 00:00:00  -  Run Local Usage
		Usr 0 00:01:24, Sys 0 00:00:03  -  Total Remote Usage
		Usr 0 00:00:00, Sys 0 00:00:00  -  Total Local Usage
	0  -  Run Bytes Sent By Job
	0  -  Run Bytes Received By Job
	0  -  Total Bytes Sent By Job
	0  -  Total Bytes Received By Job
	Partitionable Resources :    Usage  Request Allocated 
	   Cpus                 :     0.43        1         1 
	   Disk (KB)            :     2           2    419696 
	   Memory (MB)          :    96         500       512 

	Job terminated of its own accord at 2024-09-23T08:46:21Z.
...
