000 (33979258.000.000) 2024-09-23 10:42:03 Job submitted from host: <90.147.169.224:9618?addrs=90.147.169.224-9618&alias=ettore.recas.ba.infn.it&noUDP&sock=schedd_7750_6f11>
...
001 (33979258.000.000) 2024-09-23 10:42:28 Job executing on host: <90.147.168.142:9618?addrs=90.147.168.142-9618&alias=wn-7-9-17-b.recas.ba.infn.it&noUDP&sock=startd_2592_7991>
...
006 (33979258.000.000) 2024-09-23 10:42:37 Image size of job updated: 649600
	96  -  MemoryUsage of job (MB)
	97924  -  ResidentSetSize of job (KB)
...
006 (33979258.000.000) 2024-09-23 10:43:46 Image size of job updated: 696692
	96  -  MemoryUsage of job (MB)
	97924  -  ResidentSetSize of job (KB)
...
005 (33979258.000.000) 2024-09-23 10:43:46 Job terminated.
	(1) Normal termination (return value 0)
		Usr 0 00:00:30, Sys 0 00:00:01  -  Run Remote Usage
		Usr 0 00:00:00, Sys 0 00:00:00  -  Run Local Usage
		Usr 0 00:00:30, Sys 0 00:00:01  -  Total Remote Usage
		Usr 0 00:00:00, Sys 0 00:00:00  -  Total Local Usage
	0  -  Run Bytes Sent By Job
	0  -  Run Bytes Received By Job
	0  -  Total Bytes Sent By Job
	0  -  Total Bytes Received By Job
	Partitionable Resources :    Usage  Request Allocated 
	   Cpus                 :     0.16        1         1 
	   Disk (KB)            :     2           2    857735 
	   Memory (MB)          :    96         500       512 

	Job terminated of its own accord at 2024-09-23T08:43:46Z.
...
