000 (33979282.000.000) 2024-09-23 10:42:30 Job submitted from host: <90.147.169.224:9618?addrs=90.147.169.224-9618&alias=ettore.recas.ba.infn.it&noUDP&sock=schedd_7750_6f11>
...
001 (33979282.000.000) 2024-09-23 10:42:54 Job executing on host: <90.147.169.19:9618?addrs=90.147.169.19-9618&alias=wn-7-7-14-b.recas.ba.infn.it&noUDP&sock=startd_2909_e917>
...
006 (33979282.000.000) 2024-09-23 10:43:02 Image size of job updated: 97988
	96  -  MemoryUsage of job (MB)
	97884  -  ResidentSetSize of job (KB)
...
006 (33979282.000.000) 2024-09-23 10:43:56 Image size of job updated: 698616
	96  -  MemoryUsage of job (MB)
	97892  -  ResidentSetSize of job (KB)
...
005 (33979282.000.000) 2024-09-23 10:43:56 Job terminated.
	(1) Normal termination (return value 0)
		Usr 0 00:00:23, Sys 0 00:00:01  -  Run Remote Usage
		Usr 0 00:00:00, Sys 0 00:00:00  -  Run Local Usage
		Usr 0 00:00:23, Sys 0 00:00:01  -  Total Remote Usage
		Usr 0 00:00:00, Sys 0 00:00:00  -  Total Local Usage
	0  -  Run Bytes Sent By Job
	0  -  Run Bytes Received By Job
	0  -  Total Bytes Sent By Job
	0  -  Total Bytes Received By Job
	Partitionable Resources :    Usage  Request Allocated 
	   Cpus                 :                 1         1 
	   Disk (KB)            :        2        2    857735 
	   Memory (MB)          :       96      500       512 

	Job terminated of its own accord at 2024-09-23T08:43:56Z.
...
