000 (33979237.000.000) 2024-09-23 10:41:29 Job submitted from host: <90.147.169.224:9618?addrs=90.147.169.224-9618&alias=ettore.recas.ba.infn.it&noUDP&sock=schedd_7750_6f11>
...
001 (33979237.000.000) 2024-09-23 10:41:36 Job executing on host: <90.147.168.155:9618?addrs=90.147.168.155-9618&alias=wn-8-7-27.recas.ba.infn.it&noUDP&sock=startd_3209_af81>
...
006 (33979237.000.000) 2024-09-23 10:41:45 Image size of job updated: 37036
	25  -  MemoryUsage of job (MB)
	25080  -  ResidentSetSize of job (KB)
...
006 (33979237.000.000) 2024-09-23 10:42:14 Image size of job updated: 695596
	28  -  MemoryUsage of job (MB)
	28012  -  ResidentSetSize of job (KB)
...
005 (33979237.000.000) 2024-09-23 10:42:14 Job terminated.
	(1) Normal termination (return value 0)
		Usr 0 00:00:18, Sys 0 00:00:01  -  Run Remote Usage
		Usr 0 00:00:00, Sys 0 00:00:00  -  Run Local Usage
		Usr 0 00:00:18, Sys 0 00:00:01  -  Total Remote Usage
		Usr 0 00:00:00, Sys 0 00:00:00  -  Total Local Usage
	0  -  Run Bytes Sent By Job
	0  -  Run Bytes Received By Job
	0  -  Total Bytes Sent By Job
	0  -  Total Bytes Received By Job
	Partitionable Resources :    Usage  Request Allocated 
	   Cpus                 :                 1         1 
	   Disk (KB)            :        2        2    419696 
	   Memory (MB)          :       28      500       512 

	Job terminated of its own accord at 2024-09-23T08:42:14Z.
...
