000 (33979297.000.000) 2024-09-23 10:42:52 Job submitted from host: <90.147.169.224:9618?addrs=90.147.169.224-9618&alias=ettore.recas.ba.infn.it&noUDP&sock=schedd_7750_6f11>
...
001 (33979297.000.000) 2024-09-23 10:43:19 Job executing on host: <90.147.168.215:9618?addrs=90.147.168.215-9618&alias=wn-8-6-3.recas.ba.infn.it&noUDP&sock=startd_3179_1ba9>
...
006 (33979297.000.000) 2024-09-23 10:43:28 Image size of job updated: 213608
	6  -  MemoryUsage of job (MB)
	5584  -  ResidentSetSize of job (KB)
...
006 (33979297.000.000) 2024-09-23 10:47:55 Image size of job updated: 698372
	11  -  MemoryUsage of job (MB)
	10500  -  ResidentSetSize of job (KB)
...
005 (33979297.000.000) 2024-09-23 10:47:56 Job terminated.
	(1) Normal termination (return value 0)
		Usr 0 00:01:38, Sys 0 00:00:04  -  Run Remote Usage
		Usr 0 00:00:00, Sys 0 00:00:00  -  Run Local Usage
		Usr 0 00:01:38, Sys 0 00:00:04  -  Total Remote Usage
		Usr 0 00:00:00, Sys 0 00:00:00  -  Total Local Usage
	0  -  Run Bytes Sent By Job
	0  -  Run Bytes Received By Job
	0  -  Total Bytes Sent By Job
	0  -  Total Bytes Received By Job
	Partitionable Resources :    Usage  Request Allocated 
	   Cpus                 :     0.41        1         1 
	   Disk (KB)            :     2           2    419696 
	   Memory (MB)          :    11         500       512 

	Job terminated of its own accord at 2024-09-23T08:47:55Z.
...
