000 (33979288.000.000) 2024-09-23 10:42:38 Job submitted from host: <90.147.169.224:9618?addrs=90.147.169.224-9618&alias=ettore.recas.ba.infn.it&noUDP&sock=schedd_7750_6f11>
...
001 (33979288.000.000) 2024-09-23 10:42:55 Job executing on host: <90.147.168.243:9618?addrs=90.147.168.243-9618&alias=wn-7-8-7.recas.ba.infn.it&noUDP&sock=startd_3116_e532>
...
006 (33979288.000.000) 2024-09-23 10:43:03 Image size of job updated: 148416
	1  -  MemoryUsage of job (MB)
	832  -  ResidentSetSize of job (KB)
...
006 (33979288.000.000) 2024-09-23 10:44:33 Image size of job updated: 696976
	1  -  MemoryUsage of job (MB)
	832  -  ResidentSetSize of job (KB)
...
005 (33979288.000.000) 2024-09-23 10:44:33 Job terminated.
	(1) Normal termination (return value 0)
		Usr 0 00:00:38, Sys 0 00:00:02  -  Run Remote Usage
		Usr 0 00:00:00, Sys 0 00:00:00  -  Run Local Usage
		Usr 0 00:00:38, Sys 0 00:00:02  -  Total Remote Usage
		Usr 0 00:00:00, Sys 0 00:00:00  -  Total Local Usage
	0  -  Run Bytes Sent By Job
	0  -  Run Bytes Received By Job
	0  -  Total Bytes Sent By Job
	0  -  Total Bytes Received By Job
	Partitionable Resources :    Usage  Request Allocated 
	   Cpus                 :     0.43        1         1 
	   Disk (KB)            :     2           2    419696 
	   Memory (MB)          :     1         500       512 

	Job terminated of its own accord at 2024-09-23T08:44:33Z.
...
