000 (33979286.000.000) 2024-09-23 10:42:37 Job submitted from host: <90.147.169.224:9618?addrs=90.147.169.224-9618&alias=ettore.recas.ba.infn.it&noUDP&sock=schedd_7750_6f11>
...
001 (33979286.000.000) 2024-09-23 10:42:54 Job executing on host: <90.147.169.9:9618?addrs=90.147.169.9-9618&alias=wn-7-8-10.recas.ba.infn.it&noUDP&sock=startd_3095_7db5>
...
006 (33979286.000.000) 2024-09-23 10:43:03 Image size of job updated: 98768
	96  -  MemoryUsage of job (MB)
	97936  -  ResidentSetSize of job (KB)
...
006 (33979286.000.000) 2024-09-23 10:46:30 Image size of job updated: 697000
	96  -  MemoryUsage of job (MB)
	97936  -  ResidentSetSize of job (KB)
...
005 (33979286.000.000) 2024-09-23 10:46:30 Job terminated.
	(1) Normal termination (return value 0)
		Usr 0 00:01:22, Sys 0 00:00:03  -  Run Remote Usage
		Usr 0 00:00:00, Sys 0 00:00:00  -  Run Local Usage
		Usr 0 00:01:22, Sys 0 00:00:03  -  Total Remote Usage
		Usr 0 00:00:00, Sys 0 00:00:00  -  Total Local Usage
	0  -  Run Bytes Sent By Job
	0  -  Run Bytes Received By Job
	0  -  Total Bytes Sent By Job
	0  -  Total Bytes Received By Job
	Partitionable Resources :    Usage  Request Allocated 
	   Cpus                 :     0.14        1         1 
	   Disk (KB)            :     2           2    419696 
	   Memory (MB)          :    96         500       512 

	Job terminated of its own accord at 2024-09-23T08:46:30Z.
...
