000 (33979287.000.000) 2024-09-23 10:42:38 Job submitted from host: <90.147.169.224:9618?addrs=90.147.169.224-9618&alias=ettore.recas.ba.infn.it&noUDP&sock=schedd_7750_6f11>
...
001 (33979287.000.000) 2024-09-23 10:42:54 Job executing on host: <90.147.169.9:9618?addrs=90.147.169.9-9618&alias=wn-7-8-10.recas.ba.infn.it&noUDP&sock=startd_3095_7db5>
...
006 (33979287.000.000) 2024-09-23 10:43:03 Image size of job updated: 98072
	96  -  MemoryUsage of job (MB)
	97944  -  ResidentSetSize of job (KB)
...
006 (33979287.000.000) 2024-09-23 10:46:54 Image size of job updated: 699912
	96  -  MemoryUsage of job (MB)
	97944  -  ResidentSetSize of job (KB)
...
005 (33979287.000.000) 2024-09-23 10:46:54 Job terminated.
	(1) Normal termination (return value 0)
		Usr 0 00:01:42, Sys 0 00:00:04  -  Run Remote Usage
		Usr 0 00:00:00, Sys 0 00:00:00  -  Run Local Usage
		Usr 0 00:01:42, Sys 0 00:00:04  -  Total Remote Usage
		Usr 0 00:00:00, Sys 0 00:00:00  -  Total Local Usage
	0  -  Run Bytes Sent By Job
	0  -  Run Bytes Received By Job
	0  -  Total Bytes Sent By Job
	0  -  Total Bytes Received By Job
	Partitionable Resources :    Usage  Request Allocated 
	   Cpus                 :     0.21        1         1 
	   Disk (KB)            :     2           2    419696 
	   Memory (MB)          :    96         500       512 

	Job terminated of its own accord at 2024-09-23T08:46:54Z.
...
