000 (33979300.000.000) 2024-09-23 10:42:57 Job submitted from host: <90.147.169.224:9618?addrs=90.147.169.224-9618&alias=ettore.recas.ba.infn.it&noUDP&sock=schedd_7750_6f11>
...
001 (33979300.000.000) 2024-09-23 10:43:19 Job executing on host: <90.147.168.160:9618?addrs=90.147.168.160-9618&alias=wn-7-7-6.recas.ba.infn.it&noUDP&sock=startd_3151_e702>
...
006 (33979300.000.000) 2024-09-23 10:43:28 Image size of job updated: 229572
	11  -  MemoryUsage of job (MB)
	10704  -  ResidentSetSize of job (KB)
...
006 (33979300.000.000) 2024-09-23 10:46:07 Image size of job updated: 698676
	11  -  MemoryUsage of job (MB)
	10704  -  ResidentSetSize of job (KB)
...
005 (33979300.000.000) 2024-09-23 10:46:07 Job terminated.
	(1) Normal termination (return value 0)
		Usr 0 00:01:09, Sys 0 00:00:03  -  Run Remote Usage
		Usr 0 00:00:00, Sys 0 00:00:00  -  Run Local Usage
		Usr 0 00:01:09, Sys 0 00:00:03  -  Total Remote Usage
		Usr 0 00:00:00, Sys 0 00:00:00  -  Total Local Usage
	0  -  Run Bytes Sent By Job
	0  -  Run Bytes Received By Job
	0  -  Total Bytes Sent By Job
	0  -  Total Bytes Received By Job
	Partitionable Resources :    Usage  Request Allocated 
	   Cpus                 :     0.50        1         1 
	   Disk (KB)            :     2           2    419696 
	   Memory (MB)          :    11         500       512 

	Job terminated of its own accord at 2024-09-23T08:46:07Z.
...
