000 (33979268.000.000) 2024-09-23 10:42:16 Job submitted from host: <90.147.169.224:9618?addrs=90.147.169.224-9618&alias=ettore.recas.ba.infn.it&noUDP&sock=schedd_7750_6f11>
...
001 (33979268.000.000) 2024-09-23 10:42:29 Job executing on host: <90.147.168.106:9618?addrs=90.147.168.106-9618&alias=wn-7-9-16-a.recas.ba.infn.it&noUDP&sock=startd_2598_9723>
...
006 (33979268.000.000) 2024-09-23 10:42:38 Image size of job updated: 74784
	22  -  MemoryUsage of job (MB)
	22416  -  ResidentSetSize of job (KB)
...
006 (33979268.000.000) 2024-09-23 10:45:13 Image size of job updated: 696744
	22  -  MemoryUsage of job (MB)
	22416  -  ResidentSetSize of job (KB)
...
005 (33979268.000.000) 2024-09-23 10:45:13 Job terminated.
	(1) Normal termination (return value 0)
		Usr 0 00:00:50, Sys 0 00:00:02  -  Run Remote Usage
		Usr 0 00:00:00, Sys 0 00:00:00  -  Run Local Usage
		Usr 0 00:00:50, Sys 0 00:00:02  -  Total Remote Usage
		Usr 0 00:00:00, Sys 0 00:00:00  -  Total Local Usage
	0  -  Run Bytes Sent By Job
	0  -  Run Bytes Received By Job
	0  -  Total Bytes Sent By Job
	0  -  Total Bytes Received By Job
	Partitionable Resources :    Usage  Request Allocated 
	   Cpus                 :     0.06        1         1 
	   Disk (KB)            :     2           2    857735 
	   Memory (MB)          :    22         500       512 

	Job terminated of its own accord at 2024-09-23T08:45:13Z.
...
