000 (33979387.000.000) 2024-09-23 10:44:31 Job submitted from host: <90.147.169.224:9618?addrs=90.147.169.224-9618&alias=ettore.recas.ba.infn.it&noUDP&sock=schedd_7750_6f11>
...
001 (33979387.000.000) 2024-09-23 10:44:39 Job executing on host: <90.147.169.64:9618?addrs=90.147.169.64-9618&alias=wn-7-8-9.recas.ba.infn.it&noUDP&sock=startd_3113_d669>
...
006 (33979387.000.000) 2024-09-23 10:44:48 Image size of job updated: 271632
	55  -  MemoryUsage of job (MB)
	55872  -  ResidentSetSize of job (KB)
...
006 (33979387.000.000) 2024-09-23 10:48:38 Image size of job updated: 700968
	55  -  MemoryUsage of job (MB)
	55872  -  ResidentSetSize of job (KB)
...
005 (33979387.000.000) 2024-09-23 10:48:38 Job terminated.
	(1) Normal termination (return value 0)
		Usr 0 00:01:43, Sys 0 00:00:04  -  Run Remote Usage
		Usr 0 00:00:00, Sys 0 00:00:00  -  Run Local Usage
		Usr 0 00:01:43, Sys 0 00:00:04  -  Total Remote Usage
		Usr 0 00:00:00, Sys 0 00:00:00  -  Total Local Usage
	0  -  Run Bytes Sent By Job
	0  -  Run Bytes Received By Job
	0  -  Total Bytes Sent By Job
	0  -  Total Bytes Received By Job
	Partitionable Resources :    Usage  Request Allocated 
	   Cpus                 :     0.51        1         1 
	   Disk (KB)            :     2           2    419696 
	   Memory (MB)          :    55         500       512 

	Job terminated of its own accord at 2024-09-23T08:48:38Z.
...
