000 (33979388.000.000) 2024-09-23 10:44:31 Job submitted from host: <90.147.169.224:9618?addrs=90.147.169.224-9618&alias=ettore.recas.ba.infn.it&noUDP&sock=schedd_7750_6f11>
...
001 (33979388.000.000) 2024-09-23 10:44:39 Job executing on host: <90.147.169.102:9618?addrs=90.147.169.102-9618&alias=wn-7-7-7.recas.ba.infn.it&noUDP&sock=startd_3452_5d04>
...
006 (33979388.000.000) 2024-09-23 10:44:48 Image size of job updated: 236052
	19  -  MemoryUsage of job (MB)
	19080  -  ResidentSetSize of job (KB)
...
006 (33979388.000.000) 2024-09-23 10:49:35 Image size of job updated: 696904
	20  -  MemoryUsage of job (MB)
	19476  -  ResidentSetSize of job (KB)
...
005 (33979388.000.000) 2024-09-23 10:49:35 Job terminated.
	(1) Normal termination (return value 0)
		Usr 0 00:01:47, Sys 0 00:00:05  -  Run Remote Usage
		Usr 0 00:00:00, Sys 0 00:00:00  -  Run Local Usage
		Usr 0 00:01:47, Sys 0 00:00:05  -  Total Remote Usage
		Usr 0 00:00:00, Sys 0 00:00:00  -  Total Local Usage
	0  -  Run Bytes Sent By Job
	0  -  Run Bytes Received By Job
	0  -  Total Bytes Sent By Job
	0  -  Total Bytes Received By Job
	Partitionable Resources :    Usage  Request Allocated 
	   Cpus                 :     0.58        1         1 
	   Disk (KB)            :     2           2    419696 
	   Memory (MB)          :    20         500       512 

	Job terminated of its own accord at 2024-09-23T08:49:35Z.
...
