000 (33979389.000.000) 2024-09-23 10:44:32 Job submitted from host: <90.147.169.224:9618?addrs=90.147.169.224-9618&alias=ettore.recas.ba.infn.it&noUDP&sock=schedd_7750_6f11>
...
001 (33979389.000.000) 2024-09-23 10:44:39 Job executing on host: <90.147.168.251:9618?addrs=90.147.168.251-9618&alias=wn-infn-3-10-19-b.recas.ba.infn.it&noUDP&sock=startd_2668_9ac4>
...
006 (33979389.000.000) 2024-09-23 10:44:47 Image size of job updated: 26520
	18  -  MemoryUsage of job (MB)
	17420  -  ResidentSetSize of job (KB)
...
006 (33979389.000.000) 2024-09-23 10:48:24 Image size of job updated: 697944
	18  -  MemoryUsage of job (MB)
	17556  -  ResidentSetSize of job (KB)
...
005 (33979389.000.000) 2024-09-23 10:48:24 Job terminated.
	(1) Normal termination (return value 0)
		Usr 0 00:01:44, Sys 0 00:00:05  -  Run Remote Usage
		Usr 0 00:00:00, Sys 0 00:00:00  -  Run Local Usage
		Usr 0 00:01:44, Sys 0 00:00:05  -  Total Remote Usage
		Usr 0 00:00:00, Sys 0 00:00:00  -  Total Local Usage
	0  -  Run Bytes Sent By Job
	0  -  Run Bytes Received By Job
	0  -  Total Bytes Sent By Job
	0  -  Total Bytes Received By Job
	Partitionable Resources :    Usage  Request Allocated 
	   Cpus                 :     0.54        1         1 
	   Disk (KB)            :     2           2    847211 
	   Memory (MB)          :    18         500       512 

	Job terminated of its own accord at 2024-09-23T08:48:23Z.
...
