000 (33979248.000.000) 2024-09-23 10:41:53 Job submitted from host: <90.147.169.224:9618?addrs=90.147.169.224-9618&alias=ettore.recas.ba.infn.it&noUDP&sock=schedd_7750_6f11>
...
001 (33979248.000.000) 2024-09-23 10:42:02 Job executing on host: <90.147.169.6:9618?addrs=90.147.169.6-9618&alias=wn-7-9-3.recas.ba.infn.it&noUDP&sock=startd_3357_3385>
...
006 (33979248.000.000) 2024-09-23 10:42:11 Image size of job updated: 22508
	18  -  MemoryUsage of job (MB)
	18256  -  ResidentSetSize of job (KB)
...
006 (33979248.000.000) 2024-09-23 10:45:18 Image size of job updated: 697692
	19  -  MemoryUsage of job (MB)
	18592  -  ResidentSetSize of job (KB)
...
005 (33979248.000.000) 2024-09-23 10:45:18 Job terminated.
	(1) Normal termination (return value 0)
		Usr 0 00:01:09, Sys 0 00:00:03  -  Run Remote Usage
		Usr 0 00:00:00, Sys 0 00:00:00  -  Run Local Usage
		Usr 0 00:01:09, Sys 0 00:00:03  -  Total Remote Usage
		Usr 0 00:00:00, Sys 0 00:00:00  -  Total Local Usage
	0  -  Run Bytes Sent By Job
	0  -  Run Bytes Received By Job
	0  -  Total Bytes Sent By Job
	0  -  Total Bytes Received By Job
	Partitionable Resources :    Usage  Request Allocated 
	   Cpus                 :     0.45        1         1 
	   Disk (KB)            :     2           2    419696 
	   Memory (MB)          :    19         500       512 

	Job terminated of its own accord at 2024-09-23T08:45:18Z.
...
