000 (33979353.000.000) 2024-09-23 10:44:09 Job submitted from host: <90.147.169.224:9618?addrs=90.147.169.224-9618&alias=ettore.recas.ba.infn.it&noUDP&sock=schedd_7750_6f11>
...
001 (33979353.000.000) 2024-09-23 10:44:14 Job executing on host: <90.147.169.154:9618?addrs=90.147.169.154-9618&alias=wn-infn-3-7-13.recas.ba.infn.it&noUDP&sock=startd_29909_aa2d>
...
006 (33979353.000.000) 2024-09-23 10:44:23 Image size of job updated: 81364
	74  -  MemoryUsage of job (MB)
	75148  -  ResidentSetSize of job (KB)
...
006 (33979353.000.000) 2024-09-23 10:49:23 Image size of job updated: 696200
	124  -  MemoryUsage of job (MB)
	126872  -  ResidentSetSize of job (KB)
...
005 (33979353.000.000) 2024-09-23 10:49:41 Job terminated.
	(1) Normal termination (return value 0)
		Usr 0 00:03:12, Sys 0 00:00:10  -  Run Remote Usage
		Usr 0 00:00:00, Sys 0 00:00:00  -  Run Local Usage
		Usr 0 00:03:12, Sys 0 00:00:10  -  Total Remote Usage
		Usr 0 00:00:00, Sys 0 00:00:00  -  Total Local Usage
	0  -  Run Bytes Sent By Job
	0  -  Run Bytes Received By Job
	0  -  Total Bytes Sent By Job
	0  -  Total Bytes Received By Job
	Partitionable Resources :    Usage  Request Allocated 
	   Cpus                 :     0.19        1         1 
	   Disk (KB)            :     2           2   1821470 
	   Memory (MB)          :   124         500       512 

	Job terminated of its own accord at 2024-09-23T08:49:41Z.
...
