000 (33979354.000.000) 2024-09-23 10:44:09 Job submitted from host: <90.147.169.224:9618?addrs=90.147.169.224-9618&alias=ettore.recas.ba.infn.it&noUDP&sock=schedd_7750_6f11>
...
001 (33979354.000.000) 2024-09-23 10:44:14 Job executing on host: <90.147.169.239:9618?addrs=90.147.169.239-9618&alias=wn-8-8-17-b.recas.ba.infn.it&noUDP&sock=startd_3041_7397>
...
006 (33979354.000.000) 2024-09-23 10:44:23 Image size of job updated: 206232
	22  -  MemoryUsage of job (MB)
	22416  -  ResidentSetSize of job (KB)
...
006 (33979354.000.000) 2024-09-23 10:47:35 Image size of job updated: 698556
	22  -  MemoryUsage of job (MB)
	22416  -  ResidentSetSize of job (KB)
...
005 (33979354.000.000) 2024-09-23 10:47:35 Job terminated.
	(1) Normal termination (return value 0)
		Usr 0 00:01:08, Sys 0 00:00:04  -  Run Remote Usage
		Usr 0 00:00:00, Sys 0 00:00:00  -  Run Local Usage
		Usr 0 00:01:08, Sys 0 00:00:04  -  Total Remote Usage
		Usr 0 00:00:00, Sys 0 00:00:00  -  Total Local Usage
	0  -  Run Bytes Sent By Job
	0  -  Run Bytes Received By Job
	0  -  Total Bytes Sent By Job
	0  -  Total Bytes Received By Job
	Partitionable Resources :    Usage  Request Allocated 
	   Cpus                 :     0.39        1         1 
	   Disk (KB)            :     2           2    857735 
	   Memory (MB)          :    22         500       512 

	Job terminated of its own accord at 2024-09-23T08:47:35Z.
...
