000 (33979352.000.000) 2024-09-23 10:44:09 Job submitted from host: <90.147.169.224:9618?addrs=90.147.169.224-9618&alias=ettore.recas.ba.infn.it&noUDP&sock=schedd_7750_6f11>
...
001 (33979352.000.000) 2024-09-23 10:44:14 Job executing on host: <90.147.169.147:9618?addrs=90.147.169.147-9618&alias=wn-infn-3-7-11.recas.ba.infn.it&noUDP&sock=startd_2446_54be>
...
006 (33979352.000.000) 2024-09-23 10:44:23 Image size of job updated: 68512
	61  -  MemoryUsage of job (MB)
	62428  -  ResidentSetSize of job (KB)
...
006 (33979352.000.000) 2024-09-23 10:48:59 Image size of job updated: 696300
	62  -  MemoryUsage of job (MB)
	62604  -  ResidentSetSize of job (KB)
...
005 (33979352.000.000) 2024-09-23 10:48:59 Job terminated.
	(1) Normal termination (return value 0)
		Usr 0 00:02:36, Sys 0 00:00:08  -  Run Remote Usage
		Usr 0 00:00:00, Sys 0 00:00:00  -  Run Local Usage
		Usr 0 00:02:36, Sys 0 00:00:08  -  Total Remote Usage
		Usr 0 00:00:00, Sys 0 00:00:00  -  Total Local Usage
	0  -  Run Bytes Sent By Job
	0  -  Run Bytes Received By Job
	0  -  Total Bytes Sent By Job
	0  -  Total Bytes Received By Job
	Partitionable Resources :    Usage  Request Allocated 
	   Cpus                 :     0.70        1         1 
	   Disk (KB)            :     2           2   1822625 
	   Memory (MB)          :    62         500       512 

	Job terminated of its own accord at 2024-09-23T08:48:59Z.
...
