000 (33979321.000.000) 2024-09-23 10:43:38 Job submitted from host: <90.147.169.224:9618?addrs=90.147.169.224-9618&alias=ettore.recas.ba.infn.it&noUDP&sock=schedd_7750_6f11>
...
001 (33979321.000.000) 2024-09-23 10:43:46 Job executing on host: <90.147.168.120:9618?addrs=90.147.168.120-9618&alias=wn-7-9-11.recas.ba.infn.it&noUDP&sock=startd_3228_b7cd>
...
006 (33979321.000.000) 2024-09-23 10:43:54 Image size of job updated: 94268
	92  -  MemoryUsage of job (MB)
	94140  -  ResidentSetSize of job (KB)
...
006 (33979321.000.000) 2024-09-23 10:47:12 Image size of job updated: 698016
	93  -  MemoryUsage of job (MB)
	94548  -  ResidentSetSize of job (KB)
...
005 (33979321.000.000) 2024-09-23 10:47:12 Job terminated.
	(1) Normal termination (return value 0)
		Usr 0 00:01:29, Sys 0 00:00:03  -  Run Remote Usage
		Usr 0 00:00:00, Sys 0 00:00:00  -  Run Local Usage
		Usr 0 00:01:29, Sys 0 00:00:03  -  Total Remote Usage
		Usr 0 00:00:00, Sys 0 00:00:00  -  Total Local Usage
	0  -  Run Bytes Sent By Job
	0  -  Run Bytes Received By Job
	0  -  Total Bytes Sent By Job
	0  -  Total Bytes Received By Job
	Partitionable Resources :    Usage  Request Allocated 
	   Cpus                 :     0.27        1         1 
	   Disk (KB)            :     2           2    419696 
	   Memory (MB)          :    93         500       512 

	Job terminated of its own accord at 2024-09-23T08:47:12Z.
...
