000 (33979322.000.000) 2024-09-23 10:43:38 Job submitted from host: <90.147.169.224:9618?addrs=90.147.169.224-9618&alias=ettore.recas.ba.infn.it&noUDP&sock=schedd_7750_6f11>
...
001 (33979322.000.000) 2024-09-23 10:43:46 Job executing on host: <90.147.168.141:9618?addrs=90.147.168.141-9618&alias=wn-7-6-25.recas.ba.infn.it&noUDP&sock=startd_3149_87d2>
...
006 (33979322.000.000) 2024-09-23 10:43:54 Image size of job updated: 167696
	77  -  MemoryUsage of job (MB)
	78804  -  ResidentSetSize of job (KB)
...
006 (33979322.000.000) 2024-09-23 10:45:39 Image size of job updated: 696648
	77  -  MemoryUsage of job (MB)
	78804  -  ResidentSetSize of job (KB)
...
005 (33979322.000.000) 2024-09-23 10:45:39 Job terminated.
	(1) Normal termination (return value 0)
		Usr 0 00:00:49, Sys 0 00:00:03  -  Run Remote Usage
		Usr 0 00:00:00, Sys 0 00:00:00  -  Run Local Usage
		Usr 0 00:00:49, Sys 0 00:00:03  -  Total Remote Usage
		Usr 0 00:00:00, Sys 0 00:00:00  -  Total Local Usage
	0  -  Run Bytes Sent By Job
	0  -  Run Bytes Received By Job
	0  -  Total Bytes Sent By Job
	0  -  Total Bytes Received By Job
	Partitionable Resources :    Usage  Request Allocated 
	   Cpus                 :     0.49        1         1 
	   Disk (KB)            :     2           2    419696 
	   Memory (MB)          :    77         500       512 

	Job terminated of its own accord at 2024-09-23T08:45:39Z.
...
