000 (34538210.000.000) 2024-12-05 12:49:09 Job submitted from host: <90.147.169.224:9618?addrs=90.147.169.224-9618&alias=ettore.recas.ba.infn.it&noUDP&sock=schedd_7835_bc9e>
...
001 (34538210.000.000) 2024-12-05 12:49:29 Job executing on host: <90.147.169.168:9618?addrs=90.147.169.168-9618&alias=wn-8-7-7.recas.ba.infn.it&noUDP&sock=startd_3098_8c7d>
...
006 (34538210.000.000) 2024-12-05 12:49:38 Image size of job updated: 56936
	1  -  MemoryUsage of job (MB)
	896  -  ResidentSetSize of job (KB)
...
006 (34538210.000.000) 2024-12-05 12:50:22 Image size of job updated: 697932
	1  -  MemoryUsage of job (MB)
	896  -  ResidentSetSize of job (KB)
...
005 (34538210.000.000) 2024-12-05 12:50:22 Job terminated.
	(1) Normal termination (return value 0)
		Usr 0 00:00:45, Sys 0 00:00:02  -  Run Remote Usage
		Usr 0 00:00:00, Sys 0 00:00:00  -  Run Local Usage
		Usr 0 00:00:45, Sys 0 00:00:02  -  Total Remote Usage
		Usr 0 00:00:00, Sys 0 00:00:00  -  Total Local Usage
	0  -  Run Bytes Sent By Job
	0  -  Run Bytes Received By Job
	0  -  Total Bytes Sent By Job
	0  -  Total Bytes Received By Job
	Partitionable Resources :    Usage  Request Allocated 
	   Cpus                 :                 1         1 
	   Disk (KB)            :        2        2    419696 
	   Memory (MB)          :        1      500       512 

	Job terminated of its own accord at 2024-12-05T11:50:22Z.
...
