000 (34538160.000.000) 2024-12-05 12:42:26 Job submitted from host: <90.147.169.224:9618?addrs=90.147.169.224-9618&alias=ettore.recas.ba.infn.it&noUDP&sock=schedd_7835_bc9e>
...
001 (34538160.000.000) 2024-12-05 12:42:38 Job executing on host: <90.147.168.158:9618?addrs=90.147.168.158-9618&alias=wn-8-9-11.recas.ba.infn.it&noUDP&sock=startd_3190_a734>
...
006 (34538160.000.000) 2024-12-05 12:42:47 Image size of job updated: 184092
	96  -  MemoryUsage of job (MB)
	97988  -  ResidentSetSize of job (KB)
...
006 (34538160.000.000) 2024-12-05 12:43:40 Image size of job updated: 697908
	96  -  MemoryUsage of job (MB)
	97988  -  ResidentSetSize of job (KB)
...
005 (34538160.000.000) 2024-12-05 12:43:40 Job terminated.
	(1) Normal termination (return value 0)
		Usr 0 00:00:32, Sys 0 00:00:02  -  Run Remote Usage
		Usr 0 00:00:00, Sys 0 00:00:00  -  Run Local Usage
		Usr 0 00:00:32, Sys 0 00:00:02  -  Total Remote Usage
		Usr 0 00:00:00, Sys 0 00:00:00  -  Total Local Usage
	0  -  Run Bytes Sent By Job
	0  -  Run Bytes Received By Job
	0  -  Total Bytes Sent By Job
	0  -  Total Bytes Received By Job
	Partitionable Resources :    Usage  Request Allocated 
	   Cpus                 :        0        1         1 
	   Disk (KB)            :        2        2    419696 
	   Memory (MB)          :       96      500       512 

	Job terminated of its own accord at 2024-12-05T11:43:40Z.
...
