000 (34538192.000.000) 2024-12-05 12:49:08 Job submitted from host: <90.147.169.224:9618?addrs=90.147.169.224-9618&alias=ettore.recas.ba.infn.it&noUDP&sock=schedd_7835_bc9e>
...
001 (34538192.000.000) 2024-12-05 12:49:29 Job executing on host: <90.147.168.141:9618?addrs=90.147.168.141-9618&alias=wn-7-6-25.recas.ba.infn.it&noUDP&sock=startd_3244_b151>
...
006 (34538192.000.000) 2024-12-05 12:49:38 Image size of job updated: 310788
	84  -  MemoryUsage of job (MB)
	85212  -  ResidentSetSize of job (KB)
...
006 (34538192.000.000) 2024-12-05 12:50:37 Image size of job updated: 697968
	84  -  MemoryUsage of job (MB)
	85344  -  ResidentSetSize of job (KB)
...
005 (34538192.000.000) 2024-12-05 12:50:37 Job terminated.
	(1) Normal termination (return value 0)
		Usr 0 00:00:47, Sys 0 00:00:02  -  Run Remote Usage
		Usr 0 00:00:00, Sys 0 00:00:00  -  Run Local Usage
		Usr 0 00:00:47, Sys 0 00:00:02  -  Total Remote Usage
		Usr 0 00:00:00, Sys 0 00:00:00  -  Total Local Usage
	0  -  Run Bytes Sent By Job
	0  -  Run Bytes Received By Job
	0  -  Total Bytes Sent By Job
	0  -  Total Bytes Received By Job
	Partitionable Resources :    Usage  Request Allocated 
	   Cpus                 :     0.90        1         1 
	   Disk (KB)            :     2           2    419696 
	   Memory (MB)          :    84         500       512 

	Job terminated of its own accord at 2024-12-05T11:50:37Z.
...
