000 (34538140.000.000) 2024-12-05 12:42:25 Job submitted from host: <90.147.169.224:9618?addrs=90.147.169.224-9618&alias=ettore.recas.ba.infn.it&noUDP&sock=schedd_7835_bc9e>
...
001 (34538140.000.000) 2024-12-05 12:42:37 Job executing on host: <90.147.168.195:9618?addrs=90.147.168.195-9618&alias=wn-8-6-6.recas.ba.infn.it&noUDP&sock=startd_3257_9c0c>
...
006 (34538140.000.000) 2024-12-05 12:42:45 Image size of job updated: 427312
	85  -  MemoryUsage of job (MB)
	86412  -  ResidentSetSize of job (KB)
...
006 (34538140.000.000) 2024-12-05 12:43:51 Image size of job updated: 698036
	85  -  MemoryUsage of job (MB)
	86548  -  ResidentSetSize of job (KB)
...
005 (34538140.000.000) 2024-12-05 12:43:51 Job terminated.
	(1) Normal termination (return value 0)
		Usr 0 00:00:43, Sys 0 00:00:02  -  Run Remote Usage
		Usr 0 00:00:00, Sys 0 00:00:00  -  Run Local Usage
		Usr 0 00:00:43, Sys 0 00:00:02  -  Total Remote Usage
		Usr 0 00:00:00, Sys 0 00:00:00  -  Total Local Usage
	0  -  Run Bytes Sent By Job
	0  -  Run Bytes Received By Job
	0  -  Total Bytes Sent By Job
	0  -  Total Bytes Received By Job
	Partitionable Resources :    Usage  Request Allocated 
	   Cpus                 :                 1         1 
	   Disk (KB)            :        2        2    419696 
	   Memory (MB)          :       85      500       512 

	Job terminated of its own accord at 2024-12-05T11:43:51Z.
...
