000 (34534833.000.000) 2024-12-04 12:34:34 Job submitted from host: <90.147.169.224:9618?addrs=90.147.169.224-9618&alias=ettore.recas.ba.infn.it&noUDP&sock=schedd_7835_bc9e>
...
001 (34534833.000.000) 2024-12-04 12:34:42 Job executing on host: <90.147.168.81:9618?addrs=90.147.168.81-9618&alias=wn-8-7-24.recas.ba.infn.it&noUDP&sock=startd_3430_45ef>
...
006 (34534833.000.000) 2024-12-04 12:34:51 Image size of job updated: 461352
	96  -  MemoryUsage of job (MB)
	98000  -  ResidentSetSize of job (KB)
...
006 (34534833.000.000) 2024-12-04 12:35:42 Image size of job updated: 698112
	96  -  MemoryUsage of job (MB)
	98000  -  ResidentSetSize of job (KB)
...
005 (34534833.000.000) 2024-12-04 12:35:42 Job terminated.
	(1) Normal termination (return value 0)
		Usr 0 00:00:37, Sys 0 00:00:01  -  Run Remote Usage
		Usr 0 00:00:00, Sys 0 00:00:00  -  Run Local Usage
		Usr 0 00:00:37, Sys 0 00:00:01  -  Total Remote Usage
		Usr 0 00:00:00, Sys 0 00:00:00  -  Total Local Usage
	0  -  Run Bytes Sent By Job
	0  -  Run Bytes Received By Job
	0  -  Total Bytes Sent By Job
	0  -  Total Bytes Received By Job
	Partitionable Resources :    Usage  Request Allocated 
	   Cpus                 :                 1         1 
	   Disk (KB)            :        2        2    419696 
	   Memory (MB)          :       96      500       512 

	Job terminated of its own accord at 2024-12-04T11:35:42Z.
...
