000 (34538243.000.000) 2024-12-05 13:04:44 Job submitted from host: <90.147.169.224:9618?addrs=90.147.169.224-9618&alias=ettore.recas.ba.infn.it&noUDP&sock=schedd_7835_bc9e>
...
001 (34538243.000.000) 2024-12-05 13:04:53 Job executing on host: <90.147.168.158:9618?addrs=90.147.168.158-9618&alias=wn-8-9-11.recas.ba.infn.it&noUDP&sock=startd_3190_a734>
...
006 (34538243.000.000) 2024-12-05 13:05:02 Image size of job updated: 134588
	96  -  MemoryUsage of job (MB)
	97980  -  ResidentSetSize of job (KB)
...
006 (34538243.000.000) 2024-12-05 13:05:51 Image size of job updated: 697852
	96  -  MemoryUsage of job (MB)
	97980  -  ResidentSetSize of job (KB)
...
005 (34538243.000.000) 2024-12-05 13:05:51 Job terminated.
	(1) Normal termination (return value 0)
		Usr 0 00:00:31, Sys 0 00:00:01  -  Run Remote Usage
		Usr 0 00:00:00, Sys 0 00:00:00  -  Run Local Usage
		Usr 0 00:00:31, Sys 0 00:00:01  -  Total Remote Usage
		Usr 0 00:00:00, Sys 0 00:00:00  -  Total Local Usage
	0  -  Run Bytes Sent By Job
	0  -  Run Bytes Received By Job
	0  -  Total Bytes Sent By Job
	0  -  Total Bytes Received By Job
	Partitionable Resources :    Usage  Request Allocated 
	   Cpus                 :                 1         1 
	   Disk (KB)            :        2        2    419696 
	   Memory (MB)          :       96      500       512 

	Job terminated of its own accord at 2024-12-05T12:05:51Z.
...
