000 (34538973.000.000) 2024-12-05 18:30:30 Job submitted from host: <90.147.169.224:9618?addrs=90.147.169.224-9618&alias=ettore.recas.ba.infn.it&noUDP&sock=schedd_7835_bc9e>
...
001 (34538973.000.000) 2024-12-05 18:30:47 Job executing on host: <90.147.169.126:9618?addrs=90.147.169.126-9618&alias=wn-7-6-5.recas.ba.infn.it&noUDP&sock=startd_3235_84f7>
...
006 (34538973.000.000) 2024-12-05 18:30:55 Image size of job updated: 26336
	25  -  MemoryUsage of job (MB)
	25124  -  ResidentSetSize of job (KB)
...
006 (34538973.000.000) 2024-12-05 18:32:09 Image size of job updated: 698984
	26  -  MemoryUsage of job (MB)
	26532  -  ResidentSetSize of job (KB)
...
005 (34538973.000.000) 2024-12-05 18:32:09 Job terminated.
	(1) Normal termination (return value 0)
		Usr 0 00:00:46, Sys 0 00:00:02  -  Run Remote Usage
		Usr 0 00:00:00, Sys 0 00:00:00  -  Run Local Usage
		Usr 0 00:00:46, Sys 0 00:00:02  -  Total Remote Usage
		Usr 0 00:00:00, Sys 0 00:00:00  -  Total Local Usage
	0  -  Run Bytes Sent By Job
	0  -  Run Bytes Received By Job
	0  -  Total Bytes Sent By Job
	0  -  Total Bytes Received By Job
	Partitionable Resources :    Usage  Request Allocated 
	   Cpus                 :                 1         1 
	   Disk (KB)            :        2        2    419696 
	   Memory (MB)          :       26      500       512 

	Job terminated of its own accord at 2024-12-05T17:32:09Z.
...
