000 (34538987.000.000) 2024-12-05 18:30:30 Job submitted from host: <90.147.169.224:9618?addrs=90.147.169.224-9618&alias=ettore.recas.ba.infn.it&noUDP&sock=schedd_7835_bc9e>
...
001 (34538987.000.000) 2024-12-05 18:30:47 Job executing on host: <90.147.169.6:9618?addrs=90.147.169.6-9618&alias=wn-7-9-3.recas.ba.infn.it&noUDP&sock=startd_3180_cb41>
...
006 (34538987.000.000) 2024-12-05 18:30:56 Image size of job updated: 251952
	6  -  MemoryUsage of job (MB)
	5624  -  ResidentSetSize of job (KB)
...
006 (34538987.000.000) 2024-12-05 18:31:55 Image size of job updated: 698584
	6  -  MemoryUsage of job (MB)
	5624  -  ResidentSetSize of job (KB)
...
005 (34538987.000.000) 2024-12-05 18:31:55 Job terminated.
	(1) Normal termination (return value 0)
		Usr 0 00:00:33, Sys 0 00:00:02  -  Run Remote Usage
		Usr 0 00:00:00, Sys 0 00:00:00  -  Run Local Usage
		Usr 0 00:00:33, Sys 0 00:00:02  -  Total Remote Usage
		Usr 0 00:00:00, Sys 0 00:00:00  -  Total Local Usage
	0  -  Run Bytes Sent By Job
	0  -  Run Bytes Received By Job
	0  -  Total Bytes Sent By Job
	0  -  Total Bytes Received By Job
	Partitionable Resources :    Usage  Request Allocated 
	   Cpus                 :     0.10        1         1 
	   Disk (KB)            :     2           2    419696 
	   Memory (MB)          :     6         500       512 

	Job terminated of its own accord at 2024-12-05T17:31:55Z.
...
