000 (34534414.000.000) 2024-12-04 11:43:52 Job submitted from host: <90.147.169.224:9618?addrs=90.147.169.224-9618&alias=ettore.recas.ba.infn.it&noUDP&sock=schedd_7835_bc9e>
...
001 (34534414.000.000) 2024-12-04 11:44:14 Job executing on host: <90.147.168.165:9618?addrs=90.147.168.165-9618&alias=wn-8-7-6.recas.ba.infn.it&noUDP&sock=startd_3277_53f1>
...
006 (34534414.000.000) 2024-12-04 11:44:22 Image size of job updated: 47768
	16  -  MemoryUsage of job (MB)
	16060  -  ResidentSetSize of job (KB)
...
006 (34534414.000.000) 2024-12-04 11:45:16 Image size of job updated: 697788
	16  -  MemoryUsage of job (MB)
	16084  -  ResidentSetSize of job (KB)
...
005 (34534414.000.000) 2024-12-04 11:45:16 Job terminated.
	(1) Normal termination (return value 0)
		Usr 0 00:00:31, Sys 0 00:00:01  -  Run Remote Usage
		Usr 0 00:00:00, Sys 0 00:00:00  -  Run Local Usage
		Usr 0 00:00:31, Sys 0 00:00:01  -  Total Remote Usage
		Usr 0 00:00:00, Sys 0 00:00:00  -  Total Local Usage
	0  -  Run Bytes Sent By Job
	0  -  Run Bytes Received By Job
	0  -  Total Bytes Sent By Job
	0  -  Total Bytes Received By Job
	Partitionable Resources :    Usage  Request Allocated 
	   Cpus                 :                 1         1 
	   Disk (KB)            :        2        2    419696 
	   Memory (MB)          :       16      500       512 

	Job terminated of its own accord at 2024-12-04T10:45:16Z.
...
