000 (34534427.000.000) 2024-12-04 11:47:38 Job submitted from host: <90.147.169.224:9618?addrs=90.147.169.224-9618&alias=ettore.recas.ba.infn.it&noUDP&sock=schedd_7835_bc9e>
...
001 (34534427.000.000) 2024-12-04 11:48:05 Job executing on host: <90.147.168.142:9618?addrs=90.147.168.142-9618&alias=wn-7-9-17-b.recas.ba.infn.it&noUDP&sock=startd_3080_33c9>
...
006 (34534427.000.000) 2024-12-04 11:48:13 Image size of job updated: 445456
	96  -  MemoryUsage of job (MB)
	97976  -  ResidentSetSize of job (KB)
...
006 (34534427.000.000) 2024-12-04 11:48:43 Image size of job updated: 698052
	96  -  MemoryUsage of job (MB)
	97976  -  ResidentSetSize of job (KB)
...
005 (34534427.000.000) 2024-12-04 11:48:43 Job terminated.
	(1) Normal termination (return value 0)
		Usr 0 00:00:18, Sys 0 00:00:01  -  Run Remote Usage
		Usr 0 00:00:00, Sys 0 00:00:00  -  Run Local Usage
		Usr 0 00:00:18, Sys 0 00:00:01  -  Total Remote Usage
		Usr 0 00:00:00, Sys 0 00:00:00  -  Total Local Usage
	0  -  Run Bytes Sent By Job
	0  -  Run Bytes Received By Job
	0  -  Total Bytes Sent By Job
	0  -  Total Bytes Received By Job
	Partitionable Resources :    Usage  Request Allocated 
	   Cpus                 :                 1         1 
	   Disk (KB)            :        2        2    857735 
	   Memory (MB)          :       96      500       512 

	Job terminated of its own accord at 2024-12-04T10:48:43Z.
...
