000 (34539010.000.000) 2024-12-05 18:35:58 Job submitted from host: <90.147.169.224:9618?addrs=90.147.169.224-9618&alias=ettore.recas.ba.infn.it&noUDP&sock=schedd_7835_bc9e>
...
001 (34539010.000.000) 2024-12-05 18:36:03 Job executing on host: <90.147.168.192:9618?addrs=90.147.168.192-9618&alias=wn-8-8-2.recas.ba.infn.it&noUDP&sock=startd_3241_a288>
...
006 (34539010.000.000) 2024-12-05 18:36:12 Image size of job updated: 219808
	77  -  MemoryUsage of job (MB)
	77972  -  ResidentSetSize of job (KB)
...
006 (34539010.000.000) 2024-12-05 18:37:12 Image size of job updated: 698708
	77  -  MemoryUsage of job (MB)
	77980  -  ResidentSetSize of job (KB)
...
005 (34539010.000.000) 2024-12-05 18:37:12 Job terminated.
	(1) Normal termination (return value 0)
		Usr 0 00:00:44, Sys 0 00:00:02  -  Run Remote Usage
		Usr 0 00:00:00, Sys 0 00:00:00  -  Run Local Usage
		Usr 0 00:00:44, Sys 0 00:00:02  -  Total Remote Usage
		Usr 0 00:00:00, Sys 0 00:00:00  -  Total Local Usage
	0  -  Run Bytes Sent By Job
	0  -  Run Bytes Received By Job
	0  -  Total Bytes Sent By Job
	0  -  Total Bytes Received By Job
	Partitionable Resources :    Usage  Request Allocated 
	   Cpus                 :                 1         1 
	   Disk (KB)            :        2        2    419696 
	   Memory (MB)          :       77      500       512 

	Job terminated of its own accord at 2024-12-05T17:37:12Z.
...
