000 (34538960.000.000) 2024-12-05 18:22:40 Job submitted from host: <90.147.169.224:9618?addrs=90.147.169.224-9618&alias=ettore.recas.ba.infn.it&noUDP&sock=schedd_7835_bc9e>
...
001 (34538960.000.000) 2024-12-05 18:23:00 Job executing on host: <90.147.169.130:9618?addrs=90.147.169.130-9618&alias=wn-8-9-12.recas.ba.infn.it&noUDP&sock=startd_3328_4f46>
...
006 (34538960.000.000) 2024-12-05 18:23:09 Image size of job updated: 213056
	77  -  MemoryUsage of job (MB)
	78824  -  ResidentSetSize of job (KB)
...
006 (34538960.000.000) 2024-12-05 18:23:46 Image size of job updated: 699748
	77  -  MemoryUsage of job (MB)
	78824  -  ResidentSetSize of job (KB)
...
005 (34538960.000.000) 2024-12-05 18:23:47 Job terminated.
	(1) Normal termination (return value 0)
		Usr 0 00:00:28, Sys 0 00:00:01  -  Run Remote Usage
		Usr 0 00:00:00, Sys 0 00:00:00  -  Run Local Usage
		Usr 0 00:00:28, Sys 0 00:00:01  -  Total Remote Usage
		Usr 0 00:00:00, Sys 0 00:00:00  -  Total Local Usage
	0  -  Run Bytes Sent By Job
	0  -  Run Bytes Received By Job
	0  -  Total Bytes Sent By Job
	0  -  Total Bytes Received By Job
	Partitionable Resources :    Usage  Request Allocated 
	   Cpus                 :     0.85        1         1 
	   Disk (KB)            :     2           2    419696 
	   Memory (MB)          :    77         500       512 

	Job terminated of its own accord at 2024-12-05T17:23:46Z.
...
