000 (34538989.000.000) 2024-12-05 18:30:30 Job submitted from host: <90.147.169.224:9618?addrs=90.147.169.224-9618&alias=ettore.recas.ba.infn.it&noUDP&sock=schedd_7835_bc9e>
...
001 (34538989.000.000) 2024-12-05 18:30:47 Job executing on host: <90.147.169.6:9618?addrs=90.147.169.6-9618&alias=wn-7-9-3.recas.ba.infn.it&noUDP&sock=startd_3180_cb41>
...
006 (34538989.000.000) 2024-12-05 18:30:56 Image size of job updated: 67708
	11  -  MemoryUsage of job (MB)
	10596  -  ResidentSetSize of job (KB)
...
006 (34538989.000.000) 2024-12-05 18:32:06 Image size of job updated: 698512
	11  -  MemoryUsage of job (MB)
	10596  -  ResidentSetSize of job (KB)
...
005 (34538989.000.000) 2024-12-05 18:32:06 Job terminated.
	(1) Normal termination (return value 0)
		Usr 0 00:00:44, Sys 0 00:00:02  -  Run Remote Usage
		Usr 0 00:00:00, Sys 0 00:00:00  -  Run Local Usage
		Usr 0 00:00:44, Sys 0 00:00:02  -  Total Remote Usage
		Usr 0 00:00:00, Sys 0 00:00:00  -  Total Local Usage
	0  -  Run Bytes Sent By Job
	0  -  Run Bytes Received By Job
	0  -  Total Bytes Sent By Job
	0  -  Total Bytes Received By Job
	Partitionable Resources :    Usage  Request Allocated 
	   Cpus                 :        0        1         1 
	   Disk (KB)            :        2        2    419696 
	   Memory (MB)          :       11      500       512 

	Job terminated of its own accord at 2024-12-05T17:32:06Z.
...
