000 (34538212.000.000) 2024-12-05 12:49:09 Job submitted from host: <90.147.169.224:9618?addrs=90.147.169.224-9618&alias=ettore.recas.ba.infn.it&noUDP&sock=schedd_7835_bc9e>
...
001 (34538212.000.000) 2024-12-05 12:49:30 Job executing on host: <90.147.169.21:9618?addrs=90.147.169.21-9618&alias=wn-8-6-21.recas.ba.infn.it&noUDP&sock=startd_3223_49d4>
...
006 (34538212.000.000) 2024-12-05 12:49:39 Image size of job updated: 167532
	77  -  MemoryUsage of job (MB)
	78824  -  ResidentSetSize of job (KB)
...
006 (34538212.000.000) 2024-12-05 12:50:44 Image size of job updated: 719172
	77  -  MemoryUsage of job (MB)
	78824  -  ResidentSetSize of job (KB)
...
005 (34538212.000.000) 2024-12-05 12:50:44 Job terminated.
	(1) Normal termination (return value 0)
		Usr 0 00:00:47, Sys 0 00:00:02  -  Run Remote Usage
		Usr 0 00:00:00, Sys 0 00:00:00  -  Run Local Usage
		Usr 0 00:00:47, Sys 0 00:00:02  -  Total Remote Usage
		Usr 0 00:00:00, Sys 0 00:00:00  -  Total Local Usage
	0  -  Run Bytes Sent By Job
	0  -  Run Bytes Received By Job
	0  -  Total Bytes Sent By Job
	0  -  Total Bytes Received By Job
	Partitionable Resources :    Usage  Request Allocated 
	   Cpus                 :                 1         1 
	   Disk (KB)            :        2        2    419696 
	   Memory (MB)          :       77      500       512 

	Job terminated of its own accord at 2024-12-05T11:50:43Z.
...
