000 (34538943.000.000) 2024-12-05 18:22:38 Job submitted from host: <90.147.169.224:9618?addrs=90.147.169.224-9618&alias=ettore.recas.ba.infn.it&noUDP&sock=schedd_7835_bc9e>
...
001 (34538943.000.000) 2024-12-05 18:22:59 Job executing on host: <90.147.169.77:9618?addrs=90.147.169.77-9618&alias=wn-8-6-4.recas.ba.infn.it&noUDP&sock=startd_3500_4990>
...
006 (34538943.000.000) 2024-12-05 18:23:08 Image size of job updated: 227732
	55  -  MemoryUsage of job (MB)
	55888  -  ResidentSetSize of job (KB)
...
006 (34538943.000.000) 2024-12-05 18:24:19 Image size of job updated: 699968
	55  -  MemoryUsage of job (MB)
	55888  -  ResidentSetSize of job (KB)
...
005 (34538943.000.000) 2024-12-05 18:24:19 Job terminated.
	(1) Normal termination (return value 0)
		Usr 0 00:00:41, Sys 0 00:00:02  -  Run Remote Usage
		Usr 0 00:00:00, Sys 0 00:00:00  -  Run Local Usage
		Usr 0 00:00:41, Sys 0 00:00:02  -  Total Remote Usage
		Usr 0 00:00:00, Sys 0 00:00:00  -  Total Local Usage
	0  -  Run Bytes Sent By Job
	0  -  Run Bytes Received By Job
	0  -  Total Bytes Sent By Job
	0  -  Total Bytes Received By Job
	Partitionable Resources :    Usage  Request Allocated 
	   Cpus                 :                 1         1 
	   Disk (KB)            :        2        2    419696 
	   Memory (MB)          :       55      500       512 

	Job terminated of its own accord at 2024-12-05T17:24:19Z.
...
