000 (34534430.000.000) 2024-12-04 11:47:38 Job submitted from host: <90.147.169.224:9618?addrs=90.147.169.224-9618&alias=ettore.recas.ba.infn.it&noUDP&sock=schedd_7835_bc9e>
...
001 (34534430.000.000) 2024-12-04 11:48:51 Job executing on host: <90.147.169.50:9618?addrs=90.147.169.50-9618&alias=wn-7-9-2.recas.ba.infn.it&noUDP&sock=startd_3210_5f19>
...
006 (34534430.000.000) 2024-12-04 11:49:00 Image size of job updated: 231856
	6  -  MemoryUsage of job (MB)
	5532  -  ResidentSetSize of job (KB)
...
006 (34534430.000.000) 2024-12-04 11:50:01 Image size of job updated: 697924
	6  -  MemoryUsage of job (MB)
	5676  -  ResidentSetSize of job (KB)
...
005 (34534430.000.000) 2024-12-04 11:50:01 Job terminated.
	(1) Normal termination (return value 0)
		Usr 0 00:00:44, Sys 0 00:00:02  -  Run Remote Usage
		Usr 0 00:00:00, Sys 0 00:00:00  -  Run Local Usage
		Usr 0 00:00:44, Sys 0 00:00:02  -  Total Remote Usage
		Usr 0 00:00:00, Sys 0 00:00:00  -  Total Local Usage
	0  -  Run Bytes Sent By Job
	0  -  Run Bytes Received By Job
	0  -  Total Bytes Sent By Job
	0  -  Total Bytes Received By Job
	Partitionable Resources :    Usage  Request Allocated 
	   Cpus                 :                 1         1 
	   Disk (KB)            :        2        2    419696 
	   Memory (MB)          :        6      500       512 

	Job terminated of its own accord at 2024-12-04T10:50:01Z.
...
