000 (34538198.000.000) 2024-12-05 12:49:09 Job submitted from host: <90.147.169.224:9618?addrs=90.147.169.224-9618&alias=ettore.recas.ba.infn.it&noUDP&sock=schedd_7835_bc9e>
...
001 (34538198.000.000) 2024-12-05 12:49:29 Job executing on host: <90.147.168.215:9618?addrs=90.147.168.215-9618&alias=wn-8-6-3.recas.ba.infn.it&noUDP&sock=startd_3212_be49>
...
006 (34538198.000.000) 2024-12-05 12:49:38 Image size of job updated: 216772
	82  -  MemoryUsage of job (MB)
	83260  -  ResidentSetSize of job (KB)
...
006 (34538198.000.000) 2024-12-05 12:50:29 Image size of job updated: 698036
	82  -  MemoryUsage of job (MB)
	83396  -  ResidentSetSize of job (KB)
...
005 (34538198.000.000) 2024-12-05 12:50:29 Job terminated.
	(1) Normal termination (return value 0)
		Usr 0 00:00:44, Sys 0 00:00:02  -  Run Remote Usage
		Usr 0 00:00:00, Sys 0 00:00:00  -  Run Local Usage
		Usr 0 00:00:44, Sys 0 00:00:02  -  Total Remote Usage
		Usr 0 00:00:00, Sys 0 00:00:00  -  Total Local Usage
	0  -  Run Bytes Sent By Job
	0  -  Run Bytes Received By Job
	0  -  Total Bytes Sent By Job
	0  -  Total Bytes Received By Job
	Partitionable Resources :    Usage  Request Allocated 
	   Cpus                 :                 1         1 
	   Disk (KB)            :        2        2    419696 
	   Memory (MB)          :       82      500       512 

	Job terminated of its own accord at 2024-12-05T11:50:29Z.
...
