000 (34538974.000.000) 2024-12-05 18:30:30 Job submitted from host: <90.147.169.224:9618?addrs=90.147.169.224-9618&alias=ettore.recas.ba.infn.it&noUDP&sock=schedd_7835_bc9e>
...
001 (34538974.000.000) 2024-12-05 18:30:47 Job executing on host: <90.147.169.0:9618?addrs=90.147.169.0-9618&alias=wn-8-7-23.recas.ba.infn.it&noUDP&sock=startd_3252_2e13>
...
006 (34538974.000.000) 2024-12-05 18:30:55 Image size of job updated: 94620
	21  -  MemoryUsage of job (MB)
	20488  -  ResidentSetSize of job (KB)
...
006 (34538974.000.000) 2024-12-05 18:31:58 Image size of job updated: 698596
	21  -  MemoryUsage of job (MB)
	20488  -  ResidentSetSize of job (KB)
...
005 (34538974.000.000) 2024-12-05 18:31:58 Job terminated.
	(1) Normal termination (return value 0)
		Usr 0 00:00:38, Sys 0 00:00:02  -  Run Remote Usage
		Usr 0 00:00:00, Sys 0 00:00:00  -  Run Local Usage
		Usr 0 00:00:38, Sys 0 00:00:02  -  Total Remote Usage
		Usr 0 00:00:00, Sys 0 00:00:00  -  Total Local Usage
	0  -  Run Bytes Sent By Job
	0  -  Run Bytes Received By Job
	0  -  Total Bytes Sent By Job
	0  -  Total Bytes Received By Job
	Partitionable Resources :    Usage  Request Allocated 
	   Cpus                 :                 1         1 
	   Disk (KB)            :        2        2    419696 
	   Memory (MB)          :       21      500       512 

	Job terminated of its own accord at 2024-12-05T17:31:58Z.
...
