000 (34538996.000.000) 2024-12-05 18:35:57 Job submitted from host: <90.147.169.224:9618?addrs=90.147.169.224-9618&alias=ettore.recas.ba.infn.it&noUDP&sock=schedd_7835_bc9e>
...
001 (34538996.000.000) 2024-12-05 18:36:03 Job executing on host: <90.147.169.53:9618?addrs=90.147.169.53-9618&alias=wn-7-9-9.recas.ba.infn.it&noUDP&sock=startd_3314_b4f2>
...
006 (34538996.000.000) 2024-12-05 18:36:11 Image size of job updated: 60904
	30  -  MemoryUsage of job (MB)
	30232  -  ResidentSetSize of job (KB)
...
006 (34538996.000.000) 2024-12-05 18:37:11 Image size of job updated: 698588
	30  -  MemoryUsage of job (MB)
	30244  -  ResidentSetSize of job (KB)
...
005 (34538996.000.000) 2024-12-05 18:37:11 Job terminated.
	(1) Normal termination (return value 0)
		Usr 0 00:00:42, Sys 0 00:00:02  -  Run Remote Usage
		Usr 0 00:00:00, Sys 0 00:00:00  -  Run Local Usage
		Usr 0 00:00:42, Sys 0 00:00:02  -  Total Remote Usage
		Usr 0 00:00:00, Sys 0 00:00:00  -  Total Local Usage
	0  -  Run Bytes Sent By Job
	0  -  Run Bytes Received By Job
	0  -  Total Bytes Sent By Job
	0  -  Total Bytes Received By Job
	Partitionable Resources :    Usage  Request Allocated 
	   Cpus                 :                 1         1 
	   Disk (KB)            :        2        2    419696 
	   Memory (MB)          :       30      500       512 

	Job terminated of its own accord at 2024-12-05T17:37:11Z.
...
