000 (34539019.000.000) 2024-12-05 18:35:58 Job submitted from host: <90.147.169.224:9618?addrs=90.147.169.224-9618&alias=ettore.recas.ba.infn.it&noUDP&sock=schedd_7835_bc9e>
...
001 (34539019.000.000) 2024-12-05 18:36:04 Job executing on host: <90.147.168.246:9618?addrs=90.147.168.246-9618&alias=wn-7-8-3.recas.ba.infn.it&noUDP&sock=startd_3253_ddab>
...
006 (34539019.000.000) 2024-12-05 18:36:12 Image size of job updated: 252144
	69  -  MemoryUsage of job (MB)
	70120  -  ResidentSetSize of job (KB)
...
006 (34539019.000.000) 2024-12-05 18:36:41 Image size of job updated: 698352
	69  -  MemoryUsage of job (MB)
	70128  -  ResidentSetSize of job (KB)
...
005 (34539019.000.000) 2024-12-05 18:36:41 Job terminated.
	(1) Normal termination (return value 0)
		Usr 0 00:00:24, Sys 0 00:00:01  -  Run Remote Usage
		Usr 0 00:00:00, Sys 0 00:00:00  -  Run Local Usage
		Usr 0 00:00:24, Sys 0 00:00:01  -  Total Remote Usage
		Usr 0 00:00:00, Sys 0 00:00:00  -  Total Local Usage
	0  -  Run Bytes Sent By Job
	0  -  Run Bytes Received By Job
	0  -  Total Bytes Sent By Job
	0  -  Total Bytes Received By Job
	Partitionable Resources :    Usage  Request Allocated 
	   Cpus                 :                 1         1 
	   Disk (KB)            :        2        2    419696 
	   Memory (MB)          :       69      500       512 

	Job terminated of its own accord at 2024-12-05T17:36:40Z.
...
