000 (34538271.000.000) 2024-12-05 13:07:33 Job submitted from host: <90.147.169.224:9618?addrs=90.147.169.224-9618&alias=ettore.recas.ba.infn.it&noUDP&sock=schedd_7835_bc9e>
...
001 (34538271.000.000) 2024-12-05 13:07:39 Job executing on host: <90.147.169.21:9618?addrs=90.147.169.21-9618&alias=wn-8-6-21.recas.ba.infn.it&noUDP&sock=startd_3223_49d4>
...
006 (34538271.000.000) 2024-12-05 13:07:48 Image size of job updated: 188988
	96  -  MemoryUsage of job (MB)
	97976  -  ResidentSetSize of job (KB)
...
006 (34538271.000.000) 2024-12-05 13:08:47 Image size of job updated: 697860
	96  -  MemoryUsage of job (MB)
	97980  -  ResidentSetSize of job (KB)
...
005 (34538271.000.000) 2024-12-05 13:08:48 Job terminated.
	(1) Normal termination (return value 0)
		Usr 0 00:00:43, Sys 0 00:00:02  -  Run Remote Usage
		Usr 0 00:00:00, Sys 0 00:00:00  -  Run Local Usage
		Usr 0 00:00:43, Sys 0 00:00:02  -  Total Remote Usage
		Usr 0 00:00:00, Sys 0 00:00:00  -  Total Local Usage
	0  -  Run Bytes Sent By Job
	0  -  Run Bytes Received By Job
	0  -  Total Bytes Sent By Job
	0  -  Total Bytes Received By Job
	Partitionable Resources :    Usage  Request Allocated 
	   Cpus                 :     0.84        1         1 
	   Disk (KB)            :     2           2    419696 
	   Memory (MB)          :    96         500       512 

	Job terminated of its own accord at 2024-12-05T12:08:47Z.
...
