000 (34538166.000.000) 2024-12-05 12:45:48 Job submitted from host: <90.147.169.224:9618?addrs=90.147.169.224-9618&alias=ettore.recas.ba.infn.it&noUDP&sock=schedd_7835_bc9e>
...
001 (34538166.000.000) 2024-12-05 12:46:15 Job executing on host: <90.147.168.141:9618?addrs=90.147.168.141-9618&alias=wn-7-6-25.recas.ba.infn.it&noUDP&sock=startd_3244_b151>
...
006 (34538166.000.000) 2024-12-05 12:46:24 Image size of job updated: 162492
	96  -  MemoryUsage of job (MB)
	97984  -  ResidentSetSize of job (KB)
...
006 (34538166.000.000) 2024-12-05 12:47:30 Image size of job updated: 698028
	96  -  MemoryUsage of job (MB)
	97984  -  ResidentSetSize of job (KB)
...
005 (34538166.000.000) 2024-12-05 12:47:31 Job terminated.
	(1) Normal termination (return value 0)
		Usr 0 00:00:44, Sys 0 00:00:02  -  Run Remote Usage
		Usr 0 00:00:00, Sys 0 00:00:00  -  Run Local Usage
		Usr 0 00:00:44, Sys 0 00:00:02  -  Total Remote Usage
		Usr 0 00:00:00, Sys 0 00:00:00  -  Total Local Usage
	0  -  Run Bytes Sent By Job
	0  -  Run Bytes Received By Job
	0  -  Total Bytes Sent By Job
	0  -  Total Bytes Received By Job
	Partitionable Resources :    Usage  Request Allocated 
	   Cpus                 :                 1         1 
	   Disk (KB)            :        2        2    419696 
	   Memory (MB)          :       96      500       512 

	Job terminated of its own accord at 2024-12-05T11:47:30Z.
...
