000 (34538949.000.000) 2024-12-05 18:22:39 Job submitted from host: <90.147.169.224:9618?addrs=90.147.169.224-9618&alias=ettore.recas.ba.infn.it&noUDP&sock=schedd_7835_bc9e>
...
001 (34538949.000.000) 2024-12-05 18:22:59 Job executing on host: <90.147.169.53:9618?addrs=90.147.169.53-9618&alias=wn-7-9-9.recas.ba.infn.it&noUDP&sock=startd_3314_b4f2>
...
006 (34538949.000.000) 2024-12-05 18:23:08 Image size of job updated: 55932
	1  -  MemoryUsage of job (MB)
	896  -  ResidentSetSize of job (KB)
...
006 (34538949.000.000) 2024-12-05 18:24:15 Image size of job updated: 713172
	1  -  MemoryUsage of job (MB)
	896  -  ResidentSetSize of job (KB)
...
005 (34538949.000.000) 2024-12-05 18:24:16 Job terminated.
	(1) Normal termination (return value 0)
		Usr 0 00:00:42, Sys 0 00:00:02  -  Run Remote Usage
		Usr 0 00:00:00, Sys 0 00:00:00  -  Run Local Usage
		Usr 0 00:00:42, Sys 0 00:00:02  -  Total Remote Usage
		Usr 0 00:00:00, Sys 0 00:00:00  -  Total Local Usage
	0  -  Run Bytes Sent By Job
	0  -  Run Bytes Received By Job
	0  -  Total Bytes Sent By Job
	0  -  Total Bytes Received By Job
	Partitionable Resources :    Usage  Request Allocated 
	   Cpus                 :                 1         1 
	   Disk (KB)            :        2        2    419696 
	   Memory (MB)          :        1      500       512 

	Job terminated of its own accord at 2024-12-05T17:24:15Z.
...
