000 (34538191.000.000) 2024-12-05 12:49:08 Job submitted from host: <90.147.169.224:9618?addrs=90.147.169.224-9618&alias=ettore.recas.ba.infn.it&noUDP&sock=schedd_7835_bc9e>
...
001 (34538191.000.000) 2024-12-05 12:49:29 Job executing on host: <90.147.169.80:9618?addrs=90.147.169.80-9618&alias=wn-8-7-28.recas.ba.infn.it&noUDP&sock=startd_3217_2c43>
...
006 (34538191.000.000) 2024-12-05 12:49:38 Image size of job updated: 117148
	96  -  MemoryUsage of job (MB)
	98016  -  ResidentSetSize of job (KB)
...
006 (34538191.000.000) 2024-12-05 12:50:11 Image size of job updated: 698124
	96  -  MemoryUsage of job (MB)
	98016  -  ResidentSetSize of job (KB)
...
005 (34538191.000.000) 2024-12-05 12:50:11 Job terminated.
	(1) Normal termination (return value 0)
		Usr 0 00:00:28, Sys 0 00:00:01  -  Run Remote Usage
		Usr 0 00:00:00, Sys 0 00:00:00  -  Run Local Usage
		Usr 0 00:00:28, Sys 0 00:00:01  -  Total Remote Usage
		Usr 0 00:00:00, Sys 0 00:00:00  -  Total Local Usage
	0  -  Run Bytes Sent By Job
	0  -  Run Bytes Received By Job
	0  -  Total Bytes Sent By Job
	0  -  Total Bytes Received By Job
	Partitionable Resources :    Usage  Request Allocated 
	   Cpus                 :                 1         1 
	   Disk (KB)            :        2        2    419696 
	   Memory (MB)          :       96      500       512 

	Job terminated of its own accord at 2024-12-05T11:50:11Z.
...
