000 (34534846.000.000) 2024-12-04 12:34:34 Job submitted from host: <90.147.169.224:9618?addrs=90.147.169.224-9618&alias=ettore.recas.ba.infn.it&noUDP&sock=schedd_7835_bc9e>
...
001 (34534846.000.000) 2024-12-04 12:34:42 Job executing on host: <90.147.168.77:9618?addrs=90.147.168.77-9618&alias=wn-7-6-7.recas.ba.infn.it&noUDP&sock=startd_3173_fe18>
...
006 (34534846.000.000) 2024-12-04 12:34:51 Image size of job updated: 319332
	11  -  MemoryUsage of job (MB)
	10712  -  ResidentSetSize of job (KB)
...
006 (34534846.000.000) 2024-12-04 12:35:30 Image size of job updated: 697752
	11  -  MemoryUsage of job (MB)
	10712  -  ResidentSetSize of job (KB)
...
005 (34534846.000.000) 2024-12-04 12:35:30 Job terminated.
	(1) Normal termination (return value 0)
		Usr 0 00:00:19, Sys 0 00:00:01  -  Run Remote Usage
		Usr 0 00:00:00, Sys 0 00:00:00  -  Run Local Usage
		Usr 0 00:00:19, Sys 0 00:00:01  -  Total Remote Usage
		Usr 0 00:00:00, Sys 0 00:00:00  -  Total Local Usage
	0  -  Run Bytes Sent By Job
	0  -  Run Bytes Received By Job
	0  -  Total Bytes Sent By Job
	0  -  Total Bytes Received By Job
	Partitionable Resources :    Usage  Request Allocated 
	   Cpus                 :                 1         1 
	   Disk (KB)            :        2        2    419696 
	   Memory (MB)          :       11      500       512 

	Job terminated of its own accord at 2024-12-04T11:35:30Z.
...
