000 (34539008.000.000) 2024-12-05 18:35:58 Job submitted from host: <90.147.169.224:9618?addrs=90.147.169.224-9618&alias=ettore.recas.ba.infn.it&noUDP&sock=schedd_7835_bc9e>
...
001 (34539008.000.000) 2024-12-05 18:36:03 Job executing on host: <90.147.168.150:9618?addrs=90.147.168.150-9618&alias=wn-7-6-29.recas.ba.infn.it&noUDP&sock=startd_3396_f3b6>
...
006 (34539008.000.000) 2024-12-05 18:36:12 Image size of job updated: 460840
	86  -  MemoryUsage of job (MB)
	87952  -  ResidentSetSize of job (KB)
...
006 (34539008.000.000) 2024-12-05 18:37:14 Image size of job updated: 698596
	86  -  MemoryUsage of job (MB)
	88036  -  ResidentSetSize of job (KB)
...
005 (34539008.000.000) 2024-12-05 18:37:14 Job terminated.
	(1) Normal termination (return value 0)
		Usr 0 00:00:45, Sys 0 00:00:02  -  Run Remote Usage
		Usr 0 00:00:00, Sys 0 00:00:00  -  Run Local Usage
		Usr 0 00:00:45, Sys 0 00:00:02  -  Total Remote Usage
		Usr 0 00:00:00, Sys 0 00:00:00  -  Total Local Usage
	0  -  Run Bytes Sent By Job
	0  -  Run Bytes Received By Job
	0  -  Total Bytes Sent By Job
	0  -  Total Bytes Received By Job
	Partitionable Resources :    Usage  Request Allocated 
	   Cpus                 :     0.90        1         1 
	   Disk (KB)            :     2           2    419696 
	   Memory (MB)          :    86         500       512 

	Job terminated of its own accord at 2024-12-05T17:37:14Z.
...
