000 (34539001.000.000) 2024-12-05 18:35:57 Job submitted from host: <90.147.169.224:9618?addrs=90.147.169.224-9618&alias=ettore.recas.ba.infn.it&noUDP&sock=schedd_7835_bc9e>
...
001 (34539001.000.000) 2024-12-05 18:36:03 Job executing on host: <90.147.168.144:9618?addrs=90.147.168.144-9618&alias=wn-8-9-9.recas.ba.infn.it&noUDP&sock=startd_3239_4358>
...
006 (34539001.000.000) 2024-12-05 18:36:12 Image size of job updated: 200164
	55  -  MemoryUsage of job (MB)
	55888  -  ResidentSetSize of job (KB)
...
006 (34539001.000.000) 2024-12-05 18:37:20 Image size of job updated: 699496
	55  -  MemoryUsage of job (MB)
	55888  -  ResidentSetSize of job (KB)
...
005 (34539001.000.000) 2024-12-05 18:37:21 Job terminated.
	(1) Normal termination (return value 0)
		Usr 0 00:00:46, Sys 0 00:00:02  -  Run Remote Usage
		Usr 0 00:00:00, Sys 0 00:00:00  -  Run Local Usage
		Usr 0 00:00:46, Sys 0 00:00:02  -  Total Remote Usage
		Usr 0 00:00:00, Sys 0 00:00:00  -  Total Local Usage
	0  -  Run Bytes Sent By Job
	0  -  Run Bytes Received By Job
	0  -  Total Bytes Sent By Job
	0  -  Total Bytes Received By Job
	Partitionable Resources :    Usage  Request Allocated 
	   Cpus                 :                 1         1 
	   Disk (KB)            :        2        2    419696 
	   Memory (MB)          :       55      500       512 

	Job terminated of its own accord at 2024-12-05T17:37:20Z.
...
