000 (34538145.000.000) 2024-12-05 12:42:25 Job submitted from host: <90.147.169.224:9618?addrs=90.147.169.224-9618&alias=ettore.recas.ba.infn.it&noUDP&sock=schedd_7835_bc9e>
...
001 (34538145.000.000) 2024-12-05 12:42:38 Job executing on host: <90.147.168.195:9618?addrs=90.147.168.195-9618&alias=wn-8-6-6.recas.ba.infn.it&noUDP&sock=startd_3257_9c0c>
...
006 (34538145.000.000) 2024-12-05 12:42:46 Image size of job updated: 179420
	96  -  MemoryUsage of job (MB)
	97972  -  ResidentSetSize of job (KB)
...
006 (34538145.000.000) 2024-12-05 12:43:46 Image size of job updated: 698896
	96  -  MemoryUsage of job (MB)
	97972  -  ResidentSetSize of job (KB)
...
005 (34538145.000.000) 2024-12-05 12:43:46 Job terminated.
	(1) Normal termination (return value 0)
		Usr 0 00:00:37, Sys 0 00:00:01  -  Run Remote Usage
		Usr 0 00:00:00, Sys 0 00:00:00  -  Run Local Usage
		Usr 0 00:00:37, Sys 0 00:00:01  -  Total Remote Usage
		Usr 0 00:00:00, Sys 0 00:00:00  -  Total Local Usage
	0  -  Run Bytes Sent By Job
	0  -  Run Bytes Received By Job
	0  -  Total Bytes Sent By Job
	0  -  Total Bytes Received By Job
	Partitionable Resources :    Usage  Request Allocated 
	   Cpus                 :                 1         1 
	   Disk (KB)            :        2        2    419696 
	   Memory (MB)          :       96      500       512 

	Job terminated of its own accord at 2024-12-05T11:43:46Z.
...
