000 (34538955.000.000) 2024-12-05 18:22:39 Job submitted from host: <90.147.169.224:9618?addrs=90.147.169.224-9618&alias=ettore.recas.ba.infn.it&noUDP&sock=schedd_7835_bc9e>
...
001 (34538955.000.000) 2024-12-05 18:22:59 Job executing on host: <90.147.168.215:9618?addrs=90.147.168.215-9618&alias=wn-8-6-3.recas.ba.infn.it&noUDP&sock=startd_3212_be49>
...
006 (34538955.000.000) 2024-12-05 18:23:08 Image size of job updated: 82296
	1  -  MemoryUsage of job (MB)
	896  -  ResidentSetSize of job (KB)
...
006 (34538955.000.000) 2024-12-05 18:24:18 Image size of job updated: 699932
	1  -  MemoryUsage of job (MB)
	896  -  ResidentSetSize of job (KB)
...
005 (34538955.000.000) 2024-12-05 18:24:19 Job terminated.
	(1) Normal termination (return value 0)
		Usr 0 00:00:46, Sys 0 00:00:02  -  Run Remote Usage
		Usr 0 00:00:00, Sys 0 00:00:00  -  Run Local Usage
		Usr 0 00:00:46, Sys 0 00:00:02  -  Total Remote Usage
		Usr 0 00:00:00, Sys 0 00:00:00  -  Total Local Usage
	0  -  Run Bytes Sent By Job
	0  -  Run Bytes Received By Job
	0  -  Total Bytes Sent By Job
	0  -  Total Bytes Received By Job
	Partitionable Resources :    Usage  Request Allocated 
	   Cpus                 :     0.83        1         1 
	   Disk (KB)            :     2           2    419696 
	   Memory (MB)          :     1         500       512 

	Job terminated of its own accord at 2024-12-05T17:24:18Z.
...
