000 (33979320.000.000) 2024-09-23 10:43:35 Job submitted from host: <90.147.169.224:9618?addrs=90.147.169.224-9618&alias=ettore.recas.ba.infn.it&noUDP&sock=schedd_7750_6f11>
...
001 (33979320.000.000) 2024-09-23 10:43:46 Job executing on host: <90.147.168.120:9618?addrs=90.147.168.120-9618&alias=wn-7-9-11.recas.ba.infn.it&noUDP&sock=startd_3228_b7cd>
...
006 (33979320.000.000) 2024-09-23 10:43:54 Image size of job updated: 98768
	96  -  MemoryUsage of job (MB)
	97900  -  ResidentSetSize of job (KB)
...
006 (33979320.000.000) 2024-09-23 10:45:25 Image size of job updated: 696616
	96  -  MemoryUsage of job (MB)
	97900  -  ResidentSetSize of job (KB)
...
005 (33979320.000.000) 2024-09-23 10:45:25 Job terminated.
	(1) Normal termination (return value 0)
		Usr 0 00:00:44, Sys 0 00:00:02  -  Run Remote Usage
		Usr 0 00:00:00, Sys 0 00:00:00  -  Run Local Usage
		Usr 0 00:00:44, Sys 0 00:00:02  -  Total Remote Usage
		Usr 0 00:00:00, Sys 0 00:00:00  -  Total Local Usage
	0  -  Run Bytes Sent By Job
	0  -  Run Bytes Received By Job
	0  -  Total Bytes Sent By Job
	0  -  Total Bytes Received By Job
	Partitionable Resources :    Usage  Request Allocated 
	   Cpus                 :     0.55        1         1 
	   Disk (KB)            :     2           2    419696 
	   Memory (MB)          :    96         500       512 

	Job terminated of its own accord at 2024-09-23T08:45:25Z.
...
