000 (33979271.000.000) 2024-09-23 10:42:19 Job submitted from host: <90.147.169.224:9618?addrs=90.147.169.224-9618&alias=ettore.recas.ba.infn.it&noUDP&sock=schedd_7750_6f11>
...
001 (33979271.000.000) 2024-09-23 10:42:29 Job executing on host: <90.147.168.151:9618?addrs=90.147.168.151-9618&alias=wn-8-6-20.recas.ba.infn.it&noUDP&sock=startd_3161_c2f5>
...
006 (33979271.000.000) 2024-09-23 10:42:38 Image size of job updated: 138436
	55  -  MemoryUsage of job (MB)
	55868  -  ResidentSetSize of job (KB)
...
006 (33979271.000.000) 2024-09-23 10:46:26 Image size of job updated: 697044
	55  -  MemoryUsage of job (MB)
	55868  -  ResidentSetSize of job (KB)
...
005 (33979271.000.000) 2024-09-23 10:46:27 Job terminated.
	(1) Normal termination (return value 0)
		Usr 0 00:01:37, Sys 0 00:00:04  -  Run Remote Usage
		Usr 0 00:00:00, Sys 0 00:00:00  -  Run Local Usage
		Usr 0 00:01:37, Sys 0 00:00:04  -  Total Remote Usage
		Usr 0 00:00:00, Sys 0 00:00:00  -  Total Local Usage
	0  -  Run Bytes Sent By Job
	0  -  Run Bytes Received By Job
	0  -  Total Bytes Sent By Job
	0  -  Total Bytes Received By Job
	Partitionable Resources :    Usage  Request Allocated 
	   Cpus                 :     0.44        1         1 
	   Disk (KB)            :     2           2    419696 
	   Memory (MB)          :    55         500       512 

	Job terminated of its own accord at 2024-09-23T08:46:26Z.
...
