000 (33979272.000.000) 2024-09-23 10:42:20 Job submitted from host: <90.147.169.224:9618?addrs=90.147.169.224-9618&alias=ettore.recas.ba.infn.it&noUDP&sock=schedd_7750_6f11>
...
001 (33979272.000.000) 2024-09-23 10:42:30 Job executing on host: <90.147.169.82:9618?addrs=90.147.169.82-9618&alias=wn-8-9-10.recas.ba.infn.it&noUDP&sock=startd_3234_d55f>
...
006 (33979272.000.000) 2024-09-23 10:42:38 Image size of job updated: 31740
	1  -  MemoryUsage of job (MB)
	884  -  ResidentSetSize of job (KB)
...
006 (33979272.000.000) 2024-09-23 10:46:24 Image size of job updated: 697200
	1  -  MemoryUsage of job (MB)
	884  -  ResidentSetSize of job (KB)
...
005 (33979272.000.000) 2024-09-23 10:46:24 Job terminated.
	(1) Normal termination (return value 0)
		Usr 0 00:01:49, Sys 0 00:00:05  -  Run Remote Usage
		Usr 0 00:00:00, Sys 0 00:00:00  -  Run Local Usage
		Usr 0 00:01:49, Sys 0 00:00:05  -  Total Remote Usage
		Usr 0 00:00:00, Sys 0 00:00:00  -  Total Local Usage
	0  -  Run Bytes Sent By Job
	0  -  Run Bytes Received By Job
	0  -  Total Bytes Sent By Job
	0  -  Total Bytes Received By Job
	Partitionable Resources :    Usage  Request Allocated 
	   Cpus                 :     0.45        1         1 
	   Disk (KB)            :     2           2    419696 
	   Memory (MB)          :     1         500       512 

	Job terminated of its own accord at 2024-09-23T08:46:24Z.
...
