DEBUG 2024-12-17 21:13:34.900 UTC: 	 CRAB Client version: v3.241125
DEBUG 2024-12-17 21:13:34.900 UTC: 	 Running on: Linux ui02.recas.ba.infn.it 3.10.0-1160.80.1.el7.x86_64 #1 SMP Tue Nov 8 15:48:59 UTC 2022 x86_64 x86_64 x86_64 GNU/Linux
DEBUG 2024-12-17 21:13:34.900 UTC: 	 Not using Singularity
DEBUG 2024-12-17 21:13:34.900 UTC: 	 Operating System: CentOS Linux 7 (Core)
DEBUG 2024-12-17 21:13:34.900 UTC: 	 Executing command: 'submit'
DEBUG 2024-12-17 21:13:34.900 UTC: 	 Found CRAB cache file /lustrehome/felicenenna/.crab3
INFO 2024-12-17 21:13:34.901 UTC: 	 Will use CRAB configuration file crab_MCRun4_DsTau3Mu_cfg.py
DEBUG 2024-12-17 21:13:34.901 UTC: 	 Loading CRAB configuration file.
DEBUG 2024-12-17 21:13:34.932 UTC: 	 Will use CRAB plugin ANALYSIS (i.e. will run an analysis job type).
DEBUG 2024-12-17 21:13:34.939 UTC: 	 Checking credentials
DEBUG 2024-12-17 21:13:34.939 UTC: 	 Found proxy file /tmp/x509up_u881416
DEBUG 2024-12-17 21:13:34.939 UTC: 	 Making sure it has proper VOMS extension
DEBUG 2024-12-17 21:13:34.939 UTC: 	 Executing command :
 voms-proxy-info --vo --file /tmp/x509up_u881416
DEBUG 2024-12-17 21:13:36.207 UTC: 	 output : cms

 error: 
 retcode : 0
DEBUG 2024-12-17 21:13:36.207 UTC: 	 Getting proxy life time left
DEBUG 2024-12-17 21:13:36.207 UTC: 	 Executing command :
 voms-proxy-info --actimeleft --timeleft --file /tmp/x509up_u881416
DEBUG 2024-12-17 21:13:37.108 UTC: 	 output : 661626
661626

 error: 
 retcode : 0
DEBUG 2024-12-17 21:13:37.109 UTC: 	 Proxy valid for 183:47:06 hours
DEBUG 2024-12-17 21:13:37.109 UTC: 	 Encoded data for curl request: subresource=delegatedn
DEBUG 2024-12-17 21:13:37.262 UTC: 	 Registering user credentials on myproxy for /DC=ch/DC=cern/OU=computers/CN=crab-(preprod|prod)-tw(01|02).cern.ch|/DC=ch/DC=cern/OU=computers/CN=crab-dev-tw(01|02|03|04).cern.ch|/DC=ch/DC=cern/OU=Organic Units/OU=Users/CN=cmscrab/CN=(817881|373708)/CN=Robot: cms crab|/DC=ch/DC=cern/OU=Organic Units/OU=Users/CN=crabint1/CN=373708/CN=Robot: CMS CRAB Integration 1
DEBUG 2024-12-17 21:13:37.262 UTC: 	 Executing command :
 voms-proxy-info --identity --file /tmp/x509up_u881416
DEBUG 2024-12-17 21:13:38.168 UTC: 	 output : /DC=ch/DC=cern/OU=Organic Units/OU=Users/CN=fnenna/CN=868185/CN=Felice Nenna

 error: 
 retcode : 0
DEBUG 2024-12-17 21:13:38.168 UTC: 	 Getting myproxy life time left for a133b326f2e83ec4c6fd8cd18786edfdbb69b415
DEBUG 2024-12-17 21:13:38.168 UTC: 	 Executing command :
 myproxy-info -s myproxy.cern.ch -l a133b326f2e83ec4c6fd8cd18786edfdbb69b415
DEBUG 2024-12-17 21:13:38.645 UTC: 	 output : username: a133b326f2e83ec4c6fd8cd18786edfdbb69b415
owner: /DC=ch/DC=cern/OU=Organic Units/OU=Users/CN=fnenna/CN=868185/CN=Felice Nenna
  renewal policy: /DC=ch/DC=cern/OU=computers/CN=crab-(preprod|prod)-tw(01|02).cern.ch|/DC=ch/DC=cern/OU=computers/CN=crab-dev-tw(01|02|03|04).cern.ch|/DC=ch/DC=cern/OU=Organic Units/OU=Users/CN=cmscrab/CN=(817881|373708)/CN=Robot: cms crab|/DC=ch/DC=cern/OU=Organic Units/OU=Users/CN=crabint1/CN=373708/CN=Robot: CMS CRAB Integration 1
  trusted retrieval policy: /DC=ch/DC=cern/OU=computers/CN=crab-(preprod|prod)-tw(01|02).cern.ch|/DC=ch/DC=cern/OU=computers/CN=crab-dev-tw(01|02|03|04).cern.ch|/DC=ch/DC=cern/OU=Organic Units/OU=Users/CN=cmscrab/CN=(817881|373708)/CN=Robot: cms crab|/DC=ch/DC=cern/OU=Organic Units/OU=Users/CN=crabint1/CN=373708/CN=Robot: CMS CRAB Integration 1
  timeleft: 565:32:09  (23.6 days)

 error: 
 retcode : 0
DEBUG 2024-12-17 21:13:38.646 UTC: 	 Myproxy is valid: 2035920
DEBUG 2024-12-17 21:13:38.646 UTC: 	 Result of myproxy credential check:
  Credential exists on myproxy: username: a133b326f2e83ec4c6fd8cd18786edfdbb69b415  - validity: 23 days, 13:32:00
DEBUG 2024-12-17 21:13:38.646 UTC: 	 Command use: submit
DEBUG 2024-12-17 21:13:38.646 UTC: 	 Options use: ['-c', 'crab_MCRun4_DsTau3Mu_cfg.py']
DEBUG 2024-12-17 21:13:38.646 UTC: 	 Encoded data for curl request: subresource=version
DEBUG 2024-12-17 21:13:38.794 UTC: 	 CRABClient version: v3.241125
DEBUG 2024-12-17 21:13:38.794 UTC: 	 Instance is prod
DEBUG 2024-12-17 21:13:38.794 UTC: 	 Server base url is cmsweb.cern.ch
DEBUG 2024-12-17 21:13:38.794 UTC: 	 Command api workflow
DEBUG 2024-12-17 21:13:38.794 UTC: 	 Started submission
DEBUG 2024-12-17 21:13:38.794 UTC: 	 Working on /lustrehome/felicenenna/tau3mu/CMSSW_14_0_17/src/GenAnalyser/GenAnalyzer/CrabSubmission/crab_projects/crab_MCRun4_DsTau3Mu_private
DEBUG 2024-12-17 21:13:38.794 UTC: 	 Encoded data for curl request: subresource=backendurls
DEBUG 2024-12-17 21:15:46.370 UTC: 	 Loading required information from the environment
DEBUG 2024-12-17 21:15:46.370 UTC: 	 Found CMSSW_14_0_17 for slc7_amd64_gcc12 with base /lustrehome/felicenenna/tau3mu/CMSSW_14_0_17
DEBUG 2024-12-17 21:15:46.370 UTC: 	 Loading required information from the environment
DEBUG 2024-12-17 21:15:46.370 UTC: 	 Found CMSSW_14_0_17 for slc7_amd64_gcc12 with base /lustrehome/felicenenna/tau3mu/CMSSW_14_0_17
DEBUG 2024-12-17 21:15:46.370 UTC: 	 UNIQUE NAME: tarUUID 45723a30-4218-41ab-b7e6-c04612f408ae 
DEBUG 2024-12-17 21:15:46.370 UTC: 	 self.config: from WMCore.Configuration import Configuration
config = Configuration()
config.section_('General')
config.General.transferLogs = False
config.General.requestName = 'MCRun4_DsTau3Mu_private'
config.General.transferOutputs = True
config.General.workArea = 'crab_projects'
config.section_('JobType')
config.JobType.allowUndistributedCMSSW = True
config.JobType.pluginName = 'Analysis'
config.JobType.psetName = '/lustrehome/felicenenna/tau3mu/CMSSW_14_0_17/src/GenAnalyser/GenAnalyzer/python/genAnalyser_cff.py'
config.section_('Data')
config.Data.inputDataset = '/DSTau3Mu_14TeV_Pythia8/jschulte-Phase2Spring24DIGIRECOMiniAOD-PU200_140X_mcRun4_realistic_v4_MiniAODTest_v1-515bee752741ef71814a39d75a17d442/USER'
config.Data.splitting = 'FileBased'
config.Data.outputDatasetTag = 'DsTau3mu_test_MCRun4'
config.Data.inputDBS = 'phys03'
config.Data.unitsPerJob = 100
config.Data.outLFNDirBase = '/store/user/fnenna/'
config.section_('Site')
config.Site.ignoreGlobalBlacklist = True
config.Site.storageSite = 'T2_IT_Bari'
config.section_('User')
config.section_('Debug')

DEBUG 2024-12-17 21:15:46.370 UTC: 	 self.config.JobType.psetName: /lustrehome/felicenenna/tau3mu/CMSSW_14_0_17/src/GenAnalyser/GenAnalyzer/python/genAnalyser_cff.py
INFO 2024-12-17 21:15:46.371 UTC: 	 Importing CMSSW configuration /lustrehome/felicenenna/tau3mu/CMSSW_14_0_17/src/GenAnalyser/GenAnalyzer/python/genAnalyser_cff.py
INFO 2024-12-17 21:15:49.803 UTC: 	 Finished importing CMSSW configuration /lustrehome/felicenenna/tau3mu/CMSSW_14_0_17/src/GenAnalyser/GenAnalyzer/python/genAnalyser_cff.py
DEBUG 2024-12-17 21:15:49.804 UTC: 	 Writing CMSSW configuration to /lustrehome/felicenenna/tau3mu/CMSSW_14_0_17/src/GenAnalyser/GenAnalyzer/CrabSubmission/crab_projects/crab_MCRun4_DsTau3Mu_private/inputs/PSet.py
DEBUG 2024-12-17 21:15:49.920 UTC: 	 The following EDM output files will be collected: []
DEBUG 2024-12-17 21:15:49.920 UTC: 	 The following TFile output files will be collected: ['TreeMC.root']
DEBUG 2024-12-17 21:15:49.920 UTC: 	 The following user output files (not listed as PoolOuputModule or TFileService in the CMSSW PSet) will be collected: 
DEBUG 2024-12-17 21:15:49.920 UTC: 	 Loading required information from the environment
DEBUG 2024-12-17 21:15:49.920 UTC: 	 Found CMSSW_14_0_17 for slc7_amd64_gcc12 with base /lustrehome/felicenenna/tau3mu/CMSSW_14_0_17
DEBUG 2024-12-17 21:15:49.920 UTC: 	 Making tarball in /lustrehome/felicenenna/tau3mu/CMSSW_14_0_17/src/GenAnalyser/GenAnalyzer/CrabSubmission/crab_projects/crab_MCRun4_DsTau3Mu_private/inputs/45723a30-4218-41ab-b7e6-c04612f408aedefault.tgz
DEBUG 2024-12-17 21:15:49.927 UTC: 	 Checking directory /lustrehome/felicenenna/tau3mu/CMSSW_14_0_17/bin
DEBUG 2024-12-17 21:15:49.927 UTC: 	 Adding directory /lustrehome/felicenenna/tau3mu/CMSSW_14_0_17/bin to tarball
DEBUG 2024-12-17 21:15:49.968 UTC: 	 Checking directory /lustrehome/felicenenna/tau3mu/CMSSW_14_0_17/python
DEBUG 2024-12-17 21:15:49.968 UTC: 	 Adding directory /lustrehome/felicenenna/tau3mu/CMSSW_14_0_17/python to tarball
DEBUG 2024-12-17 21:15:50.536 UTC: 	 Checking directory /lustrehome/felicenenna/tau3mu/CMSSW_14_0_17/cfipython
DEBUG 2024-12-17 21:15:50.537 UTC: 	 Adding directory /lustrehome/felicenenna/tau3mu/CMSSW_14_0_17/cfipython to tarball
DEBUG 2024-12-17 21:15:50.607 UTC: 	 Checking directory /lustrehome/felicenenna/tau3mu/CMSSW_14_0_17/lib
DEBUG 2024-12-17 21:15:50.607 UTC: 	 Adding directory /lustrehome/felicenenna/tau3mu/CMSSW_14_0_17/lib to tarball
DEBUG 2024-12-17 21:15:50.958 UTC: 	 Checking directory /lustrehome/felicenenna/tau3mu/CMSSW_14_0_17/biglib
DEBUG 2024-12-17 21:15:50.958 UTC: 	 Adding directory /lustrehome/felicenenna/tau3mu/CMSSW_14_0_17/biglib to tarball
DEBUG 2024-12-17 21:15:50.959 UTC: 	 Checking directory /lustrehome/felicenenna/tau3mu/CMSSW_14_0_17/module
DEBUG 2024-12-17 21:15:50.959 UTC: 	 Checking directory /lustrehome/felicenenna/tau3mu/CMSSW_14_0_17/config/SCRAM/hooks
DEBUG 2024-12-17 21:15:50.959 UTC: 	 Adding directory /lustrehome/felicenenna/tau3mu/CMSSW_14_0_17/config/SCRAM/hooks to tarball
DEBUG 2024-12-17 21:15:50.992 UTC: 	 Adding directory /lustrehome/felicenenna/tau3mu/CMSSW_14_0_17/src/GenAnalyser/GenAnalyzer/python to tarball
DEBUG 2024-12-17 21:15:51.271 UTC: 	 Adding directory /lustrehome/felicenenna/tau3mu/CMSSW_14_0_17/src/Plugins/MiniAnaTau3Mu/python to tarball
DEBUG 2024-12-17 21:15:51.306 UTC: 	 Adding directory /lustrehome/felicenenna/tau3mu/CMSSW_14_0_17/src/Plugins/TrackFromCandProducer/python to tarball
DEBUG 2024-12-17 21:15:51.309 UTC: 	 Adding directory /lustrehome/felicenenna/tau3mu/CMSSW_14_0_17/src/Plugins/RecoMuonAnalyzer/python to tarball
DEBUG 2024-12-17 21:15:51.333 UTC: 	 Adding directory /lustrehome/felicenenna/tau3mu/CMSSW_14_0_17/src/Plugins/SimpleEventCounter/python to tarball
DEBUG 2024-12-17 21:15:51.356 UTC: 	 Adding directory /lustrehome/felicenenna/tau3mu/CMSSW_14_0_17/src/Plugins/PFCandFilter/python to tarball
DEBUG 2024-12-17 21:15:51.398 UTC: 	 Adding directory /lustrehome/felicenenna/tau3mu/CMSSW_14_0_17/src/GenAna/GenAnalyser/GenAnalyzer/python to tarball
DEBUG 2024-12-17 21:15:51.424 UTC: 	 Adding directory /lustrehome/felicenenna/tau3mu/CMSSW_14_0_17/src/SkimTools/SkimTau3Mu/python to tarball
DEBUG 2024-12-17 21:15:51.481 UTC: 	 Adding directory /lustrehome/felicenenna/tau3mu/CMSSW_14_0_17/src/SkimTools/SkimPhiPi/python to tarball
DEBUG 2024-12-17 21:15:51.506 UTC: 	 Adding directory /lustrehome/felicenenna/tau3mu/CMSSW_14_0_17/src/SkimTools/SkimPhiMuNu/python to tarball
DEBUG 2024-12-17 21:15:51.716 UTC: 	 Uploading archive /lustrehome/felicenenna/tau3mu/CMSSW_14_0_17/src/GenAnalyser/GenAnalyzer/CrabSubmission/crab_projects/crab_MCRun4_DsTau3Mu_private/inputs/45723a30-4218-41ab-b7e6-c04612f408aedefault.tgz (1.053711.1 MB) to the CRAB cache. Using URI https://cmsweb.cern.ch/S3/crabcache_prod
DEBUG 2024-12-17 21:15:52.247 UTC: 	 Encoded data for curl request: subresource=upload&objecttype=sandbox&tarballname=e96ee4bbe62cd2f796c530f15aadbe2a70daf5bc7e10d4ecfa03a880e7ea1d9e.tar.gz
DEBUG 2024-12-17 21:15:52.451 UTC: 	 Will execute:
curl -f -v -X POST  -H "User-Agent: CRAB" -F "key=fnenna/sandboxes/e96ee4bbe62cd2f796c530f15aadbe2a70daf5bc7e10d4ecfa03a880e7ea1d9e.tar.gz" -F "AWSAccessKeyId=715203df6482458ba839e73e6dab634b" -F "policy=eyJleHBpcmF0aW9uIjogIjIwMjQtMTItMTdUMjI6MTU6NTJaIiwgImNvbmRpdGlvbnMiOiBbeyJidWNrZXQiOiAiY3JhYmNhY2hlX3Byb2QifSwgeyJrZXkiOiAiZm5lbm5hL3NhbmRib3hlcy9lOTZlZTRiYmU2MmNkMmY3OTZjNTMwZjE1YWFkYmUyYTcwZGFmNWJjN2UxMGQ0ZWNmYTAzYTg4MGU3ZWExZDllLnRhci5neiJ9XX0=" -F "signature=l0+0CFP99fKviwUgSMYPQ6JAV/A=" -F "file=@/lustrehome/felicenenna/tau3mu/CMSSW_14_0_17/src/GenAnalyser/GenAnalyzer/CrabSubmission/crab_projects/crab_MCRun4_DsTau3Mu_private/inputs/45723a30-4218-41ab-b7e6-c04612f408aedefault.tgz" "https://s3.cern.ch/crabcache_prod"
DEBUG 2024-12-17 21:15:53.766 UTC: 	 exitcode: 0
stdout: b''
DEBUG 2024-12-17 21:15:53.767 UTC: 	 upload to S3 of sandbox /lustrehome/felicenenna/tau3mu/CMSSW_14_0_17/src/GenAnalyser/GenAnalyzer/CrabSubmission/crab_projects/crab_MCRun4_DsTau3Mu_private/inputs/45723a30-4218-41ab-b7e6-c04612f408aedefault.tgz completed
DEBUG 2024-12-17 21:15:53.767 UTC: 	 make sure that object is ready for retrieve
DEBUG 2024-12-17 21:15:54.768 UTC: 	 Encoded data for curl request: subresource=download&objecttype=sandbox&tarballname=e96ee4bbe62cd2f796c530f15aadbe2a70daf5bc7e10d4ecfa03a880e7ea1d9e.tar.gz&clientmethod=head_object
DEBUG 2024-12-17 21:15:54.919 UTC: 	 PreSignedUrl to download sandbox received OK
DEBUG 2024-12-17 21:15:54.924 UTC: 	 Will execute:
 curl -v -s -f -o /dev/null --head  "https://s3.cern.ch/crabcache_prod/fnenna/sandboxes/e96ee4bbe62cd2f796c530f15aadbe2a70daf5bc7e10d4ecfa03a880e7ea1d9e.tar.gz?AWSAccessKeyId=715203df6482458ba839e73e6dab634b&Signature=KnwbbtOAaJ%2Ftvv3ijtKtsT3cTG0%3D&Expires=1734473754"
DEBUG 2024-12-17 21:15:55.051 UTC: 	 exitcode: 0
stdout: b''
DEBUG 2024-12-17 21:15:55.051 UTC: 	 sandbox /lustrehome/felicenenna/tau3mu/CMSSW_14_0_17/src/GenAnalyser/GenAnalyzer/CrabSubmission/crab_projects/crab_MCRun4_DsTau3Mu_private/inputs/45723a30-4218-41ab-b7e6-c04612f408aedefault.tgz successfully uploaded to S3
DEBUG 2024-12-17 21:15:55.052 UTC: 	 Loading required information from the environment
DEBUG 2024-12-17 21:15:55.052 UTC: 	 Found CMSSW_14_0_17 for slc7_amd64_gcc12 with base /lustrehome/felicenenna/tau3mu/CMSSW_14_0_17
DEBUG 2024-12-17 21:15:55.052 UTC: 	 Making tarball in /lustrehome/felicenenna/tau3mu/CMSSW_14_0_17/src/GenAnalyser/GenAnalyzer/CrabSubmission/crab_projects/crab_MCRun4_DsTau3Mu_private/inputs/debugFiles.tgz
DEBUG 2024-12-17 21:15:55.058 UTC: 	 Uploading archive /lustrehome/felicenenna/tau3mu/CMSSW_14_0_17/src/GenAnalyser/GenAnalyzer/CrabSubmission/crab_projects/crab_MCRun4_DsTau3Mu_private/inputs/debugFiles.tgz (2 KB) to the CRAB cache. Using URI https://cmsweb.cern.ch/S3/crabcache_prod
DEBUG 2024-12-17 21:15:55.062 UTC: 	 Encoded data for curl request: subresource=upload&objecttype=sandbox&tarballname=291271213f65f60525ae03cc190c7f8683795cd7bc925f208a80842021c96820.tar.gz
DEBUG 2024-12-17 21:15:55.257 UTC: 	 Will execute:
curl -f -v -X POST  -H "User-Agent: CRAB" -F "key=fnenna/sandboxes/291271213f65f60525ae03cc190c7f8683795cd7bc925f208a80842021c96820.tar.gz" -F "AWSAccessKeyId=715203df6482458ba839e73e6dab634b" -F "policy=eyJleHBpcmF0aW9uIjogIjIwMjQtMTItMTdUMjI6MTU6NTVaIiwgImNvbmRpdGlvbnMiOiBbeyJidWNrZXQiOiAiY3JhYmNhY2hlX3Byb2QifSwgeyJrZXkiOiAiZm5lbm5hL3NhbmRib3hlcy8yOTEyNzEyMTNmNjVmNjA1MjVhZTAzY2MxOTBjN2Y4NjgzNzk1Y2Q3YmM5MjVmMjA4YTgwODQyMDIxYzk2ODIwLnRhci5neiJ9XX0=" -F "signature=qFlEYW7tLAT0B4uBzZp5cq5fzT8=" -F "file=@/lustrehome/felicenenna/tau3mu/CMSSW_14_0_17/src/GenAnalyser/GenAnalyzer/CrabSubmission/crab_projects/crab_MCRun4_DsTau3Mu_private/inputs/debugFiles.tgz" "https://s3.cern.ch/crabcache_prod"
DEBUG 2024-12-17 21:15:55.542 UTC: 	 exitcode: 0
stdout: b''
DEBUG 2024-12-17 21:15:55.543 UTC: 	 upload to S3 of sandbox /lustrehome/felicenenna/tau3mu/CMSSW_14_0_17/src/GenAnalyser/GenAnalyzer/CrabSubmission/crab_projects/crab_MCRun4_DsTau3Mu_private/inputs/debugFiles.tgz completed
DEBUG 2024-12-17 21:15:55.543 UTC: 	 make sure that object is ready for retrieve
DEBUG 2024-12-17 21:15:56.544 UTC: 	 Encoded data for curl request: subresource=download&objecttype=sandbox&tarballname=291271213f65f60525ae03cc190c7f8683795cd7bc925f208a80842021c96820.tar.gz&clientmethod=head_object
DEBUG 2024-12-17 21:15:56.703 UTC: 	 PreSignedUrl to download sandbox received OK
DEBUG 2024-12-17 21:15:56.708 UTC: 	 Will execute:
 curl -v -s -f -o /dev/null --head  "https://s3.cern.ch/crabcache_prod/fnenna/sandboxes/291271213f65f60525ae03cc190c7f8683795cd7bc925f208a80842021c96820.tar.gz?AWSAccessKeyId=715203df6482458ba839e73e6dab634b&Signature=s5KG3XDK8qmRdYZdxjlriVzFSf0%3D&Expires=1734473756"
DEBUG 2024-12-17 21:15:56.856 UTC: 	 exitcode: 0
stdout: b''
DEBUG 2024-12-17 21:15:56.856 UTC: 	 sandbox /lustrehome/felicenenna/tau3mu/CMSSW_14_0_17/src/GenAnalyser/GenAnalyzer/CrabSubmission/crab_projects/crab_MCRun4_DsTau3Mu_private/inputs/debugFiles.tgz successfully uploaded to S3
DEBUG 2024-12-17 21:15:56.857 UTC: 	 Result uploading input files: e96ee4bbe62cd2f796c530f15aadbe2a70daf5bc7e10d4ecfa03a880e7ea1d9e.tar.gz 
WARNING 2024-12-17 21:15:56.857 UTC: 	 Warning: The following output files will not be published, as they are not EDM files: ['TreeMC.root']
DEBUG 2024-12-17 21:15:56.857 UTC: 	 submit() - self.configuration from WMCore.Configuration import Configuration
config = Configuration()
config.section_('General')
config.General.transferLogs = False
config.General.requestName = 'MCRun4_DsTau3Mu_private'
config.General.transferOutputs = True
config.General.workArea = 'crab_projects'
config.section_('JobType')
config.JobType.allowUndistributedCMSSW = True
config.JobType.pluginName = 'Analysis'
config.JobType.psetName = '/lustrehome/felicenenna/tau3mu/CMSSW_14_0_17/src/GenAnalyser/GenAnalyzer/python/genAnalyser_cff.py'
config.section_('Data')
config.Data.inputDataset = '/DSTau3Mu_14TeV_Pythia8/jschulte-Phase2Spring24DIGIRECOMiniAOD-PU200_140X_mcRun4_realistic_v4_MiniAODTest_v1-515bee752741ef71814a39d75a17d442/USER'
config.Data.splitting = 'FileBased'
config.Data.outputDatasetTag = 'DsTau3mu_test_MCRun4'
config.Data.inputDBS = 'phys03'
config.Data.unitsPerJob = 100
config.Data.outLFNDirBase = '/store/user/fnenna/'
config.section_('Site')
config.Site.ignoreGlobalBlacklist = True
config.Site.storageSite = 'T2_IT_Bari'
config.section_('User')
config.section_('Debug')

DEBUG 2024-12-17 21:15:56.857 UTC: 	 submit() - self.configreq {'dryrun': 0, 'workflow': 'crab_MCRun4_DsTau3Mu_private', 'saveoutput': 1, 'savelogsflag': 0, 'inputdata': '/DSTau3Mu_14TeV_Pythia8/jschulte-Phase2Spring24DIGIRECOMiniAOD-PU200_140X_mcRun4_realistic_v4_MiniAODTest_v1-515bee752741ef71814a39d75a17d442/USER', 'nonvaliddata': 0, 'userfiles': [], 'dbsurl': 'https://cmsweb.cern.ch/dbs/prod/phys03/DBSReader', 'useparent': 0, 'ignorelocality': 0, 'splitalgo': 'FileBased', 'algoargs': 100, 'totalunits': 0, 'lfn': '/store/user/fnenna/', 'publication': 1, 'publishdbsurl': 'https://cmsweb.cern.ch/dbs/prod/phys03/DBSWriter', 'publishname2': 'DsTau3mu_test_MCRun4', 'jobtype': 'Analysis', 'generator': 'pythia', 'addoutputfiles': [], 'maxjobruntime': 1250, 'numcores': 1, 'maxmemory': 2000, 'priority': 10, 'nonprodsw': 1, 'asyncdest': 'T2_IT_Bari', 'requireaccelerator': 0, 'oneEventMode': 0, 'extrajdl': [], 'ignoreglobalblacklist': 1, 'partialdataset': 0, 'inputblocks': []}
DEBUG 2024-12-17 21:15:56.857 UTC: 	 submit() - jobconfig {'addoutputfiles': [], 'tfileoutfiles': ['TreeMC.root'], 'edmoutfiles': [], 'jobarch': 'slc7_amd64_gcc12', 'jobsw': 'CMSSW_14_0_17', 'inputdata': '/DSTau3Mu_14TeV_Pythia8/jschulte-Phase2Spring24DIGIRECOMiniAOD-PU200_140X_mcRun4_realistic_v4_MiniAODTest_v1-515bee752741ef71814a39d75a17d442/USER', 'cacheurl': 'https://cmsweb.cern.ch/S3/crabcache_prod', 'cachefilename': 'e96ee4bbe62cd2f796c530f15aadbe2a70daf5bc7e10d4ecfa03a880e7ea1d9e.tar.gz', 'debugfilename': '291271213f65f60525ae03cc190c7f8683795cd7bc925f208a80842021c96820.tar.gz', 'jobtype': 'Analysis'}
INFO 2024-12-17 21:15:56.857 UTC: 	 Sending the request to the server at cmsweb.cern.ch
DEBUG 2024-12-17 21:15:56.858 UTC: 	 Submitting {'dryrun': 0, 'workflow': 'crab_MCRun4_DsTau3Mu_private', 'saveoutput': 1, 'savelogsflag': 0, 'inputdata': '/DSTau3Mu_14TeV_Pythia8/jschulte-Phase2Spring24DIGIRECOMiniAOD-PU200_140X_mcRun4_realistic_v4_MiniAODTest_v1-515bee752741ef71814a39d75a17d442/USER', 'nonvaliddata': 0, 'userfiles': [], 'dbsurl': 'https://cmsweb.cern.ch/dbs/prod/phys03/DBSReader', 'useparent': 0, 'ignorelocality': 0, 'splitalgo': 'FileBased', 'algoargs': 100, 'totalunits': 0, 'lfn': '/store/user/fnenna/', 'publication': 1, 'publishdbsurl': 'https://cmsweb.cern.ch/dbs/prod/phys03/DBSWriter', 'publishname2': 'DsTau3mu_test_MCRun4', 'jobtype': 'Analysis', 'generator': 'pythia', 'addoutputfiles': [], 'maxjobruntime': 1250, 'numcores': 1, 'maxmemory': 2000, 'priority': 10, 'nonprodsw': 1, 'asyncdest': 'T2_IT_Bari', 'requireaccelerator': 0, 'oneEventMode': 0, 'extrajdl': [], 'ignoreglobalblacklist': 1, 'partialdataset': 0, 'inputblocks': [], 'tfileoutfiles': ['TreeMC.root'], 'edmoutfiles': [], 'jobarch': 'slc7_amd64_gcc12', 'jobsw': 'CMSSW_14_0_17', 'cacheurl': 'https://cmsweb.cern.ch/S3/crabcache_prod', 'cachefilename': 'e96ee4bbe62cd2f796c530f15aadbe2a70daf5bc7e10d4ecfa03a880e7ea1d9e.tar.gz', 'debugfilename': '291271213f65f60525ae03cc190c7f8683795cd7bc925f208a80842021c96820.tar.gz'} 
DEBUG 2024-12-17 21:15:56.858 UTC: 	 Encoded data for curl request: dryrun=0&workflow=crab_MCRun4_DsTau3Mu_private&saveoutput=1&savelogsflag=0&inputdata=%2FDSTau3Mu_14TeV_Pythia8%2Fjschulte-Phase2Spring24DIGIRECOMiniAOD-PU200_140X_mcRun4_realistic_v4_MiniAODTest_v1-515bee752741ef71814a39d75a17d442%2FUSER&nonvaliddata=0&dbsurl=https%3A%2F%2Fcmsweb.cern.ch%2Fdbs%2Fprod%2Fphys03%2FDBSReader&useparent=0&ignorelocality=0&splitalgo=FileBased&algoargs=100&totalunits=0&lfn=%2Fstore%2Fuser%2Ffnenna%2F&publication=1&publishdbsurl=https%3A%2F%2Fcmsweb.cern.ch%2Fdbs%2Fprod%2Fphys03%2FDBSWriter&publishname2=DsTau3mu_test_MCRun4&jobtype=Analysis&generator=pythia&maxjobruntime=1250&numcores=1&maxmemory=2000&priority=10&nonprodsw=1&asyncdest=T2_IT_Bari&requireaccelerator=0&oneEventMode=0&ignoreglobalblacklist=1&partialdataset=0&jobarch=slc7_amd64_gcc12&jobsw=CMSSW_14_0_17&cacheurl=https%3A%2F%2Fcmsweb.cern.ch%2FS3%2Fcrabcache_prod&cachefilename=e96ee4bbe62cd2f796c530f15aadbe2a70daf5bc7e10d4ecfa03a880e7ea1d9e.tar.gz&debugfilename=291271213f65f60525ae03cc190c7f8683795cd7bc925f208a80842021c96820.tar.gz&tfileoutfiles=TreeMC.root
DEBUG 2024-12-17 21:18:04.349 UTC: 	 Result: {'result': [{'RequestName': '241217_211804:fnenna_crab_MCRun4_DsTau3Mu_private'}]}
INFO 2024-12-17 21:18:04.350 UTC: 	 Success: Your task has been delivered to the prod CRAB3 server.
INFO 2024-12-17 21:18:04.350 UTC: 	 Task name: 241217_211804:fnenna_crab_MCRun4_DsTau3Mu_private
INFO 2024-12-17 21:18:04.350 UTC: 	 Project dir: crab_projects/crab_MCRun4_DsTau3Mu_private
INFO 2024-12-17 21:18:04.350 UTC: 	 Please use ' crab status -d crab_projects/crab_MCRun4_DsTau3Mu_private ' to check how the submission process proceeds.
DEBUG 2024-12-17 21:18:04.350 UTC: 	 About to return
INFO 2024-12-17 21:18:04.356 UTC: 	 Log file is /lustrehome/felicenenna/tau3mu/CMSSW_14_0_17/src/GenAnalyser/GenAnalyzer/CrabSubmission/crab_projects/crab_MCRun4_DsTau3Mu_private/crab.log
DEBUG 2024-12-17 21:18:49.041 UTC: 	 CRAB Client version: v3.241125
DEBUG 2024-12-17 21:18:49.041 UTC: 	 Running on: Linux ui02.recas.ba.infn.it 3.10.0-1160.80.1.el7.x86_64 #1 SMP Tue Nov 8 15:48:59 UTC 2022 x86_64 x86_64 x86_64 GNU/Linux
DEBUG 2024-12-17 21:18:49.041 UTC: 	 Not using Singularity
DEBUG 2024-12-17 21:18:49.041 UTC: 	 Operating System: CentOS Linux 7 (Core)
DEBUG 2024-12-17 21:18:49.041 UTC: 	 Executing command: 'status'
DEBUG 2024-12-17 21:18:49.043 UTC: 	 Found CRAB cache file /lustrehome/felicenenna/.crab3
DEBUG 2024-12-17 21:18:49.046 UTC: 	 Checking credentials
DEBUG 2024-12-17 21:18:49.046 UTC: 	 Found proxy file /tmp/x509up_u881416
DEBUG 2024-12-17 21:18:49.046 UTC: 	 Making sure it has proper VOMS extension
DEBUG 2024-12-17 21:18:49.046 UTC: 	 Executing command :
 voms-proxy-info --vo --file /tmp/x509up_u881416
DEBUG 2024-12-17 21:18:50.457 UTC: 	 output : cms

 error: 
 retcode : 0
DEBUG 2024-12-17 21:18:50.457 UTC: 	 Getting proxy life time left
DEBUG 2024-12-17 21:18:50.457 UTC: 	 Executing command :
 voms-proxy-info --actimeleft --timeleft --file /tmp/x509up_u881416
DEBUG 2024-12-17 21:18:51.387 UTC: 	 output : 661312
661312

 error: 
 retcode : 0
DEBUG 2024-12-17 21:18:51.388 UTC: 	 Proxy valid for 183:41:52 hours
DEBUG 2024-12-17 21:18:51.388 UTC: 	 Encoded data for curl request: subresource=delegatedn
DEBUG 2024-12-17 21:18:51.547 UTC: 	 Registering user credentials on myproxy for /DC=ch/DC=cern/OU=computers/CN=crab-(preprod|prod)-tw(01|02).cern.ch|/DC=ch/DC=cern/OU=computers/CN=crab-dev-tw(01|02|03|04).cern.ch|/DC=ch/DC=cern/OU=Organic Units/OU=Users/CN=cmscrab/CN=(817881|373708)/CN=Robot: cms crab|/DC=ch/DC=cern/OU=Organic Units/OU=Users/CN=crabint1/CN=373708/CN=Robot: CMS CRAB Integration 1
DEBUG 2024-12-17 21:18:51.548 UTC: 	 Executing command :
 voms-proxy-info --identity --file /tmp/x509up_u881416
DEBUG 2024-12-17 21:18:52.498 UTC: 	 output : /DC=ch/DC=cern/OU=Organic Units/OU=Users/CN=fnenna/CN=868185/CN=Felice Nenna

 error: 
 retcode : 0
DEBUG 2024-12-17 21:18:52.498 UTC: 	 Getting myproxy life time left for a133b326f2e83ec4c6fd8cd18786edfdbb69b415
DEBUG 2024-12-17 21:18:52.498 UTC: 	 Executing command :
 myproxy-info -s myproxy.cern.ch -l a133b326f2e83ec4c6fd8cd18786edfdbb69b415
DEBUG 2024-12-17 21:18:52.937 UTC: 	 output : username: a133b326f2e83ec4c6fd8cd18786edfdbb69b415
owner: /DC=ch/DC=cern/OU=Organic Units/OU=Users/CN=fnenna/CN=868185/CN=Felice Nenna
  renewal policy: /DC=ch/DC=cern/OU=computers/CN=crab-(preprod|prod)-tw(01|02).cern.ch|/DC=ch/DC=cern/OU=computers/CN=crab-dev-tw(01|02|03|04).cern.ch|/DC=ch/DC=cern/OU=Organic Units/OU=Users/CN=cmscrab/CN=(817881|373708)/CN=Robot: cms crab|/DC=ch/DC=cern/OU=Organic Units/OU=Users/CN=crabint1/CN=373708/CN=Robot: CMS CRAB Integration 1
  trusted retrieval policy: /DC=ch/DC=cern/OU=computers/CN=crab-(preprod|prod)-tw(01|02).cern.ch|/DC=ch/DC=cern/OU=computers/CN=crab-dev-tw(01|02|03|04).cern.ch|/DC=ch/DC=cern/OU=Organic Units/OU=Users/CN=cmscrab/CN=(817881|373708)/CN=Robot: cms crab|/DC=ch/DC=cern/OU=Organic Units/OU=Users/CN=crabint1/CN=373708/CN=Robot: CMS CRAB Integration 1
  timeleft: 565:26:55  (23.6 days)

 error: 
 retcode : 0
DEBUG 2024-12-17 21:18:52.937 UTC: 	 Myproxy is valid: 2035560
DEBUG 2024-12-17 21:18:52.937 UTC: 	 Result of myproxy credential check:
  Credential exists on myproxy: username: a133b326f2e83ec4c6fd8cd18786edfdbb69b415  - validity: 23 days, 13:26:00
DEBUG 2024-12-17 21:18:52.937 UTC: 	 Retrieving username ...
DEBUG 2024-12-17 21:18:52.937 UTC: 	 Retrieving username from CRIC...
DEBUG 2024-12-17 21:18:53.738 UTC: 	 username is fnenna
INFO 2024-12-17 21:18:55.918 UTC: 	 Rucio client intialized for account fnenna
DEBUG 2024-12-17 21:18:55.919 UTC: 	 Command use: status
DEBUG 2024-12-17 21:18:55.919 UTC: 	 Options use: ['-d', 'crab_projects/crab_MCRun4_DsTau3Mu_private']
DEBUG 2024-12-17 21:18:55.919 UTC: 	 Encoded data for curl request: subresource=version
DEBUG 2024-12-17 21:18:56.065 UTC: 	 CRABClient version: v3.241125
DEBUG 2024-12-17 21:18:56.065 UTC: 	 Instance is prod
DEBUG 2024-12-17 21:18:56.065 UTC: 	 Server base url is cmsweb.cern.ch
DEBUG 2024-12-17 21:18:56.066 UTC: 	 Command api workflow
DEBUG 2024-12-17 21:18:56.066 UTC: 	 Encoded data for curl request: subresource=search&workflow=241217_211804%3Afnenna_crab_MCRun4_DsTau3Mu_private
DEBUG 2024-12-17 21:18:56.222 UTC: 	 Got information from server oracle database: {'desc': {'columns': ['tm_taskname', 'tm_activity', 'tm_task_status', 'tm_task_command', 'tm_start_time', 'tm_start_injection', 'tm_end_injection', 'tm_task_failure', 'tm_job_sw', 'tm_job_arch', 'tm_input_dataset', 'tm_nonvalid_input_dataset', 'tm_use_parent', 'tm_site_whitelist', 'tm_site_blacklist', 'tm_split_algo', 'tm_split_args', 'tm_user_sandbox', 'tm_cache_url', 'tm_username', 'tm_user_dn', 'tm_user_vo', 'tm_user_role', 'tm_user_group', 'tm_publish_name', 'tm_publish_groupname', 'tm_asyncdest', 'tm_dbs_url', 'tm_publish_dbs_url', 'tm_publication', 'tm_outfiles', 'tm_tfile_outfiles', 'tm_edm_outfiles', 'tm_job_type', 'tm_generator', 'tm_events_per_lumi', 'tm_arguments', 'tm_save_logs', 'tw_name', 'tm_user_infiles', 'tm_maxjobruntime', 'tm_numcores', 'tm_maxmemory', 'tm_priority', 'tm_output_dataset', 'tm_task_warnings', 'tm_user_webdir', 'tm_scriptexe', 'tm_scriptargs', 'tm_extrajdl', 'tm_collector', 'tm_schedd', 'tm_dry_run', 'tm_user_files', 'tm_transfer_outputs', 'tm_output_lfn', 'tm_ignore_locality', 'tm_fail_limit', 'tm_one_event_mode', 'tm_secondary_input_dataset', 'tm_primary_dataset', 'tm_last_publication', 'tm_debug_files', 'clusterid', 'tm_ignore_global_blacklist', 'tm_submitter_ip_addr', 'tm_totalunits', 'tm_ddm_reqid', 'tm_user_config', 'tm_transfer_container', 'tm_transfer_rule', 'tm_publish_rule', 'tm_multipub_rule', 'tm_job_min_microarch']}, 'result': ['241217_211804:fnenna_crab_MCRun4_DsTau3Mu_private', 'None', 'HOLDING', 'SUBMIT', '2024-12-17 21:18:04.327855', 'None', 'None', 'None', 'CMSSW_14_0_17', 'slc7_amd64_gcc12', '/DSTau3Mu_14TeV_Pythia8/jschulte-Phase2Spring24DIGIRECOMiniAOD-PU200_140X_mcRun4_realistic_v4_MiniAODTest_v1-515bee752741ef71814a39d75a17d442/USER', 'F', '0', '[]', '[]', 'FileBased', "{'halt_job_on_file_boundaries': False, 'splitOnRun': False, 'files_per_job': 100, 'runs': [], 'lumis': []}", 'e96ee4bbe62cd2f796c530f15aadbe2a70daf5bc7e10d4ecfa03a880e7ea1d9e.tar.gz', 'https://cmsweb.cern.ch/S3/crabcache_prod', 'fnenna', '/DC=ch/DC=cern/OU=Organic Units/OU=Users/CN=fnenna/CN=868185/CN=Felice Nenna', 'cms', 'None', 'None', 'DsTau3mu_test_MCRun4-00000000000000000000000000000000', 'F', 'T2_IT_Bari', 'https://cmsweb.cern.ch/dbs/prod/phys03/DBSReader', 'https://cmsweb.cern.ch/dbs/prod/phys03/DBSWriter', 'T', '[]', "['TreeMC.root']", '[]', 'Analysis', 'pythia', 'None', '{}', 'F', 'crab-prod-tw02', '[]', '1250', '1', '2000', '10', 'None', '[]', 'None', 'None', '[]', '[]', 'cmsgwms-collector-global.cern.ch:9620,cmsgwms-collector-global.fnal.gov:9620', 'None', 'F', '[]', 'T', '/store/user/fnenna/', 'F', 'None', 'F', 'None', 'DSTau3Mu_14TeV_Pythia8', 'None', '291271213f65f60525ae03cc190c7f8683795cd7bc925f208a80842021c96820.tar.gz', 'None', 'T', '188.184.75.82', '0.0', 'None', '{"partialdataset": false, "requireaccelerator": false, "acceleratorparams": null, "inputblocks": null}', 'None', 'None', 'None', 'None', 'None']}
INFO 2024-12-17 21:18:56.223 UTC: 	 CRAB project directory:		/lustrehome/felicenenna/tau3mu/CMSSW_14_0_17/src/GenAnalyser/GenAnalyzer/CrabSubmission/crab_projects/crab_MCRun4_DsTau3Mu_private
INFO 2024-12-17 21:18:56.223 UTC: 	 Task name:			241217_211804:fnenna_crab_MCRun4_DsTau3Mu_private
INFO 2024-12-17 21:18:56.223 UTC: 	 Grid scheduler - Task Worker:	N/A yet - crab-prod-tw02
INFO 2024-12-17 21:18:56.223 UTC: 	 Status on the CRAB server:	HOLDING on command SUBMIT
INFO 2024-12-17 21:18:56.223 UTC: 	 Task URL to use for HELP:	https://cmsweb.cern.ch/crabserver/ui/task/241217_211804%3Afnenna_crab_MCRun4_DsTau3Mu_private
INFO 2024-12-17 21:18:56.238 UTC: 	 Dashboard monitoring URL:	https://monit-grafana.cern.ch/d/cmsTMDetail/cms-task-monitoring-task-view?orgId=11&var-user=fnenna&var-task=241217_211804%3Afnenna_crab_MCRun4_DsTau3Mu_private&from=1734466684000&to=now
DEBUG 2024-12-17 21:18:56.238 UTC: 	 The task has not been submitted to the Grid scheduler yet. Not printing job information.
INFO 2024-12-17 21:18:56.241 UTC: 	 Log file is /lustrehome/felicenenna/tau3mu/CMSSW_14_0_17/src/GenAnalyser/GenAnalyzer/CrabSubmission/crab_projects/crab_MCRun4_DsTau3Mu_private/crab.log
DEBUG 2024-12-17 21:21:36.198 UTC: 	 CRAB Client version: v3.241125
DEBUG 2024-12-17 21:21:36.199 UTC: 	 Running on: Linux ui02.recas.ba.infn.it 3.10.0-1160.80.1.el7.x86_64 #1 SMP Tue Nov 8 15:48:59 UTC 2022 x86_64 x86_64 x86_64 GNU/Linux
DEBUG 2024-12-17 21:21:36.199 UTC: 	 Not using Singularity
DEBUG 2024-12-17 21:21:36.199 UTC: 	 Operating System: CentOS Linux 7 (Core)
DEBUG 2024-12-17 21:21:36.199 UTC: 	 Executing command: 'status'
DEBUG 2024-12-17 21:21:36.199 UTC: 	 Found CRAB cache file /lustrehome/felicenenna/.crab3
DEBUG 2024-12-17 21:21:36.202 UTC: 	 Checking credentials
DEBUG 2024-12-17 21:21:36.202 UTC: 	 Found proxy file /tmp/x509up_u881416
DEBUG 2024-12-17 21:21:36.202 UTC: 	 Making sure it has proper VOMS extension
DEBUG 2024-12-17 21:21:36.202 UTC: 	 Executing command :
 voms-proxy-info --vo --file /tmp/x509up_u881416
DEBUG 2024-12-17 21:21:37.190 UTC: 	 output : cms

 error: 
 retcode : 0
DEBUG 2024-12-17 21:21:37.191 UTC: 	 Getting proxy life time left
DEBUG 2024-12-17 21:21:37.192 UTC: 	 Executing command :
 voms-proxy-info --actimeleft --timeleft --file /tmp/x509up_u881416
DEBUG 2024-12-17 21:21:38.151 UTC: 	 output : 661145
661145

 error: 
 retcode : 0
DEBUG 2024-12-17 21:21:38.151 UTC: 	 Proxy valid for 183:39:05 hours
DEBUG 2024-12-17 21:21:38.152 UTC: 	 Encoded data for curl request: subresource=delegatedn
DEBUG 2024-12-17 21:21:38.301 UTC: 	 Registering user credentials on myproxy for /DC=ch/DC=cern/OU=computers/CN=crab-(preprod|prod)-tw(01|02).cern.ch|/DC=ch/DC=cern/OU=computers/CN=crab-dev-tw(01|02|03|04).cern.ch|/DC=ch/DC=cern/OU=Organic Units/OU=Users/CN=cmscrab/CN=(817881|373708)/CN=Robot: cms crab|/DC=ch/DC=cern/OU=Organic Units/OU=Users/CN=crabint1/CN=373708/CN=Robot: CMS CRAB Integration 1
DEBUG 2024-12-17 21:21:38.301 UTC: 	 Executing command :
 voms-proxy-info --identity --file /tmp/x509up_u881416
DEBUG 2024-12-17 21:21:39.259 UTC: 	 output : /DC=ch/DC=cern/OU=Organic Units/OU=Users/CN=fnenna/CN=868185/CN=Felice Nenna

 error: 
 retcode : 0
DEBUG 2024-12-17 21:21:39.260 UTC: 	 Getting myproxy life time left for a133b326f2e83ec4c6fd8cd18786edfdbb69b415
DEBUG 2024-12-17 21:21:39.260 UTC: 	 Executing command :
 myproxy-info -s myproxy.cern.ch -l a133b326f2e83ec4c6fd8cd18786edfdbb69b415
DEBUG 2024-12-17 21:21:39.726 UTC: 	 output : username: a133b326f2e83ec4c6fd8cd18786edfdbb69b415
owner: /DC=ch/DC=cern/OU=Organic Units/OU=Users/CN=fnenna/CN=868185/CN=Felice Nenna
  renewal policy: /DC=ch/DC=cern/OU=computers/CN=crab-(preprod|prod)-tw(01|02).cern.ch|/DC=ch/DC=cern/OU=computers/CN=crab-dev-tw(01|02|03|04).cern.ch|/DC=ch/DC=cern/OU=Organic Units/OU=Users/CN=cmscrab/CN=(817881|373708)/CN=Robot: cms crab|/DC=ch/DC=cern/OU=Organic Units/OU=Users/CN=crabint1/CN=373708/CN=Robot: CMS CRAB Integration 1
  trusted retrieval policy: /DC=ch/DC=cern/OU=computers/CN=crab-(preprod|prod)-tw(01|02).cern.ch|/DC=ch/DC=cern/OU=computers/CN=crab-dev-tw(01|02|03|04).cern.ch|/DC=ch/DC=cern/OU=Organic Units/OU=Users/CN=cmscrab/CN=(817881|373708)/CN=Robot: cms crab|/DC=ch/DC=cern/OU=Organic Units/OU=Users/CN=crabint1/CN=373708/CN=Robot: CMS CRAB Integration 1
  timeleft: 565:24:08  (23.6 days)

 error: 
 retcode : 0
DEBUG 2024-12-17 21:21:39.726 UTC: 	 Myproxy is valid: 2035440
DEBUG 2024-12-17 21:21:39.727 UTC: 	 Result of myproxy credential check:
  Credential exists on myproxy: username: a133b326f2e83ec4c6fd8cd18786edfdbb69b415  - validity: 23 days, 13:24:00
DEBUG 2024-12-17 21:21:39.727 UTC: 	 Retrieving username ...
DEBUG 2024-12-17 21:21:39.727 UTC: 	 Retrieving username from CRIC...
DEBUG 2024-12-17 21:21:40.493 UTC: 	 username is fnenna
INFO 2024-12-17 21:21:41.902 UTC: 	 Rucio client intialized for account fnenna
DEBUG 2024-12-17 21:21:41.903 UTC: 	 Command use: status
DEBUG 2024-12-17 21:21:41.903 UTC: 	 Options use: ['-d', 'crab_projects/crab_MCRun4_DsTau3Mu_private']
DEBUG 2024-12-17 21:21:41.903 UTC: 	 Encoded data for curl request: subresource=version
DEBUG 2024-12-17 21:21:42.055 UTC: 	 CRABClient version: v3.241125
DEBUG 2024-12-17 21:21:42.055 UTC: 	 Instance is prod
DEBUG 2024-12-17 21:21:42.055 UTC: 	 Server base url is cmsweb.cern.ch
DEBUG 2024-12-17 21:21:42.055 UTC: 	 Command api workflow
DEBUG 2024-12-17 21:21:42.056 UTC: 	 Encoded data for curl request: subresource=search&workflow=241217_211804%3Afnenna_crab_MCRun4_DsTau3Mu_private
DEBUG 2024-12-17 21:21:42.219 UTC: 	 Got information from server oracle database: {'desc': {'columns': ['tm_taskname', 'tm_activity', 'tm_task_status', 'tm_task_command', 'tm_start_time', 'tm_start_injection', 'tm_end_injection', 'tm_task_failure', 'tm_job_sw', 'tm_job_arch', 'tm_input_dataset', 'tm_nonvalid_input_dataset', 'tm_use_parent', 'tm_site_whitelist', 'tm_site_blacklist', 'tm_split_algo', 'tm_split_args', 'tm_user_sandbox', 'tm_cache_url', 'tm_username', 'tm_user_dn', 'tm_user_vo', 'tm_user_role', 'tm_user_group', 'tm_publish_name', 'tm_publish_groupname', 'tm_asyncdest', 'tm_dbs_url', 'tm_publish_dbs_url', 'tm_publication', 'tm_outfiles', 'tm_tfile_outfiles', 'tm_edm_outfiles', 'tm_job_type', 'tm_generator', 'tm_events_per_lumi', 'tm_arguments', 'tm_save_logs', 'tw_name', 'tm_user_infiles', 'tm_maxjobruntime', 'tm_numcores', 'tm_maxmemory', 'tm_priority', 'tm_output_dataset', 'tm_task_warnings', 'tm_user_webdir', 'tm_scriptexe', 'tm_scriptargs', 'tm_extrajdl', 'tm_collector', 'tm_schedd', 'tm_dry_run', 'tm_user_files', 'tm_transfer_outputs', 'tm_output_lfn', 'tm_ignore_locality', 'tm_fail_limit', 'tm_one_event_mode', 'tm_secondary_input_dataset', 'tm_primary_dataset', 'tm_last_publication', 'tm_debug_files', 'clusterid', 'tm_ignore_global_blacklist', 'tm_submitter_ip_addr', 'tm_totalunits', 'tm_ddm_reqid', 'tm_user_config', 'tm_transfer_container', 'tm_transfer_rule', 'tm_publish_rule', 'tm_multipub_rule', 'tm_job_min_microarch']}, 'result': ['241217_211804:fnenna_crab_MCRun4_DsTau3Mu_private', 'None', 'SUBMITTED', 'SUBMIT', '2024-12-17 21:18:04.327855', 'None', '2024-12-17 21:19:44.308035', 'None', 'CMSSW_14_0_17', 'slc7_amd64_gcc12', '/DSTau3Mu_14TeV_Pythia8/jschulte-Phase2Spring24DIGIRECOMiniAOD-PU200_140X_mcRun4_realistic_v4_MiniAODTest_v1-515bee752741ef71814a39d75a17d442/USER', 'F', '0', '[]', '[]', 'FileBased', "{'halt_job_on_file_boundaries': False, 'splitOnRun': False, 'files_per_job': 100, 'runs': [], 'lumis': []}", 'e96ee4bbe62cd2f796c530f15aadbe2a70daf5bc7e10d4ecfa03a880e7ea1d9e.tar.gz', 'https://cmsweb.cern.ch/S3/crabcache_prod', 'fnenna', '/DC=ch/DC=cern/OU=Organic Units/OU=Users/CN=fnenna/CN=868185/CN=Felice Nenna', 'cms', 'None', 'None', 'DsTau3mu_test_MCRun4-00000000000000000000000000000000', 'F', 'T2_IT_Bari', 'https://cmsweb.cern.ch/dbs/prod/phys03/DBSReader', 'https://cmsweb.cern.ch/dbs/prod/phys03/DBSWriter', 'T', '[]', "['TreeMC.root']", '[]', 'Analysis', 'pythia', 'None', '{}', 'F', 'crab-prod-tw02', '[]', '1250', '1', '2000', '10', 'None', '[]', 'http://vocms0137.cern.ch/mon/fnenna/241217_211804:fnenna_crab_MCRun4_DsTau3Mu_private', 'None', '[]', '[]', 'cmsgwms-collector-global.cern.ch:9620,cmsgwms-collector-global.fnal.gov:9620', 'crab3@vocms0137.cern.ch', 'F', '[]', 'T', '/store/user/fnenna/', 'F', 'None', 'F', 'None', 'DSTau3Mu_14TeV_Pythia8', 'None', '291271213f65f60525ae03cc190c7f8683795cd7bc925f208a80842021c96820.tar.gz', '114180366', 'T', '188.184.75.82', '0.0', 'None', '{"partialdataset": false, "requireaccelerator": false, "acceleratorparams": null, "inputblocks": null}', 'None', 'None', 'None', 'None', 'None']}
INFO 2024-12-17 21:21:42.220 UTC: 	 CRAB project directory:		/lustrehome/felicenenna/tau3mu/CMSSW_14_0_17/src/GenAnalyser/GenAnalyzer/CrabSubmission/crab_projects/crab_MCRun4_DsTau3Mu_private
INFO 2024-12-17 21:21:42.220 UTC: 	 Task name:			241217_211804:fnenna_crab_MCRun4_DsTau3Mu_private
INFO 2024-12-17 21:21:42.220 UTC: 	 Grid scheduler - Task Worker:	crab3@vocms0137.cern.ch - crab-prod-tw02
INFO 2024-12-17 21:21:42.220 UTC: 	 Status on the CRAB server:	SUBMITTED
INFO 2024-12-17 21:21:42.220 UTC: 	 Task URL to use for HELP:	https://cmsweb.cern.ch/crabserver/ui/task/241217_211804%3Afnenna_crab_MCRun4_DsTau3Mu_private
INFO 2024-12-17 21:21:42.231 UTC: 	 Dashboard monitoring URL:	https://monit-grafana.cern.ch/d/cmsTMDetail/cms-task-monitoring-task-view?orgId=11&var-user=fnenna&var-task=241217_211804%3Afnenna_crab_MCRun4_DsTau3Mu_private&from=1734466684000&to=now
DEBUG 2024-12-17 21:21:42.231 UTC: 	 The CRAB server submitted your task to the Grid scheduler (cluster ID: 114180366)
DEBUG 2024-12-17 21:21:42.231 UTC: 	 Webdir is located at http://vocms0137.cern.ch/mon/fnenna/241217_211804:fnenna_crab_MCRun4_DsTau3Mu_private
DEBUG 2024-12-17 21:21:42.232 UTC: 	 Encoded data for curl request: subresource=webdirprx&workflow=241217_211804%3Afnenna_crab_MCRun4_DsTau3Mu_private
DEBUG 2024-12-17 21:21:42.378 UTC: 	 Proxied webdir is located at https://cmsweb.cern.ch:8443/scheddmon/0137/fnenna/241217_211804:fnenna_crab_MCRun4_DsTau3Mu_private
DEBUG 2024-12-17 21:21:42.378 UTC: 	 Retrieving 'status_cache' file from https://cmsweb.cern.ch:8443/scheddmon/0137/fnenna/241217_211804:fnenna_crab_MCRun4_DsTau3Mu_private/status_cache.pkl
DEBUG 2024-12-17 21:21:42.378 UTC: 	 Will execute:
curl -sS --capath /etc/grid-security/certificates --cert /tmp/x509up_u881416 --key /tmp/x509up_u881416 -o /tmp/crab_status-cache-829k51f6.pkl -w %"{http_code}" "https://cmsweb.cern.ch:8443/scheddmon/0137/fnenna/241217_211804:fnenna_crab_MCRun4_DsTau3Mu_private/status_cache.pkl"
DEBUG 2024-12-17 21:21:42.378 UTC: 	 Executing command :
 curl -sS --capath /etc/grid-security/certificates --cert /tmp/x509up_u881416 --key /tmp/x509up_u881416 -o /tmp/crab_status-cache-829k51f6.pkl -w %"{http_code}" "https://cmsweb.cern.ch:8443/scheddmon/0137/fnenna/241217_211804:fnenna_crab_MCRun4_DsTau3Mu_private/status_cache.pkl"
DEBUG 2024-12-17 21:21:42.524 UTC: 	 output : 200
 error: 
 retcode : 0
DEBUG 2024-12-17 21:21:42.524 UTC: 	 exitcode: 0
stdout: 200
stderr: 
error details: 
INFO 2024-12-17 21:21:42.525 UTC: 	 Task bootstrapped at 2024-12-17 21:20:46 UTC. 56 seconds ago
INFO 2024-12-17 21:21:42.525 UTC: 	 Status information will be available within a few minutes
INFO 2024-12-17 21:21:42.529 UTC: 	 Log file is /lustrehome/felicenenna/tau3mu/CMSSW_14_0_17/src/GenAnalyser/GenAnalyzer/CrabSubmission/crab_projects/crab_MCRun4_DsTau3Mu_private/crab.log
