000 (33979380.000.000) 2024-09-23 10:44:27 Job submitted from host: <90.147.169.224:9618?addrs=90.147.169.224-9618&alias=ettore.recas.ba.infn.it&noUDP&sock=schedd_7750_6f11>
...
001 (33979380.000.000) 2024-09-23 10:44:39 Job executing on host: <90.147.168.105:9618?addrs=90.147.168.105-9618&alias=wn-2-4-26-b.recas.ba.infn.it&noUDP&sock=startd_2723_547a>
...
006 (33979380.000.000) 2024-09-23 10:44:48 Image size of job updated: 234032
	5  -  MemoryUsage of job (MB)
	4564  -  ResidentSetSize of job (KB)
...
006 (33979380.000.000) 2024-09-23 10:48:47 Image size of job updated: 696868
	5  -  MemoryUsage of job (MB)
	4564  -  ResidentSetSize of job (KB)
...
005 (33979380.000.000) 2024-09-23 10:48:47 Job terminated.
	(1) Normal termination (return value 0)
		Usr 0 00:02:11, Sys 0 00:00:05  -  Run Remote Usage
		Usr 0 00:00:00, Sys 0 00:00:00  -  Run Local Usage
		Usr 0 00:02:11, Sys 0 00:00:05  -  Total Remote Usage
		Usr 0 00:00:00, Sys 0 00:00:00  -  Total Local Usage
	0  -  Run Bytes Sent By Job
	0  -  Run Bytes Received By Job
	0  -  Total Bytes Sent By Job
	0  -  Total Bytes Received By Job
	Partitionable Resources :    Usage  Request Allocated 
	   Cpus                 :     0.09        1         1 
	   Disk (KB)            :     2           2    581459 
	   Memory (MB)          :     5         500       512 

	Job terminated of its own accord at 2024-09-23T08:48:47Z.
...
