000 (33979375.000.000) 2024-09-23 10:44:26 Job submitted from host: <90.147.169.224:9618?addrs=90.147.169.224-9618&alias=ettore.recas.ba.infn.it&noUDP&sock=schedd_7750_6f11>
...
001 (33979375.000.000) 2024-09-23 10:44:39 Job executing on host: <90.147.168.9:9618?addrs=90.147.168.9-9618&alias=wn-infn-3-4-33.recas.ba.infn.it&noUDP&sock=startd_2593_292a>
...
006 (33979375.000.000) 2024-09-23 10:44:48 Image size of job updated: 257156
	178  -  MemoryUsage of job (MB)
	181676  -  ResidentSetSize of job (KB)
...
006 (33979375.000.000) 2024-09-23 10:49:22 Image size of job updated: 697728
	178  -  MemoryUsage of job (MB)
	181800  -  ResidentSetSize of job (KB)
...
005 (33979375.000.000) 2024-09-23 10:49:22 Job terminated.
	(1) Normal termination (return value 0)
		Usr 0 00:02:40, Sys 0 00:00:08  -  Run Remote Usage
		Usr 0 00:00:00, Sys 0 00:00:00  -  Run Local Usage
		Usr 0 00:02:40, Sys 0 00:00:08  -  Total Remote Usage
		Usr 0 00:00:00, Sys 0 00:00:00  -  Total Local Usage
	0  -  Run Bytes Sent By Job
	0  -  Run Bytes Received By Job
	0  -  Total Bytes Sent By Job
	0  -  Total Bytes Received By Job
	Partitionable Resources :    Usage  Request Allocated 
	   Cpus                 :     0.70        1         1 
	   Disk (KB)            :     2           2   1818854 
	   Memory (MB)          :   178         500       512 

	Job terminated of its own accord at 2024-09-23T08:49:22Z.
...
