000 (33979381.000.000) 2024-09-23 10:44:27 Job submitted from host: <90.147.169.224:9618?addrs=90.147.169.224-9618&alias=ettore.recas.ba.infn.it&noUDP&sock=schedd_7750_6f11>
...
001 (33979381.000.000) 2024-09-23 10:44:39 Job executing on host: <90.147.168.178:9618?addrs=90.147.168.178-9618&alias=wn-infn-3-7-29.recas.ba.infn.it&noUDP&sock=startd_2618_4f08>
...
006 (33979381.000.000) 2024-09-23 10:44:48 Image size of job updated: 142164
	133  -  MemoryUsage of job (MB)
	135784  -  ResidentSetSize of job (KB)
...
006 (33979381.000.000) 2024-09-23 10:49:48 Image size of job updated: 698392
	133  -  MemoryUsage of job (MB)
	135944  -  ResidentSetSize of job (KB)
...
005 (33979381.000.000) 2024-09-23 10:49:49 Job terminated.
	(1) Normal termination (return value 0)
		Usr 0 00:02:58, Sys 0 00:00:08  -  Run Remote Usage
		Usr 0 00:00:00, Sys 0 00:00:00  -  Run Local Usage
		Usr 0 00:02:58, Sys 0 00:00:08  -  Total Remote Usage
		Usr 0 00:00:00, Sys 0 00:00:00  -  Total Local Usage
	0  -  Run Bytes Sent By Job
	0  -  Run Bytes Received By Job
	0  -  Total Bytes Sent By Job
	0  -  Total Bytes Received By Job
	Partitionable Resources :    Usage  Request Allocated 
	   Cpus                 :     0.69        1         1 
	   Disk (KB)            :     2           2   1824948 
	   Memory (MB)          :   133         500       512 

	Job terminated of its own accord at 2024-09-23T08:49:49Z.
...
