000 (33979262.000.000) 2024-09-23 10:42:10 Job submitted from host: <90.147.169.224:9618?addrs=90.147.169.224-9618&alias=ettore.recas.ba.infn.it&noUDP&sock=schedd_7750_6f11>
...
001 (33979262.000.000) 2024-09-23 10:42:28 Job executing on host: <90.147.169.15:9618?addrs=90.147.169.15-9618&alias=wn-8-6-23.recas.ba.infn.it&noUDP&sock=startd_3068_f8a6>
...
006 (33979262.000.000) 2024-09-23 10:42:37 Image size of job updated: 42624
	12  -  MemoryUsage of job (MB)
	11632  -  ResidentSetSize of job (KB)
...
006 (33979262.000.000) 2024-09-23 10:45:42 Image size of job updated: 697052
	12  -  MemoryUsage of job (MB)
	11632  -  ResidentSetSize of job (KB)
...
005 (33979262.000.000) 2024-09-23 10:45:42 Job terminated.
	(1) Normal termination (return value 0)
		Usr 0 00:01:21, Sys 0 00:00:03  -  Run Remote Usage
		Usr 0 00:00:00, Sys 0 00:00:00  -  Run Local Usage
		Usr 0 00:01:21, Sys 0 00:00:03  -  Total Remote Usage
		Usr 0 00:00:00, Sys 0 00:00:00  -  Total Local Usage
	0  -  Run Bytes Sent By Job
	0  -  Run Bytes Received By Job
	0  -  Total Bytes Sent By Job
	0  -  Total Bytes Received By Job
	Partitionable Resources :    Usage  Request Allocated 
	   Cpus                 :     0.54        1         1 
	   Disk (KB)            :     2           2    419696 
	   Memory (MB)          :    12         500       512 

	Job terminated of its own accord at 2024-09-23T08:45:42Z.
...
