000 (33979350.000.000) 2024-09-23 10:44:05 Job submitted from host: <90.147.169.224:9618?addrs=90.147.169.224-9618&alias=ettore.recas.ba.infn.it&noUDP&sock=schedd_7750_6f11>
...
001 (33979350.000.000) 2024-09-23 10:44:14 Job executing on host: <90.147.169.52:9618?addrs=90.147.169.52-9618&alias=wn-8-7-10.recas.ba.infn.it&noUDP&sock=startd_3170_ef4f>
...
006 (33979350.000.000) 2024-09-23 10:44:23 Image size of job updated: 294852
	11  -  MemoryUsage of job (MB)
	10532  -  ResidentSetSize of job (KB)
...
006 (33979350.000.000) 2024-09-23 10:44:47 Image size of job updated: 696004
	11  -  MemoryUsage of job (MB)
	10532  -  ResidentSetSize of job (KB)
...
005 (33979350.000.000) 2024-09-23 10:44:47 Job terminated.
	(1) Normal termination (return value 0)
		Usr 0 00:00:12, Sys 0 00:00:01  -  Run Remote Usage
		Usr 0 00:00:00, Sys 0 00:00:00  -  Run Local Usage
		Usr 0 00:00:12, Sys 0 00:00:01  -  Total Remote Usage
		Usr 0 00:00:00, Sys 0 00:00:00  -  Total Local Usage
	0  -  Run Bytes Sent By Job
	0  -  Run Bytes Received By Job
	0  -  Total Bytes Sent By Job
	0  -  Total Bytes Received By Job
	Partitionable Resources :    Usage  Request Allocated 
	   Cpus                 :     0.81        1         1 
	   Disk (KB)            :     2           2    419696 
	   Memory (MB)          :    11         500       512 

	Job terminated of its own accord at 2024-09-23T08:44:47Z.
...
