000 (33979346.000.000) 2024-09-23 10:44:04 Job submitted from host: <90.147.169.224:9618?addrs=90.147.169.224-9618&alias=ettore.recas.ba.infn.it&noUDP&sock=schedd_7750_6f11>
...
001 (33979346.000.000) 2024-09-23 10:44:14 Job executing on host: <90.147.169.90:9618?addrs=90.147.169.90-9618&alias=wn-7-9-5.recas.ba.infn.it&noUDP&sock=startd_3192_0664>
...
006 (33979346.000.000) 2024-09-23 10:44:22 Image size of job updated: 150088
	55  -  MemoryUsage of job (MB)
	55848  -  ResidentSetSize of job (KB)
...
006 (33979346.000.000) 2024-09-23 10:48:22 Image size of job updated: 697084
	55  -  MemoryUsage of job (MB)
	55848  -  ResidentSetSize of job (KB)
...
005 (33979346.000.000) 2024-09-23 10:48:22 Job terminated.
	(1) Normal termination (return value 0)
		Usr 0 00:01:44, Sys 0 00:00:04  -  Run Remote Usage
		Usr 0 00:00:00, Sys 0 00:00:00  -  Run Local Usage
		Usr 0 00:01:44, Sys 0 00:00:04  -  Total Remote Usage
		Usr 0 00:00:00, Sys 0 00:00:00  -  Total Local Usage
	0  -  Run Bytes Sent By Job
	0  -  Run Bytes Received By Job
	0  -  Total Bytes Sent By Job
	0  -  Total Bytes Received By Job
	Partitionable Resources :    Usage  Request Allocated 
	   Cpus                 :                 1         1 
	   Disk (KB)            :        2        2    419696 
	   Memory (MB)          :       55      500       512 

	Job terminated of its own accord at 2024-09-23T08:48:22Z.
...
