000 (33979349.000.000) 2024-09-23 10:44:04 Job submitted from host: <90.147.169.224:9618?addrs=90.147.169.224-9618&alias=ettore.recas.ba.infn.it&noUDP&sock=schedd_7750_6f11>
...
001 (33979349.000.000) 2024-09-23 10:44:14 Job executing on host: <90.147.169.181:9618?addrs=90.147.169.181-9618&alias=wn-8-6-5.recas.ba.infn.it&noUDP&sock=startd_3019_5c82>
...
006 (33979349.000.000) 2024-09-23 10:44:23 Image size of job updated: 251952
	1  -  MemoryUsage of job (MB)
	884  -  ResidentSetSize of job (KB)
...
006 (33979349.000.000) 2024-09-23 10:48:56 Image size of job updated: 700332
	1  -  MemoryUsage of job (MB)
	884  -  ResidentSetSize of job (KB)
...
005 (33979349.000.000) 2024-09-23 10:48:56 Job terminated.
	(1) Normal termination (return value 0)
		Usr 0 00:01:43, Sys 0 00:00:04  -  Run Remote Usage
		Usr 0 00:00:00, Sys 0 00:00:00  -  Run Local Usage
		Usr 0 00:01:43, Sys 0 00:00:04  -  Total Remote Usage
		Usr 0 00:00:00, Sys 0 00:00:00  -  Total Local Usage
	0  -  Run Bytes Sent By Job
	0  -  Run Bytes Received By Job
	0  -  Total Bytes Sent By Job
	0  -  Total Bytes Received By Job
	Partitionable Resources :    Usage  Request Allocated 
	   Cpus                 :     0.42        1         1 
	   Disk (KB)            :     2           2    419696 
	   Memory (MB)          :     1         500       512 

	Job terminated of its own accord at 2024-09-23T08:48:56Z.
...
