000 (33979344.000.000) 2024-09-23 10:44:04 Job submitted from host: <90.147.169.224:9618?addrs=90.147.169.224-9618&alias=ettore.recas.ba.infn.it&noUDP&sock=schedd_7750_6f11>
...
001 (33979344.000.000) 2024-09-23 10:44:14 Job executing on host: <90.147.169.88:9618?addrs=90.147.169.88-9618&alias=wn-7-9-4.recas.ba.infn.it&noUDP&sock=startd_3071_076f>
...
006 (33979344.000.000) 2024-09-23 10:44:23 Image size of job updated: 172652
	21  -  MemoryUsage of job (MB)
	20940  -  ResidentSetSize of job (KB)
...
006 (33979344.000.000) 2024-09-23 10:48:41 Image size of job updated: 697456
	21  -  MemoryUsage of job (MB)
	20940  -  ResidentSetSize of job (KB)
...
005 (33979344.000.000) 2024-09-23 10:48:41 Job terminated.
	(1) Normal termination (return value 0)
		Usr 0 00:01:35, Sys 0 00:00:04  -  Run Remote Usage
		Usr 0 00:00:00, Sys 0 00:00:00  -  Run Local Usage
		Usr 0 00:01:35, Sys 0 00:00:04  -  Total Remote Usage
		Usr 0 00:00:00, Sys 0 00:00:00  -  Total Local Usage
	0  -  Run Bytes Sent By Job
	0  -  Run Bytes Received By Job
	0  -  Total Bytes Sent By Job
	0  -  Total Bytes Received By Job
	Partitionable Resources :    Usage  Request Allocated 
	   Cpus                 :     0.40        1         1 
	   Disk (KB)            :     2           2    419696 
	   Memory (MB)          :    21         500       512 

	Job terminated of its own accord at 2024-09-23T08:48:41Z.
...
